2017-01-25 22:53:44,842 generate-graphs, line 479 INFO Experiment# 1
2017-01-25 22:53:44,842 generate-graphs, line 481 INFO dim 8
2017-01-25 22:53:44,898 generate-graphs, line 127 INFO ### Graph generation started ==>
2017-01-25 22:53:44,924 generate-graphs, line 174 INFO ### Graph generation ended ==<
2017-01-25 22:53:44,924 generate-graphs, line 91 INFO Degree sequence [3, 3, 3, 3, 3, 3, 3, 3, 3, 3, 3, 3, 3, 3, 3, 3, 3, 3, 3, 3, 3, 3, 3, 3, 3, 3, 3, 3, 3, 3, 3, 3, 3, 3, 3, 3, 3, 3, 3, 3, 3, 3, 3, 3, 3, 3, 3, 3, 3, 3, 3, 3, 3, 3, 3, 3, 3, 3, 3, 3, 3, 3, 3, 3, 3, 3, 3, 3, 3, 3, 3, 3, 3, 3, 3, 3, 3, 3, 3, 3, 3, 3, 3, 3, 3, 3, 3, 3, 3, 3, 3, 3, 3, 3, 3, 3]
2017-01-25 22:53:44,924 generate-graphs, line 92 INFO Degree histogram
2017-01-25 22:53:44,924 generate-graphs, line 99 INFO degree #nodes
2017-01-25 22:53:44,925 generate-graphs, line 101 INFO 3 96
2017-01-25 22:53:44,925 generate-graphs, line 184 INFO ### Labels setting started ==>
2017-01-25 22:53:44,925 generate-graphs, line 230 INFO {('Gailborough', 'East Margaret'): 'R', ('Gailborough', 'South Coreytown'): 'O', ('Gailborough', 'East Wanda'): 'L'}
2017-01-25 22:53:44,925 generate-graphs, line 231 INFO {}
2017-01-25 22:53:44,925 generate-graphs, line 230 INFO {('East Ericton', 'Port Williamchester'): 'L', ('East Ericton', 'Lake Desiree'): 'R', ('East Ericton', 'East David'): 'O'}
2017-01-25 22:53:44,925 generate-graphs, line 231 INFO {}
2017-01-25 22:53:44,925 generate-graphs, line 230 INFO {('Madelinefort', 'North Jared'): 'O', ('Madelinefort', 'Debraburgh'): 'R', ('Madelinefort', 'Lake Kelsey'): 'L'}
2017-01-25 22:53:44,925 generate-graphs, line 231 INFO {}
2017-01-25 22:53:44,925 generate-graphs, line 230 INFO {('East Wanda', 'South Michaelbury'): 'O', ('East Wanda', 'Port Michael'): 'R', ('East Wanda', 'Gailborough'): 'L'}
2017-01-25 22:53:44,926 generate-graphs, line 231 INFO {}
2017-01-25 22:53:44,926 generate-graphs, line 230 INFO {('New Kimberly', 'Jonathanport'): 'O', ('New Kimberly', 'Migueltown'): 'L', ('New Kimberly', 'South Davidstad'): 'R'}
2017-01-25 22:53:44,926 generate-graphs, line 231 INFO {}
2017-01-25 22:53:44,926 generate-graphs, line 230 INFO {('Debraburgh', 'Madelinefort'): 'O', ('Debraburgh', 'Jenniferfort'): 'R', ('Debraburgh', 'New Katherinefort'): 'L'}
2017-01-25 22:53:44,926 generate-graphs, line 231 INFO {}
2017-01-25 22:53:44,926 generate-graphs, line 230 INFO {('Ryanview', 'New Anthony'): 'L', ('Ryanview', 'Bonillaborough'): 'R', ('Ryanview', 'South Michaelbury'): 'O'}
2017-01-25 22:53:44,926 generate-graphs, line 231 INFO {}
2017-01-25 22:53:44,926 generate-graphs, line 230 INFO {('New Brandonstad', 'North Jared'): 'R', ('New Brandonstad', 'Henrychester'): 'L', ('New Brandonstad', 'Brownstad'): 'O'}
2017-01-25 22:53:44,926 generate-graphs, line 231 INFO {}
2017-01-25 22:53:44,926 generate-graphs, line 230 INFO {('South Davidstad', 'New John'): 'R', ('South Davidstad', 'Deanhaven'): 'L', ('South Davidstad', 'New Kimberly'): 'O'}
2017-01-25 22:53:44,927 generate-graphs, line 231 INFO {}
2017-01-25 22:53:44,927 generate-graphs, line 230 INFO {('Port Lisa', 'Alexanderton'): 'L', ('Port Lisa', 'North Felicia'): 'R', ('Port Lisa', 'West Brianton'): 'O'}
2017-01-25 22:53:44,927 generate-graphs, line 231 INFO {}
2017-01-25 22:53:44,927 generate-graphs, line 230 INFO {('Deborahville', 'Port Michael'): 'R', ('Deborahville', 'Port Heather'): 'L', ('Deborahville', 'East Gregoryberg'): 'O'}
2017-01-25 22:53:44,927 generate-graphs, line 231 INFO {}
2017-01-25 22:53:44,927 generate-graphs, line 230 INFO {('Saraport', 'New Anthony'): 'R', ('Saraport', 'West Jasonborough'): 'O', ('Saraport', 'New Jeffreybury'): 'L'}
2017-01-25 22:53:44,927 generate-graphs, line 231 INFO {}
2017-01-25 22:53:44,927 generate-graphs, line 230 INFO {('Lake Valerie', 'Waynestad'): 'L', ('Lake Valerie', 'East Stephanie'): 'O', ('Lake Valerie', 'West Kayla'): 'R'}
2017-01-25 22:53:44,927 generate-graphs, line 231 INFO {}
2017-01-25 22:53:44,927 generate-graphs, line 230 INFO {('North Felicia', 'Kristiland'): 'O', ('North Felicia', 'Port Lisa'): 'R', ('North Felicia', 'Port Natasha'): 'L'}
2017-01-25 22:53:44,928 generate-graphs, line 231 INFO {}
2017-01-25 22:53:44,928 generate-graphs, line 230 INFO {('Port Lindsey', 'West Brandon'): 'R', ('Port Lindsey', 'East Rhonda'): 'O', ('Port Lindsey', 'Angelaland'): 'L'}
2017-01-25 22:53:44,928 generate-graphs, line 231 INFO {}
2017-01-25 22:53:44,928 generate-graphs, line 230 INFO {('North Philip', 'Lake Geraldfurt'): 'R', ('North Philip', 'Port Michael'): 'L', ('North Philip', 'East Rebecca'): 'O'}
2017-01-25 22:53:44,928 generate-graphs, line 231 INFO {}
2017-01-25 22:53:44,928 generate-graphs, line 230 INFO {('Clarkview', 'West Jasonborough'): 'O', ('Clarkview', 'Port Tristanville'): 'R', ('Clarkview', 'New Jason'): 'L'}
2017-01-25 22:53:44,928 generate-graphs, line 231 INFO {}
2017-01-25 22:53:44,928 generate-graphs, line 230 INFO {('Lake Mario', 'New Katherinefort'): 'R', ('Lake Mario', 'New Elizabeth'): 'L', ('Lake Mario', 'East Paul'): 'O'}
2017-01-25 22:53:44,928 generate-graphs, line 231 INFO {}
2017-01-25 22:53:44,928 generate-graphs, line 230 INFO {('Port Williamchester', 'East Ericton'): 'O', ('Port Williamchester', 'East David'): 'L', ('Port Williamchester', 'Hernandezside'): 'R'}
2017-01-25 22:53:44,929 generate-graphs, line 231 INFO {}
2017-01-25 22:53:44,929 generate-graphs, line 230 INFO {('Laurenmouth', 'Mckaymouth'): 'R', ('Laurenmouth', 'Lake Geraldfurt'): 'O', ('Laurenmouth', 'Jenniferfort'): 'L'}
2017-01-25 22:53:44,929 generate-graphs, line 231 INFO {}
2017-01-25 22:53:44,929 generate-graphs, line 230 INFO {('Deanhaven', 'South Davidstad'): 'R', ('Deanhaven', 'West Kayla'): 'O', ('Deanhaven', 'East Stephanie'): 'L'}
2017-01-25 22:53:44,929 generate-graphs, line 231 INFO {}
2017-01-25 22:53:44,929 generate-graphs, line 230 INFO {('Lake Desiree', 'Taylorburgh'): 'L', ('Lake Desiree', 'Monicaview'): 'R', ('Lake Desiree', 'East Ericton'): 'O'}
2017-01-25 22:53:44,929 generate-graphs, line 231 INFO {}
2017-01-25 22:53:44,929 generate-graphs, line 230 INFO {('Jonathanport', 'Waynestad'): 'L', ('Jonathanport', 'New Kimberly'): 'R', ('Jonathanport', 'West Brandon'): 'O'}
2017-01-25 22:53:44,929 generate-graphs, line 231 INFO {}
2017-01-25 22:53:44,929 generate-graphs, line 230 INFO {('New Stevenbury', 'Port Heather'): 'L', ('New Stevenbury', 'New Jason'): 'O', ('New Stevenbury', 'Wellsport'): 'R'}
2017-01-25 22:53:44,930 generate-graphs, line 231 INFO {}
2017-01-25 22:53:44,930 generate-graphs, line 230 INFO {('West Davidfort', 'Adamsfurt'): 'R', ('West Davidfort', 'Henrychester'): 'L', ('West Davidfort', 'Emilyfort'): 'O'}
2017-01-25 22:53:44,930 generate-graphs, line 231 INFO {}
2017-01-25 22:53:44,930 generate-graphs, line 230 INFO {('South Christine', 'South Sara'): 'O', ('South Christine', 'Natalieburgh'): 'R', ('South Christine', 'Migueltown'): 'L'}
2017-01-25 22:53:44,930 generate-graphs, line 231 INFO {}
2017-01-25 22:53:44,930 generate-graphs, line 230 INFO {('Hernandezland', 'Monicaview'): 'O', ('Hernandezland', 'South Tiffany'): 'R', ('Hernandezland', 'East Gregoryberg'): 'L'}
2017-01-25 22:53:44,930 generate-graphs, line 231 INFO {}
2017-01-25 22:53:44,930 generate-graphs, line 230 INFO {('Brownstad', 'Banksberg'): 'R', ('Brownstad', 'New Brandonstad'): 'O', ('Brownstad', 'Lake Amanda'): 'L'}
2017-01-25 22:53:44,930 generate-graphs, line 231 INFO {}
2017-01-25 22:53:44,930 generate-graphs, line 230 INFO {('Lake Kelsey', 'Madelinefort'): 'O', ('Lake Kelsey', 'Lake Geraldfurt'): 'R', ('Lake Kelsey', 'South Sara'): 'L'}
2017-01-25 22:53:44,930 generate-graphs, line 231 INFO {}
2017-01-25 22:53:44,931 generate-graphs, line 230 INFO {('South Coreytown', 'Gailborough'): 'R', ('South Coreytown', 'East Rhonda'): 'L', ('South Coreytown', 'Monicaview'): 'O'}
2017-01-25 22:53:44,931 generate-graphs, line 231 INFO {}
2017-01-25 22:53:44,931 generate-graphs, line 230 INFO {('Lake Geraldfurt', 'Laurenmouth'): 'L', ('Lake Geraldfurt', 'North Philip'): 'R', ('Lake Geraldfurt', 'Lake Kelsey'): 'O'}
2017-01-25 22:53:44,931 generate-graphs, line 231 INFO {}
2017-01-25 22:53:44,931 generate-graphs, line 230 INFO {('East Rhonda', 'Port Lindsey'): 'L', ('East Rhonda', 'Taylorburgh'): 'O', ('East Rhonda', 'South Coreytown'): 'R'}
2017-01-25 22:53:44,931 generate-graphs, line 231 INFO {}
2017-01-25 22:53:44,931 generate-graphs, line 230 INFO {('East Rebecca', 'North Philip'): 'R', ('East Rebecca', 'East Margaret'): 'L', ('East Rebecca', 'Angelaland'): 'O'}
2017-01-25 22:53:44,931 generate-graphs, line 231 INFO {}
2017-01-25 22:53:44,931 generate-graphs, line 230 INFO {('South Sara', 'South Christine'): 'L', ('South Sara', 'East Paul'): 'O', ('South Sara', 'Lake Kelsey'): 'R'}
2017-01-25 22:53:44,932 generate-graphs, line 231 INFO {}
2017-01-25 22:53:44,932 generate-graphs, line 230 INFO {('Emilyfort', 'Lake Nina'): 'L', ('Emilyfort', 'Port Natasha'): 'R', ('Emilyfort', 'West Davidfort'): 'O'}
2017-01-25 22:53:44,932 generate-graphs, line 231 INFO {}
2017-01-25 22:53:44,932 generate-graphs, line 230 INFO {('Mckaymouth', 'New Anthony'): 'O', ('Mckaymouth', 'Laurenmouth'): 'R', ('Mckaymouth', 'Henrychester'): 'L'}
2017-01-25 22:53:44,932 generate-graphs, line 231 INFO {}
2017-01-25 22:53:44,932 generate-graphs, line 230 INFO {('Kristiland', 'Banksberg'): 'O', ('Kristiland', 'North Felicia'): 'R', ('Kristiland', 'Birdborough'): 'L'}
2017-01-25 22:53:44,932 generate-graphs, line 231 INFO {}
2017-01-25 22:53:44,932 generate-graphs, line 230 INFO {('Reyesshire', 'East Melanie'): 'O', ('Reyesshire', 'Belindaview'): 'R', ('Reyesshire', 'East Jamesville'): 'L'}
2017-01-25 22:53:44,932 generate-graphs, line 231 INFO {}
2017-01-25 22:53:44,932 generate-graphs, line 230 INFO {('East Jamesville', 'Michellefurt'): 'L', ('East Jamesville', 'West Stevenburgh'): 'O', ('East Jamesville', 'Reyesshire'): 'R'}
2017-01-25 22:53:44,932 generate-graphs, line 231 INFO {}
2017-01-25 22:53:44,933 generate-graphs, line 230 INFO {('Lake Amanda', 'Brownstad'): 'O', ('Lake Amanda', 'Francisville'): 'R', ('Lake Amanda', 'New Katherinefort'): 'L'}
2017-01-25 22:53:44,933 generate-graphs, line 231 INFO {}
2017-01-25 22:53:44,933 generate-graphs, line 230 INFO {('Banksberg', 'Kristiland'): 'L', ('Banksberg', 'Brownstad'): 'O', ('Banksberg', 'Bryantfurt'): 'R'}
2017-01-25 22:53:44,933 generate-graphs, line 231 INFO {}
2017-01-25 22:53:44,933 generate-graphs, line 230 INFO {('New Katherinefort', 'Lake Mario'): 'R', ('New Katherinefort', 'Lake Amanda'): 'O', ('New Katherinefort', 'Debraburgh'): 'L'}
2017-01-25 22:53:44,933 generate-graphs, line 231 INFO {}
2017-01-25 22:53:44,933 generate-graphs, line 230 INFO {('Alexanderton', 'Adamsfurt'): 'O', ('Alexanderton', 'Port Lisa'): 'L', ('Alexanderton', 'Port Kristinemouth'): 'R'}
2017-01-25 22:53:44,933 generate-graphs, line 231 INFO {}
2017-01-25 22:53:44,933 generate-graphs, line 230 INFO {('Johnsonmouth', 'West Robertside'): 'L', ('Johnsonmouth', 'Lake Nina'): 'R', ('Johnsonmouth', 'Port Tristanville'): 'O'}
2017-01-25 22:53:44,933 generate-graphs, line 231 INFO {}
2017-01-25 22:53:44,934 generate-graphs, line 230 INFO {('Michellefurt', 'East Jamesville'): 'R', ('Michellefurt', 'Hallfort'): 'L', ('Michellefurt', 'West Brianton'): 'O'}
2017-01-25 22:53:44,934 generate-graphs, line 231 INFO {}
2017-01-25 22:53:44,934 generate-graphs, line 230 INFO {('Migueltown', 'Angelaland'): 'R', ('Migueltown', 'New Kimberly'): 'L', ('Migueltown', 'South Christine'): 'O'}
2017-01-25 22:53:44,934 generate-graphs, line 231 INFO {}
2017-01-25 22:53:44,934 generate-graphs, line 230 INFO {('Lake Dan', 'Grayside'): 'L', ('Lake Dan', 'East Paul'): 'R', ('Lake Dan', 'New John'): 'O'}
2017-01-25 22:53:44,934 generate-graphs, line 231 INFO {}
2017-01-25 22:53:44,934 generate-graphs, line 230 INFO {('North Jared', 'Port Kristinemouth'): 'O', ('North Jared', 'Madelinefort'): 'R', ('North Jared', 'New Brandonstad'): 'L'}
2017-01-25 22:53:44,934 generate-graphs, line 231 INFO {}
2017-01-25 22:53:44,934 generate-graphs, line 230 INFO {('South Michaelbury', 'East Wanda'): 'O', ('South Michaelbury', 'Jenniferfort'): 'L', ('South Michaelbury', 'Ryanview'): 'R'}
2017-01-25 22:53:44,934 generate-graphs, line 231 INFO {}
2017-01-25 22:53:44,935 generate-graphs, line 230 INFO {('Emilyberg', 'Grayside'): 'R', ('Emilyberg', 'Weaverberg'): 'L', ('Emilyberg', 'Timothyfort'): 'O'}
2017-01-25 22:53:44,935 generate-graphs, line 231 INFO {}
2017-01-25 22:53:44,935 generate-graphs, line 230 INFO {('Port Michael', 'East Wanda'): 'L', ('Port Michael', 'North Philip'): 'O', ('Port Michael', 'Deborahville'): 'R'}
2017-01-25 22:53:44,935 generate-graphs, line 231 INFO {}
2017-01-25 22:53:44,935 generate-graphs, line 230 INFO {('West Robertside', 'New Russell'): 'O', ('West Robertside', 'Johnsonmouth'): 'L', ('West Robertside', 'North Mariatown'): 'R'}
2017-01-25 22:53:44,935 generate-graphs, line 231 INFO {}
2017-01-25 22:53:44,935 generate-graphs, line 230 INFO {('East Stephanie', 'Deanhaven'): 'L', ('East Stephanie', 'Lake Valerie'): 'R', ('East Stephanie', 'Timothyfort'): 'O'}
2017-01-25 22:53:44,935 generate-graphs, line 231 INFO {}
2017-01-25 22:53:44,935 generate-graphs, line 230 INFO {('Grayside', 'Emilyberg'): 'L', ('Grayside', 'Lake Dan'): 'O', ('Grayside', 'Natalieburgh'): 'R'}
2017-01-25 22:53:44,935 generate-graphs, line 231 INFO {}
2017-01-25 22:53:44,936 generate-graphs, line 230 INFO {('Jenniferfort', 'Debraburgh'): 'O', ('Jenniferfort', 'South Michaelbury'): 'R', ('Jenniferfort', 'Laurenmouth'): 'L'}
2017-01-25 22:53:44,936 generate-graphs, line 231 INFO {}
2017-01-25 22:53:44,936 generate-graphs, line 230 INFO {('Wellsport', 'New Stevenbury'): 'R', ('Wellsport', 'West Jasonborough'): 'L', ('Wellsport', 'New Russell'): 'O'}
2017-01-25 22:53:44,936 generate-graphs, line 231 INFO {}
2017-01-25 22:53:44,936 generate-graphs, line 230 INFO {('East David', 'Port Williamchester'): 'R', ('East David', 'East Ericton'): 'L', ('East David', 'South Tiffany'): 'O'}
2017-01-25 22:53:44,936 generate-graphs, line 231 INFO {}
2017-01-25 22:53:44,936 generate-graphs, line 230 INFO {('Bryantfurt', 'West Stevenburgh'): 'L', ('Bryantfurt', 'Banksberg'): 'O', ('Bryantfurt', 'Birdborough'): 'R'}
2017-01-25 22:53:44,936 generate-graphs, line 231 INFO {}
2017-01-25 22:53:44,936 generate-graphs, line 230 INFO {('Lake Nina', 'New Jeffreybury'): 'L', ('Lake Nina', 'Emilyfort'): 'O', ('Lake Nina', 'Johnsonmouth'): 'R'}
2017-01-25 22:53:44,936 generate-graphs, line 231 INFO {}
2017-01-25 22:53:44,937 generate-graphs, line 230 INFO {('Taylorburgh', 'East Rhonda'): 'R', ('Taylorburgh', 'Lake Desiree'): 'O', ('Taylorburgh', 'Hernandezside'): 'L'}
2017-01-25 22:53:44,937 generate-graphs, line 231 INFO {}
2017-01-25 22:53:44,937 generate-graphs, line 230 INFO {('Weaverberg', 'East Melanie'): 'R', ('Weaverberg', 'Emilyberg'): 'L', ('Weaverberg', 'West Kayla'): 'O'}
2017-01-25 22:53:44,937 generate-graphs, line 231 INFO {}
2017-01-25 22:53:44,937 generate-graphs, line 230 INFO {('Birdborough', 'Kristiland'): 'L', ('Birdborough', 'Hallfort'): 'R', ('Birdborough', 'Bryantfurt'): 'O'}
2017-01-25 22:53:44,937 generate-graphs, line 231 INFO {}
2017-01-25 22:53:44,937 generate-graphs, line 230 INFO {('Port Tristanville', 'Johnsonmouth'): 'L', ('Port Tristanville', 'New Russell'): 'R', ('Port Tristanville', 'Clarkview'): 'O'}
2017-01-25 22:53:44,937 generate-graphs, line 231 INFO {}
2017-01-25 22:53:44,937 generate-graphs, line 230 INFO {('New Jeffreybury', 'Lake Nina'): 'O', ('New Jeffreybury', 'North Mariatown'): 'L', ('New Jeffreybury', 'Saraport'): 'R'}
2017-01-25 22:53:44,937 generate-graphs, line 231 INFO {}
2017-01-25 22:53:44,937 generate-graphs, line 230 INFO {('East Margaret', 'Natalieburgh'): 'L', ('East Margaret', 'East Rebecca'): 'O', ('East Margaret', 'Gailborough'): 'R'}
2017-01-25 22:53:44,938 generate-graphs, line 231 INFO {}
2017-01-25 22:53:44,938 generate-graphs, line 230 INFO {('Henrychester', 'West Davidfort'): 'R', ('Henrychester', 'New Brandonstad'): 'O', ('Henrychester', 'Mckaymouth'): 'L'}
2017-01-25 22:53:44,938 generate-graphs, line 231 INFO {}
2017-01-25 22:53:44,938 generate-graphs, line 230 INFO {('Waynestad', 'New John'): 'L', ('Waynestad', 'Lake Valerie'): 'O', ('Waynestad', 'Jonathanport'): 'R'}
2017-01-25 22:53:44,938 generate-graphs, line 231 INFO {}
2017-01-25 22:53:44,938 generate-graphs, line 230 INFO {('Bonillaborough', 'Ryanview'): 'R', ('Bonillaborough', 'East Gregoryberg'): 'L', ('Bonillaborough', 'New Jason'): 'O'}
2017-01-25 22:53:44,938 generate-graphs, line 231 INFO {}
2017-01-25 22:53:44,938 generate-graphs, line 230 INFO {('North Mariatown', 'Adamsfurt'): 'O', ('North Mariatown', 'West Robertside'): 'L', ('North Mariatown', 'New Jeffreybury'): 'R'}
2017-01-25 22:53:44,938 generate-graphs, line 231 INFO {}
2017-01-25 22:53:44,938 generate-graphs, line 230 INFO {('Angelaland', 'East Rebecca'): 'L', ('Angelaland', 'Migueltown'): 'O', ('Angelaland', 'Port Lindsey'): 'R'}
2017-01-25 22:53:44,939 generate-graphs, line 231 INFO {}
2017-01-25 22:53:44,939 generate-graphs, line 230 INFO {('Belindaview', 'South Aliciaview'): 'L', ('Belindaview', 'Reyesshire'): 'R', ('Belindaview', 'Francisville'): 'O'}
2017-01-25 22:53:44,939 generate-graphs, line 231 INFO {}
2017-01-25 22:53:44,939 generate-graphs, line 230 INFO {('Port Kristinemouth', 'Alexanderton'): 'L', ('Port Kristinemouth', 'North Jared'): 'R', ('Port Kristinemouth', 'Port Natasha'): 'O'}
2017-01-25 22:53:44,939 generate-graphs, line 231 INFO {}
2017-01-25 22:53:44,939 generate-graphs, line 230 INFO {('East Melanie', 'Reyesshire'): 'O', ('East Melanie', 'South Aliciaview'): 'L', ('East Melanie', 'Weaverberg'): 'R'}
2017-01-25 22:53:44,939 generate-graphs, line 231 INFO {}
2017-01-25 22:53:44,939 generate-graphs, line 230 INFO {('Hernandezside', 'Port Williamchester'): 'L', ('Hernandezside', 'West Brandon'): 'R', ('Hernandezside', 'Taylorburgh'): 'O'}
2017-01-25 22:53:44,939 generate-graphs, line 231 INFO {}
2017-01-25 22:53:44,939 generate-graphs, line 230 INFO {('South Aliciaview', 'New Elizabeth'): 'R', ('South Aliciaview', 'East Melanie'): 'O', ('South Aliciaview', 'Belindaview'): 'L'}
2017-01-25 22:53:44,940 generate-graphs, line 231 INFO {}
2017-01-25 22:53:44,940 generate-graphs, line 230 INFO {('East Gregoryberg', 'Hernandezland'): 'R', ('East Gregoryberg', 'Bonillaborough'): 'O', ('East Gregoryberg', 'Deborahville'): 'L'}
2017-01-25 22:53:44,940 generate-graphs, line 231 INFO {}
2017-01-25 22:53:44,940 generate-graphs, line 230 INFO {('Port Heather', 'South Tiffany'): 'O', ('Port Heather', 'Deborahville'): 'L', ('Port Heather', 'New Stevenbury'): 'R'}
2017-01-25 22:53:44,940 generate-graphs, line 231 INFO {}
2017-01-25 22:53:44,940 generate-graphs, line 230 INFO {('Francisville', 'Lake Amanda'): 'O', ('Francisville', 'West Stevenburgh'): 'L', ('Francisville', 'Belindaview'): 'R'}
2017-01-25 22:53:44,940 generate-graphs, line 231 INFO {}
2017-01-25 22:53:44,940 generate-graphs, line 230 INFO {('Hallfort', 'Michellefurt'): 'L', ('Hallfort', 'West Brianton'): 'R', ('Hallfort', 'Birdborough'): 'O'}
2017-01-25 22:53:44,940 generate-graphs, line 231 INFO {}
2017-01-25 22:53:44,940 generate-graphs, line 230 INFO {('Port Natasha', 'Port Kristinemouth'): 'L', ('Port Natasha', 'Emilyfort'): 'R', ('Port Natasha', 'North Felicia'): 'O'}
2017-01-25 22:53:44,941 generate-graphs, line 231 INFO {}
2017-01-25 22:53:44,941 generate-graphs, line 230 INFO {('Adamsfurt', 'West Davidfort'): 'L', ('Adamsfurt', 'North Mariatown'): 'R', ('Adamsfurt', 'Alexanderton'): 'O'}
2017-01-25 22:53:44,941 generate-graphs, line 231 INFO {}
2017-01-25 22:53:44,941 generate-graphs, line 230 INFO {('New Elizabeth', 'South Aliciaview'): 'O', ('New Elizabeth', 'Lake Mario'): 'R', ('New Elizabeth', 'Timothyfort'): 'L'}
2017-01-25 22:53:44,941 generate-graphs, line 231 INFO {}
2017-01-25 22:53:44,941 generate-graphs, line 230 INFO {('Monicaview', 'Lake Desiree'): 'L', ('Monicaview', 'Hernandezland'): 'R', ('Monicaview', 'South Coreytown'): 'O'}
2017-01-25 22:53:44,941 generate-graphs, line 231 INFO {}
2017-01-25 22:53:44,941 generate-graphs, line 230 INFO {('New Anthony', 'Saraport'): 'O', ('New Anthony', 'Ryanview'): 'L', ('New Anthony', 'Mckaymouth'): 'R'}
2017-01-25 22:53:44,941 generate-graphs, line 231 INFO {}
2017-01-25 22:53:44,941 generate-graphs, line 230 INFO {('West Jasonborough', 'Saraport'): 'O', ('West Jasonborough', 'Wellsport'): 'L', ('West Jasonborough', 'Clarkview'): 'R'}
2017-01-25 22:53:44,941 generate-graphs, line 231 INFO {}
2017-01-25 22:53:44,942 generate-graphs, line 230 INFO {('South Tiffany', 'East David'): 'O', ('South Tiffany', 'Hernandezland'): 'R', ('South Tiffany', 'Port Heather'): 'L'}
2017-01-25 22:53:44,942 generate-graphs, line 231 INFO {}
2017-01-25 22:53:44,942 generate-graphs, line 230 INFO {('West Stevenburgh', 'East Jamesville'): 'L', ('West Stevenburgh', 'Bryantfurt'): 'O', ('West Stevenburgh', 'Francisville'): 'R'}
2017-01-25 22:53:44,942 generate-graphs, line 231 INFO {}
2017-01-25 22:53:44,942 generate-graphs, line 230 INFO {('West Brandon', 'Jonathanport'): 'R', ('West Brandon', 'Port Lindsey'): 'L', ('West Brandon', 'Hernandezside'): 'O'}
2017-01-25 22:53:44,942 generate-graphs, line 231 INFO {}
2017-01-25 22:53:44,942 generate-graphs, line 230 INFO {('West Kayla', 'Weaverberg'): 'O', ('West Kayla', 'Deanhaven'): 'L', ('West Kayla', 'Lake Valerie'): 'R'}
2017-01-25 22:53:44,942 generate-graphs, line 231 INFO {}
2017-01-25 22:53:44,943 generate-graphs, line 230 INFO {('New Russell', 'Port Tristanville'): 'L', ('New Russell', 'Wellsport'): 'R', ('New Russell', 'West Robertside'): 'O'}
2017-01-25 22:53:44,943 generate-graphs, line 231 INFO {}
2017-01-25 22:53:44,943 generate-graphs, line 230 INFO {('East Paul', 'Lake Dan'): 'O', ('East Paul', 'South Sara'): 'L', ('East Paul', 'Lake Mario'): 'R'}
2017-01-25 22:53:44,943 generate-graphs, line 231 INFO {}
2017-01-25 22:53:44,943 generate-graphs, line 230 INFO {('New Jason', 'Bonillaborough'): 'R', ('New Jason', 'New Stevenbury'): 'L', ('New Jason', 'Clarkview'): 'O'}
2017-01-25 22:53:44,943 generate-graphs, line 231 INFO {}
2017-01-25 22:53:44,943 generate-graphs, line 230 INFO {('New John', 'Lake Dan'): 'L', ('New John', 'Waynestad'): 'R', ('New John', 'South Davidstad'): 'O'}
2017-01-25 22:53:44,943 generate-graphs, line 231 INFO {}
2017-01-25 22:53:44,943 generate-graphs, line 230 INFO {('Timothyfort', 'New Elizabeth'): 'R', ('Timothyfort', 'Emilyberg'): 'L', ('Timothyfort', 'East Stephanie'): 'O'}
2017-01-25 22:53:44,943 generate-graphs, line 231 INFO {}
2017-01-25 22:53:44,944 generate-graphs, line 230 INFO {('Natalieburgh', 'South Christine'): 'R', ('Natalieburgh', 'East Margaret'): 'O', ('Natalieburgh', 'Grayside'): 'L'}
2017-01-25 22:53:44,944 generate-graphs, line 231 INFO {}
2017-01-25 22:53:44,944 generate-graphs, line 230 INFO {('West Brianton', 'Michellefurt'): 'O', ('West Brianton', 'Port Lisa'): 'R', ('West Brianton', 'Hallfort'): 'L'}
2017-01-25 22:53:44,944 generate-graphs, line 231 INFO {}
2017-01-25 22:53:44,945 generate-graphs, line 385 INFO ### Switches setting started ==>
2017-01-25 22:53:44,946 generate-graphs, line 387 INFO {'Gailborough': 'L', 'East Ericton': 'R', 'Madelinefort': 'R', 'East Wanda': 'R', 'New Kimberly': 'L', 'Debraburgh': 'R', 'Ryanview': 'R', 'Port Natasha': 'R', 'South Davidstad': 'L', 'Port Lisa': 'R', 'Bonillaborough': 'L', 'Deborahville': 'R', 'Birdborough': 'R', 'Lake Valerie': 'L', 'North Felicia': 'L', 'Port Lindsey': 'L', 'New Katherinefort': 'L', 'North Philip': 'L', 'Clarkview': 'R', 'Lake Mario': 'R', 'Port Williamchester': 'R', 'Deanhaven': 'R', 'Lake Desiree': 'R', 'Jonathanport': 'L', 'New Stevenbury': 'R', 'West Davidfort': 'L', 'South Christine': 'R', 'Hernandezland': 'L', 'Brownstad': 'L', 'Lake Kelsey': 'L', 'South Coreytown': 'L', 'Weaverberg': 'L', 'Lake Geraldfurt': 'L', 'East Rhonda': 'R', 'East Rebecca': 'L', 'South Sara': 'R', 'Emilyfort': 'L', 'Mckaymouth': 'R', 'Kristiland': 'L', 'Reyesshire': 'R', 'East Jamesville': 'L', 'Lake Amanda': 'L', 'Banksberg': 'R', 'East Melanie': 'R', 'Alexanderton': 'R', 'Johnsonmouth': 'L', 'Michellefurt': 'R', 'Migueltown': 'L', 'North Jared': 'R', 'South Michaelbury': 'L', 'Emilyberg': 'R', 'Port Michael': 'L', 'West Robertside': 'R', 'East Stephanie': 'L', 'Grayside': 'R', 'Jenniferfort': 'R', 'Wellsport': 'L', 'East David': 'L', 'Bryantfurt': 'L', 'New Jason': 'R', 'Lake Nina': 'L', 'Taylorburgh': 'R', 'West Brianton': 'L', 'Saraport': 'R', 'Port Tristanville': 'L', 'New Jeffreybury': 'R', 'East Margaret': 'L', 'Waynestad': 'R', 'Lake Dan': 'L', 'North Mariatown': 'R', 'Angelaland': 'L', 'Belindaview': 'L', 'Port Kristinemouth': 'L', 'Hernandezside': 'R', 'South Aliciaview': 'L', 'East Gregoryberg': 'R', 'Port Heather': 'R', 'Francisville': 'L', 'Hallfort': 'L', 'New Brandonstad': 'L', 'Adamsfurt': 'L', 'New Elizabeth': 'R', 'Monicaview': 'L', 'New Anthony': 'L', 'West Jasonborough': 'L', 'South Tiffany': 'R', 'West Stevenburgh': 'R', 'West Brandon': 'L', 'West Kayla': 'R', 'New Russell': 'L', 'East Paul': 'L', 'Henrychester': 'L', 'New John': 'L', 'Timothyfort': 'L', 'Natalieburgh': 'R', 'Laurenmouth': 'R'}
2017-01-25 22:53:44,946 generate-graphs, line 389 INFO ### Switches setting ended ==<
2017-01-25 22:53:44,954 generate-graphs, line 494 ERROR Unable to write file sim-810425-170125-225342-exp-1.gml
2017-01-25 22:53:44,954 generate-graphs, line 396 INFO ### Simulation started ==>
2017-01-25 22:53:44,954 generate-graphs, line 402 INFO timestep: 0
2017-01-25 22:53:44,954 generate-graphs, line 406 INFO visited node: Debraburgh
2017-01-25 22:53:44,954 generate-graphs, line 412 INFO timestep: 1
2017-01-25 22:53:44,954 generate-graphs, line 417 INFO switch setting: R
2017-01-25 22:53:44,954 generate-graphs, line 421 INFO considered node: New Katherinefort
2017-01-25 22:53:44,954 generate-graphs, line 421 INFO considered node: Jenniferfort
2017-01-25 22:53:44,955 generate-graphs, line 438 INFO edge label: R
2017-01-25 22:53:44,955 generate-graphs, line 443 INFO visited node: Jenniferfort
2017-01-25 22:53:44,955 generate-graphs, line 412 INFO timestep: 2
2017-01-25 22:53:44,955 generate-graphs, line 417 INFO switch setting: R
2017-01-25 22:53:44,955 generate-graphs, line 421 INFO considered node: Laurenmouth
2017-01-25 22:53:44,955 generate-graphs, line 421 INFO considered node: South Michaelbury
2017-01-25 22:53:44,955 generate-graphs, line 438 INFO edge label: R
2017-01-25 22:53:44,955 generate-graphs, line 443 INFO visited node: South Michaelbury
2017-01-25 22:53:44,955 generate-graphs, line 412 INFO timestep: 3
2017-01-25 22:53:44,955 generate-graphs, line 417 INFO switch setting: L
2017-01-25 22:53:44,955 generate-graphs, line 421 INFO considered node: Ryanview
2017-01-25 22:53:44,956 generate-graphs, line 421 INFO considered node: Jenniferfort
2017-01-25 22:53:44,956 generate-graphs, line 438 INFO edge label: L
2017-01-25 22:53:44,956 generate-graphs, line 443 INFO visited node: Jenniferfort
2017-01-25 22:53:44,956 generate-graphs, line 412 INFO timestep: 4
2017-01-25 22:53:44,956 generate-graphs, line 417 INFO switch setting: R
2017-01-25 22:53:44,956 generate-graphs, line 421 INFO considered node: Laurenmouth
2017-01-25 22:53:44,956 generate-graphs, line 421 INFO considered node: South Michaelbury
2017-01-25 22:53:44,956 generate-graphs, line 438 INFO edge label: R
2017-01-25 22:53:44,956 generate-graphs, line 443 INFO visited node: South Michaelbury
2017-01-25 22:53:44,956 generate-graphs, line 412 INFO timestep: 5
2017-01-25 22:53:44,956 generate-graphs, line 417 INFO switch setting: L
2017-01-25 22:53:44,956 generate-graphs, line 421 INFO considered node: Ryanview
2017-01-25 22:53:44,957 generate-graphs, line 421 INFO considered node: Jenniferfort
2017-01-25 22:53:44,957 generate-graphs, line 438 INFO edge label: L
2017-01-25 22:53:44,957 generate-graphs, line 443 INFO visited node: Jenniferfort
2017-01-25 22:53:44,957 generate-graphs, line 412 INFO timestep: 6
2017-01-25 22:53:44,957 generate-graphs, line 417 INFO switch setting: R
2017-01-25 22:53:44,957 generate-graphs, line 421 INFO considered node: Laurenmouth
2017-01-25 22:53:44,957 generate-graphs, line 421 INFO considered node: South Michaelbury
2017-01-25 22:53:44,957 generate-graphs, line 438 INFO edge label: R
2017-01-25 22:53:44,957 generate-graphs, line 443 INFO visited node: South Michaelbury
2017-01-25 22:53:44,957 generate-graphs, line 412 INFO timestep: 7
2017-01-25 22:53:44,957 generate-graphs, line 417 INFO switch setting: L
2017-01-25 22:53:44,957 generate-graphs, line 421 INFO considered node: Ryanview
2017-01-25 22:53:44,958 generate-graphs, line 421 INFO considered node: Jenniferfort
2017-01-25 22:53:44,958 generate-graphs, line 438 INFO edge label: L
2017-01-25 22:53:44,958 generate-graphs, line 443 INFO visited node: Jenniferfort
2017-01-25 22:53:44,958 generate-graphs, line 412 INFO timestep: 8
2017-01-25 22:53:44,958 generate-graphs, line 417 INFO switch setting: R
2017-01-25 22:53:44,958 generate-graphs, line 421 INFO considered node: Laurenmouth
2017-01-25 22:53:44,958 generate-graphs, line 421 INFO considered node: South Michaelbury
2017-01-25 22:53:44,958 generate-graphs, line 438 INFO edge label: R
2017-01-25 22:53:44,958 generate-graphs, line 443 INFO visited node: South Michaelbury
2017-01-25 22:53:44,958 generate-graphs, line 412 INFO timestep: 9
2017-01-25 22:53:44,958 generate-graphs, line 417 INFO switch setting: L
2017-01-25 22:53:44,958 generate-graphs, line 421 INFO considered node: Ryanview
2017-01-25 22:53:44,958 generate-graphs, line 421 INFO considered node: Jenniferfort
2017-01-25 22:53:44,959 generate-graphs, line 438 INFO edge label: L
2017-01-25 22:53:44,959 generate-graphs, line 443 INFO visited node: Jenniferfort
2017-01-25 22:53:44,959 generate-graphs, line 412 INFO timestep: 10
2017-01-25 22:53:44,959 generate-graphs, line 417 INFO switch setting: R
2017-01-25 22:53:44,959 generate-graphs, line 421 INFO considered node: Laurenmouth
2017-01-25 22:53:44,959 generate-graphs, line 421 INFO considered node: South Michaelbury
2017-01-25 22:53:44,959 generate-graphs, line 438 INFO edge label: R
2017-01-25 22:53:44,959 generate-graphs, line 443 INFO visited node: South Michaelbury
2017-01-25 22:53:44,959 generate-graphs, line 412 INFO timestep: 11
2017-01-25 22:53:44,959 generate-graphs, line 417 INFO switch setting: L
2017-01-25 22:53:44,959 generate-graphs, line 421 INFO considered node: Ryanview
2017-01-25 22:53:44,959 generate-graphs, line 421 INFO considered node: Jenniferfort
2017-01-25 22:53:44,960 generate-graphs, line 438 INFO edge label: L
2017-01-25 22:53:44,960 generate-graphs, line 443 INFO visited node: Jenniferfort
2017-01-25 22:53:44,960 generate-graphs, line 412 INFO timestep: 12
2017-01-25 22:53:44,960 generate-graphs, line 417 INFO switch setting: R
2017-01-25 22:53:44,960 generate-graphs, line 421 INFO considered node: Laurenmouth
2017-01-25 22:53:44,960 generate-graphs, line 421 INFO considered node: South Michaelbury
2017-01-25 22:53:44,960 generate-graphs, line 438 INFO edge label: R
2017-01-25 22:53:44,960 generate-graphs, line 443 INFO visited node: South Michaelbury
2017-01-25 22:53:44,960 generate-graphs, line 412 INFO timestep: 13
2017-01-25 22:53:44,960 generate-graphs, line 417 INFO switch setting: L
2017-01-25 22:53:44,960 generate-graphs, line 421 INFO considered node: Ryanview
2017-01-25 22:53:44,960 generate-graphs, line 421 INFO considered node: Jenniferfort
2017-01-25 22:53:44,961 generate-graphs, line 438 INFO edge label: L
2017-01-25 22:53:44,961 generate-graphs, line 443 INFO visited node: Jenniferfort
2017-01-25 22:53:44,961 generate-graphs, line 412 INFO timestep: 14
2017-01-25 22:53:44,961 generate-graphs, line 417 INFO switch setting: R
2017-01-25 22:53:44,961 generate-graphs, line 421 INFO considered node: Laurenmouth
2017-01-25 22:53:44,961 generate-graphs, line 421 INFO considered node: South Michaelbury
2017-01-25 22:53:44,961 generate-graphs, line 438 INFO edge label: R
2017-01-25 22:53:44,961 generate-graphs, line 443 INFO visited node: South Michaelbury
2017-01-25 22:53:44,961 generate-graphs, line 412 INFO timestep: 15
2017-01-25 22:53:44,961 generate-graphs, line 417 INFO switch setting: L
2017-01-25 22:53:44,961 generate-graphs, line 421 INFO considered node: Ryanview
2017-01-25 22:53:44,961 generate-graphs, line 421 INFO considered node: Jenniferfort
2017-01-25 22:53:44,962 generate-graphs, line 438 INFO edge label: L
2017-01-25 22:53:44,962 generate-graphs, line 443 INFO visited node: Jenniferfort
2017-01-25 22:53:44,962 generate-graphs, line 412 INFO timestep: 16
2017-01-25 22:53:44,962 generate-graphs, line 417 INFO switch setting: R
2017-01-25 22:53:44,962 generate-graphs, line 421 INFO considered node: Laurenmouth
2017-01-25 22:53:44,962 generate-graphs, line 421 INFO considered node: South Michaelbury
2017-01-25 22:53:44,962 generate-graphs, line 438 INFO edge label: R
2017-01-25 22:53:44,962 generate-graphs, line 443 INFO visited node: South Michaelbury
2017-01-25 22:53:44,962 generate-graphs, line 412 INFO timestep: 17
2017-01-25 22:53:44,962 generate-graphs, line 417 INFO switch setting: L
2017-01-25 22:53:44,962 generate-graphs, line 421 INFO considered node: Ryanview
2017-01-25 22:53:44,962 generate-graphs, line 421 INFO considered node: Jenniferfort
2017-01-25 22:53:44,963 generate-graphs, line 438 INFO edge label: L
2017-01-25 22:53:44,963 generate-graphs, line 443 INFO visited node: Jenniferfort
2017-01-25 22:53:44,963 generate-graphs, line 412 INFO timestep: 18
2017-01-25 22:53:44,963 generate-graphs, line 417 INFO switch setting: R
2017-01-25 22:53:44,963 generate-graphs, line 421 INFO considered node: Laurenmouth
2017-01-25 22:53:44,963 generate-graphs, line 421 INFO considered node: South Michaelbury
2017-01-25 22:53:44,963 generate-graphs, line 438 INFO edge label: R
2017-01-25 22:53:44,963 generate-graphs, line 443 INFO visited node: South Michaelbury
2017-01-25 22:53:44,963 generate-graphs, line 412 INFO timestep: 19
2017-01-25 22:53:44,963 generate-graphs, line 417 INFO switch setting: L
2017-01-25 22:53:44,963 generate-graphs, line 421 INFO considered node: Ryanview
2017-01-25 22:53:44,963 generate-graphs, line 421 INFO considered node: Jenniferfort
2017-01-25 22:53:44,964 generate-graphs, line 438 INFO edge label: L
2017-01-25 22:53:44,964 generate-graphs, line 443 INFO visited node: Jenniferfort
2017-01-25 22:53:44,964 generate-graphs, line 412 INFO timestep: 20
2017-01-25 22:53:44,964 generate-graphs, line 417 INFO switch setting: R
2017-01-25 22:53:44,964 generate-graphs, line 421 INFO considered node: Laurenmouth
2017-01-25 22:53:44,964 generate-graphs, line 421 INFO considered node: South Michaelbury
2017-01-25 22:53:44,964 generate-graphs, line 438 INFO edge label: R
2017-01-25 22:53:44,964 generate-graphs, line 443 INFO visited node: South Michaelbury
2017-01-25 22:53:44,964 generate-graphs, line 412 INFO timestep: 21
2017-01-25 22:53:44,964 generate-graphs, line 417 INFO switch setting: L
2017-01-25 22:53:44,964 generate-graphs, line 421 INFO considered node: Ryanview
2017-01-25 22:53:44,964 generate-graphs, line 421 INFO considered node: Jenniferfort
2017-01-25 22:53:44,965 generate-graphs, line 438 INFO edge label: L
2017-01-25 22:53:44,965 generate-graphs, line 443 INFO visited node: Jenniferfort
2017-01-25 22:53:44,965 generate-graphs, line 412 INFO timestep: 22
2017-01-25 22:53:44,965 generate-graphs, line 417 INFO switch setting: R
2017-01-25 22:53:44,965 generate-graphs, line 421 INFO considered node: Laurenmouth
2017-01-25 22:53:44,965 generate-graphs, line 421 INFO considered node: South Michaelbury
2017-01-25 22:53:44,965 generate-graphs, line 438 INFO edge label: R
2017-01-25 22:53:44,965 generate-graphs, line 443 INFO visited node: South Michaelbury
2017-01-25 22:53:44,965 generate-graphs, line 412 INFO timestep: 23
2017-01-25 22:53:44,965 generate-graphs, line 417 INFO switch setting: L
2017-01-25 22:53:44,965 generate-graphs, line 421 INFO considered node: Ryanview
2017-01-25 22:53:44,966 generate-graphs, line 421 INFO considered node: Jenniferfort
2017-01-25 22:53:44,966 generate-graphs, line 438 INFO edge label: L
2017-01-25 22:53:44,966 generate-graphs, line 443 INFO visited node: Jenniferfort
2017-01-25 22:53:44,966 generate-graphs, line 412 INFO timestep: 24
2017-01-25 22:53:44,966 generate-graphs, line 417 INFO switch setting: R
2017-01-25 22:53:44,966 generate-graphs, line 421 INFO considered node: Laurenmouth
2017-01-25 22:53:44,966 generate-graphs, line 421 INFO considered node: South Michaelbury
2017-01-25 22:53:44,966 generate-graphs, line 438 INFO edge label: R
2017-01-25 22:53:44,966 generate-graphs, line 443 INFO visited node: South Michaelbury
2017-01-25 22:53:44,966 generate-graphs, line 412 INFO timestep: 25
2017-01-25 22:53:44,966 generate-graphs, line 417 INFO switch setting: L
2017-01-25 22:53:44,966 generate-graphs, line 421 INFO considered node: Ryanview
2017-01-25 22:53:44,966 generate-graphs, line 421 INFO considered node: Jenniferfort
2017-01-25 22:53:44,967 generate-graphs, line 438 INFO edge label: L
2017-01-25 22:53:44,967 generate-graphs, line 443 INFO visited node: Jenniferfort
2017-01-25 22:53:44,967 generate-graphs, line 412 INFO timestep: 26
2017-01-25 22:53:44,967 generate-graphs, line 417 INFO switch setting: R
2017-01-25 22:53:44,967 generate-graphs, line 421 INFO considered node: Laurenmouth
2017-01-25 22:53:44,967 generate-graphs, line 421 INFO considered node: South Michaelbury
2017-01-25 22:53:44,967 generate-graphs, line 438 INFO edge label: R
2017-01-25 22:53:44,967 generate-graphs, line 443 INFO visited node: South Michaelbury
2017-01-25 22:53:44,967 generate-graphs, line 412 INFO timestep: 27
2017-01-25 22:53:44,967 generate-graphs, line 417 INFO switch setting: L
2017-01-25 22:53:44,967 generate-graphs, line 421 INFO considered node: Ryanview
2017-01-25 22:53:44,967 generate-graphs, line 421 INFO considered node: Jenniferfort
2017-01-25 22:53:44,968 generate-graphs, line 438 INFO edge label: L
2017-01-25 22:53:44,968 generate-graphs, line 443 INFO visited node: Jenniferfort
2017-01-25 22:53:44,968 generate-graphs, line 412 INFO timestep: 28
2017-01-25 22:53:44,968 generate-graphs, line 417 INFO switch setting: R
2017-01-25 22:53:44,968 generate-graphs, line 421 INFO considered node: Laurenmouth
2017-01-25 22:53:44,968 generate-graphs, line 421 INFO considered node: South Michaelbury
2017-01-25 22:53:44,968 generate-graphs, line 438 INFO edge label: R
2017-01-25 22:53:44,968 generate-graphs, line 443 INFO visited node: South Michaelbury
2017-01-25 22:53:44,968 generate-graphs, line 412 INFO timestep: 29
2017-01-25 22:53:44,968 generate-graphs, line 417 INFO switch setting: L
2017-01-25 22:53:44,968 generate-graphs, line 421 INFO considered node: Ryanview
2017-01-25 22:53:44,968 generate-graphs, line 421 INFO considered node: Jenniferfort
2017-01-25 22:53:44,969 generate-graphs, line 438 INFO edge label: L
2017-01-25 22:53:44,969 generate-graphs, line 443 INFO visited node: Jenniferfort
2017-01-25 22:53:44,969 generate-graphs, line 412 INFO timestep: 30
2017-01-25 22:53:44,969 generate-graphs, line 417 INFO switch setting: R
2017-01-25 22:53:44,969 generate-graphs, line 421 INFO considered node: Laurenmouth
2017-01-25 22:53:44,969 generate-graphs, line 421 INFO considered node: South Michaelbury
2017-01-25 22:53:44,969 generate-graphs, line 438 INFO edge label: R
2017-01-25 22:53:44,969 generate-graphs, line 443 INFO visited node: South Michaelbury
2017-01-25 22:53:44,969 generate-graphs, line 412 INFO timestep: 31
2017-01-25 22:53:44,969 generate-graphs, line 417 INFO switch setting: L
2017-01-25 22:53:44,969 generate-graphs, line 421 INFO considered node: Ryanview
2017-01-25 22:53:44,969 generate-graphs, line 421 INFO considered node: Jenniferfort
2017-01-25 22:53:44,970 generate-graphs, line 438 INFO edge label: L
2017-01-25 22:53:44,970 generate-graphs, line 443 INFO visited node: Jenniferfort
2017-01-25 22:53:44,970 generate-graphs, line 412 INFO timestep: 32
2017-01-25 22:53:44,970 generate-graphs, line 417 INFO switch setting: R
2017-01-25 22:53:44,970 generate-graphs, line 421 INFO considered node: Laurenmouth
2017-01-25 22:53:44,970 generate-graphs, line 421 INFO considered node: South Michaelbury
2017-01-25 22:53:44,970 generate-graphs, line 438 INFO edge label: R
2017-01-25 22:53:44,970 generate-graphs, line 443 INFO visited node: South Michaelbury
2017-01-25 22:53:44,970 generate-graphs, line 412 INFO timestep: 33
2017-01-25 22:53:44,970 generate-graphs, line 417 INFO switch setting: L
2017-01-25 22:53:44,970 generate-graphs, line 421 INFO considered node: Ryanview
2017-01-25 22:53:44,970 generate-graphs, line 421 INFO considered node: Jenniferfort
2017-01-25 22:53:44,970 generate-graphs, line 438 INFO edge label: L
2017-01-25 22:53:44,971 generate-graphs, line 443 INFO visited node: Jenniferfort
2017-01-25 22:53:44,971 generate-graphs, line 412 INFO timestep: 34
2017-01-25 22:53:44,971 generate-graphs, line 417 INFO switch setting: R
2017-01-25 22:53:44,971 generate-graphs, line 421 INFO considered node: Laurenmouth
2017-01-25 22:53:44,971 generate-graphs, line 421 INFO considered node: South Michaelbury
2017-01-25 22:53:44,971 generate-graphs, line 438 INFO edge label: R
2017-01-25 22:53:44,971 generate-graphs, line 443 INFO visited node: South Michaelbury
2017-01-25 22:53:44,971 generate-graphs, line 412 INFO timestep: 35
2017-01-25 22:53:44,971 generate-graphs, line 417 INFO switch setting: L
2017-01-25 22:53:44,971 generate-graphs, line 421 INFO considered node: Ryanview
2017-01-25 22:53:44,971 generate-graphs, line 421 INFO considered node: Jenniferfort
2017-01-25 22:53:44,971 generate-graphs, line 438 INFO edge label: L
2017-01-25 22:53:44,972 generate-graphs, line 443 INFO visited node: Jenniferfort
2017-01-25 22:53:44,972 generate-graphs, line 412 INFO timestep: 36
2017-01-25 22:53:44,972 generate-graphs, line 417 INFO switch setting: R
2017-01-25 22:53:44,972 generate-graphs, line 421 INFO considered node: Laurenmouth
2017-01-25 22:53:44,972 generate-graphs, line 421 INFO considered node: South Michaelbury
2017-01-25 22:53:44,972 generate-graphs, line 438 INFO edge label: R
2017-01-25 22:53:44,972 generate-graphs, line 443 INFO visited node: South Michaelbury
2017-01-25 22:53:44,972 generate-graphs, line 412 INFO timestep: 37
2017-01-25 22:53:44,972 generate-graphs, line 417 INFO switch setting: L
2017-01-25 22:53:44,972 generate-graphs, line 421 INFO considered node: Ryanview
2017-01-25 22:53:44,972 generate-graphs, line 421 INFO considered node: Jenniferfort
2017-01-25 22:53:44,972 generate-graphs, line 438 INFO edge label: L
2017-01-25 22:53:44,973 generate-graphs, line 443 INFO visited node: Jenniferfort
2017-01-25 22:53:44,973 generate-graphs, line 412 INFO timestep: 38
2017-01-25 22:53:44,973 generate-graphs, line 417 INFO switch setting: R
2017-01-25 22:53:44,973 generate-graphs, line 421 INFO considered node: Laurenmouth
2017-01-25 22:53:44,973 generate-graphs, line 421 INFO considered node: South Michaelbury
2017-01-25 22:53:44,973 generate-graphs, line 438 INFO edge label: R
2017-01-25 22:53:44,973 generate-graphs, line 443 INFO visited node: South Michaelbury
2017-01-25 22:53:44,973 generate-graphs, line 412 INFO timestep: 39
2017-01-25 22:53:44,973 generate-graphs, line 417 INFO switch setting: L
2017-01-25 22:53:44,973 generate-graphs, line 421 INFO considered node: Ryanview
2017-01-25 22:53:44,973 generate-graphs, line 421 INFO considered node: Jenniferfort
2017-01-25 22:53:44,974 generate-graphs, line 438 INFO edge label: L
2017-01-25 22:53:44,974 generate-graphs, line 443 INFO visited node: Jenniferfort
2017-01-25 22:53:44,974 generate-graphs, line 412 INFO timestep: 40
2017-01-25 22:53:44,974 generate-graphs, line 417 INFO switch setting: R
2017-01-25 22:53:44,974 generate-graphs, line 421 INFO considered node: Laurenmouth
2017-01-25 22:53:44,974 generate-graphs, line 421 INFO considered node: South Michaelbury
2017-01-25 22:53:44,974 generate-graphs, line 438 INFO edge label: R
2017-01-25 22:53:44,974 generate-graphs, line 443 INFO visited node: South Michaelbury
2017-01-25 22:53:44,974 generate-graphs, line 412 INFO timestep: 41
2017-01-25 22:53:44,974 generate-graphs, line 417 INFO switch setting: L
2017-01-25 22:53:44,974 generate-graphs, line 421 INFO considered node: Ryanview
2017-01-25 22:53:44,974 generate-graphs, line 421 INFO considered node: Jenniferfort
2017-01-25 22:53:44,975 generate-graphs, line 438 INFO edge label: L
2017-01-25 22:53:44,975 generate-graphs, line 443 INFO visited node: Jenniferfort
2017-01-25 22:53:44,975 generate-graphs, line 412 INFO timestep: 42
2017-01-25 22:53:44,975 generate-graphs, line 417 INFO switch setting: R
2017-01-25 22:53:44,975 generate-graphs, line 421 INFO considered node: Laurenmouth
2017-01-25 22:53:44,975 generate-graphs, line 421 INFO considered node: South Michaelbury
2017-01-25 22:53:44,975 generate-graphs, line 438 INFO edge label: R
2017-01-25 22:53:44,975 generate-graphs, line 443 INFO visited node: South Michaelbury
2017-01-25 22:53:44,975 generate-graphs, line 412 INFO timestep: 43
2017-01-25 22:53:44,975 generate-graphs, line 417 INFO switch setting: L
2017-01-25 22:53:44,975 generate-graphs, line 421 INFO considered node: Ryanview
2017-01-25 22:53:44,975 generate-graphs, line 421 INFO considered node: Jenniferfort
2017-01-25 22:53:44,975 generate-graphs, line 438 INFO edge label: L
2017-01-25 22:53:44,976 generate-graphs, line 443 INFO visited node: Jenniferfort
2017-01-25 22:53:44,976 generate-graphs, line 412 INFO timestep: 44
2017-01-25 22:53:44,976 generate-graphs, line 417 INFO switch setting: R
2017-01-25 22:53:44,976 generate-graphs, line 421 INFO considered node: Laurenmouth
2017-01-25 22:53:44,976 generate-graphs, line 421 INFO considered node: South Michaelbury
2017-01-25 22:53:44,976 generate-graphs, line 438 INFO edge label: R
2017-01-25 22:53:44,976 generate-graphs, line 443 INFO visited node: South Michaelbury
2017-01-25 22:53:44,976 generate-graphs, line 412 INFO timestep: 45
2017-01-25 22:53:44,976 generate-graphs, line 417 INFO switch setting: L
2017-01-25 22:53:44,976 generate-graphs, line 421 INFO considered node: Ryanview
2017-01-25 22:53:44,976 generate-graphs, line 421 INFO considered node: Jenniferfort
2017-01-25 22:53:44,976 generate-graphs, line 438 INFO edge label: L
2017-01-25 22:53:44,977 generate-graphs, line 443 INFO visited node: Jenniferfort
2017-01-25 22:53:44,977 generate-graphs, line 412 INFO timestep: 46
2017-01-25 22:53:44,977 generate-graphs, line 417 INFO switch setting: R
2017-01-25 22:53:44,977 generate-graphs, line 421 INFO considered node: Laurenmouth
2017-01-25 22:53:44,977 generate-graphs, line 421 INFO considered node: South Michaelbury
2017-01-25 22:53:44,977 generate-graphs, line 438 INFO edge label: R
2017-01-25 22:53:44,977 generate-graphs, line 443 INFO visited node: South Michaelbury
2017-01-25 22:53:44,977 generate-graphs, line 412 INFO timestep: 47
2017-01-25 22:53:44,977 generate-graphs, line 417 INFO switch setting: L
2017-01-25 22:53:44,977 generate-graphs, line 421 INFO considered node: Ryanview
2017-01-25 22:53:44,977 generate-graphs, line 421 INFO considered node: Jenniferfort
2017-01-25 22:53:44,977 generate-graphs, line 438 INFO edge label: L
2017-01-25 22:53:44,978 generate-graphs, line 443 INFO visited node: Jenniferfort
2017-01-25 22:53:44,978 generate-graphs, line 412 INFO timestep: 48
2017-01-25 22:53:44,978 generate-graphs, line 417 INFO switch setting: R
2017-01-25 22:53:44,978 generate-graphs, line 421 INFO considered node: Laurenmouth
2017-01-25 22:53:44,978 generate-graphs, line 421 INFO considered node: South Michaelbury
2017-01-25 22:53:44,978 generate-graphs, line 438 INFO edge label: R
2017-01-25 22:53:44,978 generate-graphs, line 443 INFO visited node: South Michaelbury
2017-01-25 22:53:44,978 generate-graphs, line 412 INFO timestep: 49
2017-01-25 22:53:44,978 generate-graphs, line 417 INFO switch setting: L
2017-01-25 22:53:44,978 generate-graphs, line 421 INFO considered node: Ryanview
2017-01-25 22:53:44,978 generate-graphs, line 421 INFO considered node: Jenniferfort
2017-01-25 22:53:44,979 generate-graphs, line 438 INFO edge label: L
2017-01-25 22:53:44,979 generate-graphs, line 443 INFO visited node: Jenniferfort
2017-01-25 22:53:44,979 generate-graphs, line 412 INFO timestep: 50
2017-01-25 22:53:44,979 generate-graphs, line 417 INFO switch setting: R
2017-01-25 22:53:44,979 generate-graphs, line 421 INFO considered node: Laurenmouth
2017-01-25 22:53:44,979 generate-graphs, line 421 INFO considered node: South Michaelbury
2017-01-25 22:53:44,979 generate-graphs, line 438 INFO edge label: R
2017-01-25 22:53:44,979 generate-graphs, line 443 INFO visited node: South Michaelbury
2017-01-25 22:53:44,979 generate-graphs, line 412 INFO timestep: 51
2017-01-25 22:53:44,979 generate-graphs, line 417 INFO switch setting: L
2017-01-25 22:53:44,979 generate-graphs, line 421 INFO considered node: Ryanview
2017-01-25 22:53:44,979 generate-graphs, line 421 INFO considered node: Jenniferfort
2017-01-25 22:53:44,979 generate-graphs, line 438 INFO edge label: L
2017-01-25 22:53:44,980 generate-graphs, line 443 INFO visited node: Jenniferfort
2017-01-25 22:53:44,980 generate-graphs, line 412 INFO timestep: 52
2017-01-25 22:53:44,980 generate-graphs, line 417 INFO switch setting: R
2017-01-25 22:53:44,980 generate-graphs, line 421 INFO considered node: Laurenmouth
2017-01-25 22:53:44,980 generate-graphs, line 421 INFO considered node: South Michaelbury
2017-01-25 22:53:44,980 generate-graphs, line 438 INFO edge label: R
2017-01-25 22:53:44,980 generate-graphs, line 443 INFO visited node: South Michaelbury
2017-01-25 22:53:44,980 generate-graphs, line 412 INFO timestep: 53
2017-01-25 22:53:44,980 generate-graphs, line 417 INFO switch setting: L
2017-01-25 22:53:44,980 generate-graphs, line 421 INFO considered node: Ryanview
2017-01-25 22:53:44,980 generate-graphs, line 421 INFO considered node: Jenniferfort
2017-01-25 22:53:44,980 generate-graphs, line 438 INFO edge label: L
2017-01-25 22:53:44,981 generate-graphs, line 443 INFO visited node: Jenniferfort
2017-01-25 22:53:44,981 generate-graphs, line 412 INFO timestep: 54
2017-01-25 22:53:44,981 generate-graphs, line 417 INFO switch setting: R
2017-01-25 22:53:44,981 generate-graphs, line 421 INFO considered node: Laurenmouth
2017-01-25 22:53:44,981 generate-graphs, line 421 INFO considered node: South Michaelbury
2017-01-25 22:53:44,981 generate-graphs, line 438 INFO edge label: R
2017-01-25 22:53:44,981 generate-graphs, line 443 INFO visited node: South Michaelbury
2017-01-25 22:53:44,981 generate-graphs, line 412 INFO timestep: 55
2017-01-25 22:53:44,981 generate-graphs, line 417 INFO switch setting: L
2017-01-25 22:53:44,981 generate-graphs, line 421 INFO considered node: Ryanview
2017-01-25 22:53:44,981 generate-graphs, line 421 INFO considered node: Jenniferfort
2017-01-25 22:53:44,981 generate-graphs, line 438 INFO edge label: L
2017-01-25 22:53:44,982 generate-graphs, line 443 INFO visited node: Jenniferfort
2017-01-25 22:53:44,982 generate-graphs, line 412 INFO timestep: 56
2017-01-25 22:53:44,982 generate-graphs, line 417 INFO switch setting: R
2017-01-25 22:53:44,982 generate-graphs, line 421 INFO considered node: Laurenmouth
2017-01-25 22:53:44,982 generate-graphs, line 421 INFO considered node: South Michaelbury
2017-01-25 22:53:44,982 generate-graphs, line 438 INFO edge label: R
2017-01-25 22:53:44,982 generate-graphs, line 443 INFO visited node: South Michaelbury
2017-01-25 22:53:44,982 generate-graphs, line 412 INFO timestep: 57
2017-01-25 22:53:44,982 generate-graphs, line 417 INFO switch setting: L
2017-01-25 22:53:44,982 generate-graphs, line 421 INFO considered node: Ryanview
2017-01-25 22:53:44,982 generate-graphs, line 421 INFO considered node: Jenniferfort
2017-01-25 22:53:44,982 generate-graphs, line 438 INFO edge label: L
2017-01-25 22:53:44,983 generate-graphs, line 443 INFO visited node: Jenniferfort
2017-01-25 22:53:44,983 generate-graphs, line 412 INFO timestep: 58
2017-01-25 22:53:44,983 generate-graphs, line 417 INFO switch setting: R
2017-01-25 22:53:44,983 generate-graphs, line 421 INFO considered node: Laurenmouth
2017-01-25 22:53:44,983 generate-graphs, line 421 INFO considered node: South Michaelbury
2017-01-25 22:53:44,983 generate-graphs, line 438 INFO edge label: R
2017-01-25 22:53:44,983 generate-graphs, line 443 INFO visited node: South Michaelbury
2017-01-25 22:53:44,983 generate-graphs, line 412 INFO timestep: 59
2017-01-25 22:53:44,983 generate-graphs, line 417 INFO switch setting: L
2017-01-25 22:53:44,983 generate-graphs, line 421 INFO considered node: Ryanview
2017-01-25 22:53:44,983 generate-graphs, line 421 INFO considered node: Jenniferfort
2017-01-25 22:53:44,983 generate-graphs, line 438 INFO edge label: L
2017-01-25 22:53:44,984 generate-graphs, line 443 INFO visited node: Jenniferfort
2017-01-25 22:53:44,984 generate-graphs, line 412 INFO timestep: 60
2017-01-25 22:53:44,984 generate-graphs, line 417 INFO switch setting: R
2017-01-25 22:53:44,984 generate-graphs, line 421 INFO considered node: Laurenmouth
2017-01-25 22:53:44,984 generate-graphs, line 421 INFO considered node: South Michaelbury
2017-01-25 22:53:44,984 generate-graphs, line 438 INFO edge label: R
2017-01-25 22:53:44,984 generate-graphs, line 443 INFO visited node: South Michaelbury
2017-01-25 22:53:44,984 generate-graphs, line 412 INFO timestep: 61
2017-01-25 22:53:44,984 generate-graphs, line 417 INFO switch setting: L
2017-01-25 22:53:44,984 generate-graphs, line 421 INFO considered node: Ryanview
2017-01-25 22:53:44,984 generate-graphs, line 421 INFO considered node: Jenniferfort
2017-01-25 22:53:44,984 generate-graphs, line 438 INFO edge label: L
2017-01-25 22:53:44,985 generate-graphs, line 443 INFO visited node: Jenniferfort
2017-01-25 22:53:44,985 generate-graphs, line 412 INFO timestep: 62
2017-01-25 22:53:44,985 generate-graphs, line 417 INFO switch setting: R
2017-01-25 22:53:44,985 generate-graphs, line 421 INFO considered node: Laurenmouth
2017-01-25 22:53:44,985 generate-graphs, line 421 INFO considered node: South Michaelbury
2017-01-25 22:53:44,985 generate-graphs, line 438 INFO edge label: R
2017-01-25 22:53:44,985 generate-graphs, line 443 INFO visited node: South Michaelbury
2017-01-25 22:53:44,985 generate-graphs, line 412 INFO timestep: 63
2017-01-25 22:53:44,985 generate-graphs, line 417 INFO switch setting: L
2017-01-25 22:53:44,985 generate-graphs, line 421 INFO considered node: Ryanview
2017-01-25 22:53:44,985 generate-graphs, line 421 INFO considered node: Jenniferfort
2017-01-25 22:53:44,986 generate-graphs, line 438 INFO edge label: L
2017-01-25 22:53:44,986 generate-graphs, line 443 INFO visited node: Jenniferfort
2017-01-25 22:53:44,986 generate-graphs, line 447 INFO observations: ['R', 'R', 'L', 'R', 'L', 'R', 'L', 'R', 'L', 'R', 'L', 'R', 'L', 'R', 'L', 'R', 'L', 'R', 'L', 'R', 'L', 'R', 'L', 'R', 'L', 'R', 'L', 'R', 'L', 'R', 'L', 'R', 'L', 'R', 'L', 'R', 'L', 'R', 'L', 'R', 'L', 'R', 'L', 'R', 'L', 'R', 'L', 'R', 'L', 'R', 'L', 'R', 'L', 'R', 'L', 'R', 'L', 'R', 'L', 'R', 'L', 'R', 'L']
2017-01-25 22:53:44,997 generate-graphs, line 457 INFO ### Simulation ended ==<
2017-01-25 22:53:44,997 generate-graphs, line 105 INFO ### Graph plotting started ==>
2017-01-25 22:53:47,420 generate-graphs, line 121 INFO ### Graph plotting ended ==<
