2017-01-25 21:31:37,068 generate-graphs, line 470 INFO Experiment# 0
2017-01-25 21:31:37,068 generate-graphs, line 472 INFO dim 4
2017-01-25 21:31:37,083 generate-graphs, line 119 INFO ### Graph generation started ==>
2017-01-25 21:31:37,084 generate-graphs, line 166 INFO ### Graph generation ended ==<
2017-01-25 21:31:37,085 generate-graphs, line 91 INFO Degree sequence [3, 3, 3, 3, 3, 3, 3, 3, 3, 3, 3, 3, 3, 3, 3, 3]
2017-01-25 21:31:37,085 generate-graphs, line 92 INFO Degree histogram
2017-01-25 21:31:37,085 generate-graphs, line 99 INFO degree #nodes
2017-01-25 21:31:37,085 generate-graphs, line 101 INFO 3 16
2017-01-25 21:31:37,085 generate-graphs, line 176 INFO ### Labels setting started ==>
2017-01-25 21:31:37,085 generate-graphs, line 222 INFO {('Montgomeryshire', 'Blevinsstad'): 'O', ('Montgomeryshire', 'Jaimeport'): 'R', ('Montgomeryshire', 'Lake Lori'): 'L'}
2017-01-25 21:31:37,085 generate-graphs, line 223 INFO {}
2017-01-25 21:31:37,085 generate-graphs, line 222 INFO {('Aliciastad', 'Parkertown'): 'O', ('Aliciastad', 'Elizabethfurt'): 'L', ('Aliciastad', 'Blevinsstad'): 'R'}
2017-01-25 21:31:37,086 generate-graphs, line 223 INFO {}
2017-01-25 21:31:37,086 generate-graphs, line 222 INFO {('Elizabethfurt', 'Susanborough'): 'R', ('Elizabethfurt', 'Aliciastad'): 'O', ('Elizabethfurt', 'New Laurentown'): 'L'}
2017-01-25 21:31:37,086 generate-graphs, line 223 INFO {}
2017-01-25 21:31:37,086 generate-graphs, line 222 INFO {('Lake Lori', 'Robinsonmouth'): 'L', ('Lake Lori', 'New Stacy'): 'O', ('Lake Lori', 'Montgomeryshire'): 'R'}
2017-01-25 21:31:37,086 generate-graphs, line 223 INFO {}
2017-01-25 21:31:37,086 generate-graphs, line 222 INFO {('Reyesburgh', 'Port Cynthiashire'): 'L', ('Reyesburgh', 'Susanborough'): 'O', ('Reyesburgh', 'Parkertown'): 'R'}
2017-01-25 21:31:37,086 generate-graphs, line 223 INFO {}
2017-01-25 21:31:37,086 generate-graphs, line 222 INFO {('South Sierramouth', 'Robinsonmouth'): 'R', ('South Sierramouth', 'Port Matthewborough'): 'O', ('South Sierramouth', 'Port Cynthiashire'): 'L'}
2017-01-25 21:31:37,086 generate-graphs, line 223 INFO {}
2017-01-25 21:31:37,086 generate-graphs, line 222 INFO {('Susanborough', 'Elizabethfurt'): 'O', ('Susanborough', 'Morganberg'): 'L', ('Susanborough', 'Reyesburgh'): 'R'}
2017-01-25 21:31:37,087 generate-graphs, line 223 INFO {}
2017-01-25 21:31:37,087 generate-graphs, line 222 INFO {('Robinsonmouth', 'South Sierramouth'): 'R', ('Robinsonmouth', 'Morganberg'): 'L', ('Robinsonmouth', 'Lake Lori'): 'O'}
2017-01-25 21:31:37,087 generate-graphs, line 223 INFO {}
2017-01-25 21:31:37,087 generate-graphs, line 222 INFO {('New Laurentown', 'Blevinsstad'): 'O', ('New Laurentown', 'New Stacy'): 'R', ('New Laurentown', 'Elizabethfurt'): 'L'}
2017-01-25 21:31:37,087 generate-graphs, line 223 INFO {}
2017-01-25 21:31:37,087 generate-graphs, line 222 INFO {('Port Matthewborough', 'Jaimeport'): 'L', ('Port Matthewborough', 'Morganberg'): 'O', ('Port Matthewborough', 'South Sierramouth'): 'R'}
2017-01-25 21:31:37,087 generate-graphs, line 223 INFO {}
2017-01-25 21:31:37,087 generate-graphs, line 222 INFO {('Blevinsstad', 'Aliciastad'): 'L', ('Blevinsstad', 'New Laurentown'): 'O', ('Blevinsstad', 'Montgomeryshire'): 'R'}
2017-01-25 21:31:37,087 generate-graphs, line 223 INFO {}
2017-01-25 21:31:37,087 generate-graphs, line 222 INFO {('New Stacy', 'Lake Lori'): 'R', ('New Stacy', 'New Laurentown'): 'L', ('New Stacy', 'Jaimeport'): 'O'}
2017-01-25 21:31:37,088 generate-graphs, line 223 INFO {}
2017-01-25 21:31:37,088 generate-graphs, line 222 INFO {('Port Cynthiashire', 'Reyesburgh'): 'R', ('Port Cynthiashire', 'South Sierramouth'): 'O', ('Port Cynthiashire', 'Parkertown'): 'L'}
2017-01-25 21:31:37,088 generate-graphs, line 223 INFO {}
2017-01-25 21:31:37,088 generate-graphs, line 222 INFO {('Parkertown', 'Aliciastad'): 'L', ('Parkertown', 'Reyesburgh'): 'O', ('Parkertown', 'Port Cynthiashire'): 'R'}
2017-01-25 21:31:37,088 generate-graphs, line 223 INFO {}
2017-01-25 21:31:37,088 generate-graphs, line 222 INFO {('Jaimeport', 'Montgomeryshire'): 'R', ('Jaimeport', 'Port Matthewborough'): 'O', ('Jaimeport', 'New Stacy'): 'L'}
2017-01-25 21:31:37,088 generate-graphs, line 223 INFO {}
2017-01-25 21:31:37,088 generate-graphs, line 222 INFO {('Morganberg', 'Robinsonmouth'): 'R', ('Morganberg', 'Susanborough'): 'O', ('Morganberg', 'Port Matthewborough'): 'L'}
2017-01-25 21:31:37,088 generate-graphs, line 223 INFO {}
2017-01-25 21:31:37,089 generate-graphs, line 377 INFO ### Switches setting started ==>
2017-01-25 21:31:37,089 generate-graphs, line 379 INFO {'New Stacy': 'L', 'Montgomeryshire': 'L', 'Aliciastad': 'L', 'Port Cynthiashire': 'R', 'Robinsonmouth': 'R', 'Elizabethfurt': 'R', 'Parkertown': 'L', 'New Laurentown': 'L', 'Port Matthewborough': 'R', 'Jaimeport': 'R', 'Lake Lori': 'L', 'Reyesburgh': 'L', 'South Sierramouth': 'L', 'Blevinsstad': 'R', 'Morganberg': 'R', 'Susanborough': 'L'}
2017-01-25 21:31:37,089 generate-graphs, line 381 INFO ### Switches setting ended ==<
2017-01-25 21:31:37,095 generate-graphs, line 485 ERROR Unable to write file sim-896465-170125-213137-exp-0.gml
2017-01-25 21:31:37,095 generate-graphs, line 388 INFO ### Simulation started ==>
2017-01-25 21:31:37,095 generate-graphs, line 394 INFO timestep: 0
2017-01-25 21:31:37,096 generate-graphs, line 398 INFO visited node: Lake Lori
2017-01-25 21:31:37,096 generate-graphs, line 404 INFO timestep: 1
2017-01-25 21:31:37,096 generate-graphs, line 409 INFO switch setting: L
2017-01-25 21:31:37,096 generate-graphs, line 413 INFO considered node: New Stacy
2017-01-25 21:31:37,096 generate-graphs, line 413 INFO considered node: Montgomeryshire
2017-01-25 21:31:37,096 generate-graphs, line 413 INFO considered node: Robinsonmouth
2017-01-25 21:31:37,096 generate-graphs, line 430 INFO edge label: L
2017-01-25 21:31:37,096 generate-graphs, line 435 INFO visited node: Robinsonmouth
2017-01-25 21:31:37,096 generate-graphs, line 404 INFO timestep: 2
2017-01-25 21:31:37,096 generate-graphs, line 409 INFO switch setting: R
2017-01-25 21:31:37,096 generate-graphs, line 413 INFO considered node: Lake Lori
2017-01-25 21:31:37,097 generate-graphs, line 413 INFO considered node: South Sierramouth
2017-01-25 21:31:37,097 generate-graphs, line 430 INFO edge label: R
2017-01-25 21:31:37,097 generate-graphs, line 435 INFO visited node: South Sierramouth
2017-01-25 21:31:37,097 generate-graphs, line 404 INFO timestep: 3
2017-01-25 21:31:37,097 generate-graphs, line 409 INFO switch setting: L
2017-01-25 21:31:37,097 generate-graphs, line 413 INFO considered node: Port Cynthiashire
2017-01-25 21:31:37,097 generate-graphs, line 430 INFO edge label: L
2017-01-25 21:31:37,097 generate-graphs, line 435 INFO visited node: Port Cynthiashire
2017-01-25 21:31:37,097 generate-graphs, line 404 INFO timestep: 4
2017-01-25 21:31:37,097 generate-graphs, line 409 INFO switch setting: R
2017-01-25 21:31:37,097 generate-graphs, line 413 INFO considered node: South Sierramouth
2017-01-25 21:31:37,097 generate-graphs, line 413 INFO considered node: Reyesburgh
2017-01-25 21:31:37,098 generate-graphs, line 430 INFO edge label: R
2017-01-25 21:31:37,098 generate-graphs, line 435 INFO visited node: Reyesburgh
2017-01-25 21:31:37,098 generate-graphs, line 404 INFO timestep: 5
2017-01-25 21:31:37,098 generate-graphs, line 409 INFO switch setting: L
2017-01-25 21:31:37,098 generate-graphs, line 413 INFO considered node: Port Cynthiashire
2017-01-25 21:31:37,098 generate-graphs, line 430 INFO edge label: L
2017-01-25 21:31:37,098 generate-graphs, line 435 INFO visited node: Port Cynthiashire
2017-01-25 21:31:37,098 generate-graphs, line 404 INFO timestep: 6
2017-01-25 21:31:37,098 generate-graphs, line 409 INFO switch setting: R
2017-01-25 21:31:37,098 generate-graphs, line 413 INFO considered node: South Sierramouth
2017-01-25 21:31:37,098 generate-graphs, line 413 INFO considered node: Reyesburgh
2017-01-25 21:31:37,098 generate-graphs, line 430 INFO edge label: R
2017-01-25 21:31:37,098 generate-graphs, line 435 INFO visited node: Reyesburgh
2017-01-25 21:31:37,099 generate-graphs, line 404 INFO timestep: 7
2017-01-25 21:31:37,099 generate-graphs, line 409 INFO switch setting: L
2017-01-25 21:31:37,099 generate-graphs, line 413 INFO considered node: Port Cynthiashire
2017-01-25 21:31:37,099 generate-graphs, line 430 INFO edge label: L
2017-01-25 21:31:37,099 generate-graphs, line 435 INFO visited node: Port Cynthiashire
2017-01-25 21:31:37,099 generate-graphs, line 404 INFO timestep: 8
2017-01-25 21:31:37,099 generate-graphs, line 409 INFO switch setting: R
2017-01-25 21:31:37,099 generate-graphs, line 413 INFO considered node: South Sierramouth
2017-01-25 21:31:37,099 generate-graphs, line 413 INFO considered node: Reyesburgh
2017-01-25 21:31:37,099 generate-graphs, line 430 INFO edge label: R
2017-01-25 21:31:37,099 generate-graphs, line 435 INFO visited node: Reyesburgh
2017-01-25 21:31:37,099 generate-graphs, line 404 INFO timestep: 9
2017-01-25 21:31:37,099 generate-graphs, line 409 INFO switch setting: L
2017-01-25 21:31:37,100 generate-graphs, line 413 INFO considered node: Port Cynthiashire
2017-01-25 21:31:37,100 generate-graphs, line 430 INFO edge label: L
2017-01-25 21:31:37,100 generate-graphs, line 435 INFO visited node: Port Cynthiashire
2017-01-25 21:31:37,100 generate-graphs, line 404 INFO timestep: 10
2017-01-25 21:31:37,100 generate-graphs, line 409 INFO switch setting: R
2017-01-25 21:31:37,100 generate-graphs, line 413 INFO considered node: South Sierramouth
2017-01-25 21:31:37,100 generate-graphs, line 413 INFO considered node: Reyesburgh
2017-01-25 21:31:37,100 generate-graphs, line 430 INFO edge label: R
2017-01-25 21:31:37,100 generate-graphs, line 435 INFO visited node: Reyesburgh
2017-01-25 21:31:37,100 generate-graphs, line 404 INFO timestep: 11
2017-01-25 21:31:37,100 generate-graphs, line 409 INFO switch setting: L
2017-01-25 21:31:37,100 generate-graphs, line 413 INFO considered node: Port Cynthiashire
2017-01-25 21:31:37,101 generate-graphs, line 430 INFO edge label: L
2017-01-25 21:31:37,101 generate-graphs, line 435 INFO visited node: Port Cynthiashire
2017-01-25 21:31:37,101 generate-graphs, line 404 INFO timestep: 12
2017-01-25 21:31:37,101 generate-graphs, line 409 INFO switch setting: R
2017-01-25 21:31:37,101 generate-graphs, line 413 INFO considered node: South Sierramouth
2017-01-25 21:31:37,101 generate-graphs, line 413 INFO considered node: Reyesburgh
2017-01-25 21:31:37,101 generate-graphs, line 430 INFO edge label: R
2017-01-25 21:31:37,101 generate-graphs, line 435 INFO visited node: Reyesburgh
2017-01-25 21:31:37,101 generate-graphs, line 404 INFO timestep: 13
2017-01-25 21:31:37,101 generate-graphs, line 409 INFO switch setting: L
2017-01-25 21:31:37,101 generate-graphs, line 413 INFO considered node: Port Cynthiashire
2017-01-25 21:31:37,101 generate-graphs, line 430 INFO edge label: L
2017-01-25 21:31:37,101 generate-graphs, line 435 INFO visited node: Port Cynthiashire
2017-01-25 21:31:37,102 generate-graphs, line 404 INFO timestep: 14
2017-01-25 21:31:37,102 generate-graphs, line 409 INFO switch setting: R
2017-01-25 21:31:37,102 generate-graphs, line 413 INFO considered node: South Sierramouth
2017-01-25 21:31:37,102 generate-graphs, line 413 INFO considered node: Reyesburgh
2017-01-25 21:31:37,102 generate-graphs, line 430 INFO edge label: R
2017-01-25 21:31:37,102 generate-graphs, line 435 INFO visited node: Reyesburgh
2017-01-25 21:31:37,102 generate-graphs, line 404 INFO timestep: 15
2017-01-25 21:31:37,102 generate-graphs, line 409 INFO switch setting: L
2017-01-25 21:31:37,102 generate-graphs, line 413 INFO considered node: Port Cynthiashire
2017-01-25 21:31:37,102 generate-graphs, line 430 INFO edge label: L
2017-01-25 21:31:37,102 generate-graphs, line 435 INFO visited node: Port Cynthiashire
2017-01-25 21:31:37,102 generate-graphs, line 439 INFO observations: ['L', 'R', 'L', 'R', 'L', 'R', 'L', 'R', 'L', 'R', 'L', 'R', 'L', 'R', 'L']
2017-01-25 21:31:37,112 generate-graphs, line 449 INFO ### Simulation ended ==<
