2017-01-26 19:41:10,939 generategraphs, line 619 INFO Experiment# 0
2017-01-26 19:41:10,939 generategraphs, line 621 INFO dim 3
2017-01-26 19:41:10,948 generategraphs, line 128 INFO ### Graph generation started ==>
2017-01-26 19:41:10,949 generategraphs, line 175 INFO ### Graph generation ended ==<
2017-01-26 19:41:10,949 generategraphs, line 92 INFO Degree sequence [3, 3, 3, 3, 3, 3]
2017-01-26 19:41:10,949 generategraphs, line 93 INFO Degree histogram
2017-01-26 19:41:10,949 generategraphs, line 100 INFO degree #nodes
2017-01-26 19:41:10,949 generategraphs, line 102 INFO 3 6
2017-01-26 19:41:10,949 generategraphs, line 186 INFO ### Labels setting started ==>
2017-01-26 19:41:10,949 generategraphs, line 234 INFO {('Biancashire', 'Ortegamouth'): 'O', ('Biancashire', 'West Christopher'): 'R', ('Biancashire', 'East Lisa'): 'L'}
2017-01-26 19:41:10,949 generategraphs, line 235 INFO {}
2017-01-26 19:41:10,950 generategraphs, line 234 INFO {('West Christopher', 'Biancashire'): 'L', ('West Christopher', 'North Johnmouth'): 'R', ('West Christopher', 'South Christopher'): 'O'}
2017-01-26 19:41:10,950 generategraphs, line 235 INFO {}
2017-01-26 19:41:10,950 generategraphs, line 234 INFO {('South Christopher', 'West Christopher'): 'O', ('South Christopher', 'East Lisa'): 'L', ('South Christopher', 'North Johnmouth'): 'R'}
2017-01-26 19:41:10,950 generategraphs, line 235 INFO {}
2017-01-26 19:41:10,950 generategraphs, line 234 INFO {('Ortegamouth', 'North Johnmouth'): 'O', ('Ortegamouth', 'Biancashire'): 'L', ('Ortegamouth', 'East Lisa'): 'R'}
2017-01-26 19:41:10,950 generategraphs, line 235 INFO {}
2017-01-26 19:41:10,950 generategraphs, line 234 INFO {('North Johnmouth', 'West Christopher'): 'R', ('North Johnmouth', 'Ortegamouth'): 'O', ('North Johnmouth', 'South Christopher'): 'L'}
2017-01-26 19:41:10,950 generategraphs, line 235 INFO {}
2017-01-26 19:41:10,950 generategraphs, line 234 INFO {('East Lisa', 'Biancashire'): 'O', ('East Lisa', 'South Christopher'): 'R', ('East Lisa', 'Ortegamouth'): 'L'}
2017-01-26 19:41:10,950 generategraphs, line 235 INFO {}
2017-01-26 19:41:10,951 generategraphs, line 386 INFO ### Labels setting ended ==<
2017-01-26 19:41:10,951 generategraphs, line 393 INFO ### Switches setting started ==>
2017-01-26 19:41:10,951 generategraphs, line 395 INFO {'Biancashire': 'R', 'West Christopher': 'R', 'South Christopher': 'L', 'Ortegamouth': 'R', 'North Johnmouth': 'R', 'East Lisa': 'R'}
2017-01-26 19:41:10,951 generategraphs, line 397 INFO ### Switches setting ended ==<
2017-01-26 19:41:10,957 generategraphs, line 642 ERROR Unable to write file sim-840758-170126-194110-exp-0.gml
2017-01-26 19:41:10,957 generategraphs, line 493 INFO ### Simulation started ==>
2017-01-26 19:41:10,958 generategraphs, line 511 INFO timestep: 0
2017-01-26 19:41:10,958 generategraphs, line 515 INFO timestep: 0, next node: Ortegamouth
2017-01-26 19:41:10,958 generategraphs, line 527 INFO timestep: 0, edge: ('Ortegamouth', 'North Johnmouth'), correct label: O, emitted label: O
2017-01-26 19:41:10,958 generategraphs, line 537 INFO timestep: 0, switch setting: R @ node: Ortegamouth
2017-01-26 19:41:10,958 generategraphs, line 546 INFO timestep: 0, considered node: Biancashire
2017-01-26 19:41:10,958 generategraphs, line 546 INFO timestep: 0, considered node: North Johnmouth
2017-01-26 19:41:10,958 generategraphs, line 546 INFO timestep: 0, considered node: East Lisa
2017-01-26 19:41:10,958 generategraphs, line 564 INFO next edge: ('Ortegamouth', 'East Lisa'), correct label: R, emitted label: R
2017-01-26 19:41:10,958 generategraphs, line 579 INFO timestep: 0, next node: East Lisa
2017-01-26 19:41:10,958 generategraphs, line 511 INFO timestep: 0
2017-01-26 19:41:10,958 generategraphs, line 515 INFO timestep: 1, next node: East Lisa
2017-01-26 19:41:10,959 generategraphs, line 527 INFO timestep: 1, edge: ('Ortegamouth', 'East Lisa'), correct label: L, emitted label: L
2017-01-26 19:41:10,959 generategraphs, line 537 INFO timestep: 1, switch setting: R @ node: East Lisa
2017-01-26 19:41:10,959 generategraphs, line 546 INFO timestep: 1, considered node: South Christopher
2017-01-26 19:41:10,959 generategraphs, line 546 INFO timestep: 1, considered node: Ortegamouth
2017-01-26 19:41:10,959 generategraphs, line 546 INFO timestep: 1, considered node: Biancashire
2017-01-26 19:41:10,959 generategraphs, line 564 INFO next edge: ('East Lisa', 'Biancashire'), correct label: O, emitted label: O
2017-01-26 19:41:10,959 generategraphs, line 579 INFO timestep: 1, next node: Biancashire
2017-01-26 19:41:10,959 generategraphs, line 511 INFO timestep: 0
2017-01-26 19:41:10,959 generategraphs, line 515 INFO timestep: 2, next node: Biancashire
2017-01-26 19:41:10,959 generategraphs, line 527 INFO timestep: 2, edge: ('East Lisa', 'Biancashire'), correct label: L, emitted label: O
2017-01-26 19:41:10,959 generategraphs, line 537 INFO timestep: 2, switch setting: R @ node: Biancashire
2017-01-26 19:41:10,959 generategraphs, line 546 INFO timestep: 2, considered node: Ortegamouth
2017-01-26 19:41:10,960 generategraphs, line 564 INFO next edge: ('Biancashire', 'Ortegamouth'), correct label: O, emitted label: O
2017-01-26 19:41:10,960 generategraphs, line 579 INFO timestep: 2, next node: Ortegamouth
2017-01-26 19:41:10,960 generategraphs, line 511 INFO timestep: 0
2017-01-26 19:41:10,960 generategraphs, line 515 INFO timestep: 3, next node: Ortegamouth
2017-01-26 19:41:10,960 generategraphs, line 527 INFO timestep: 3, edge: ('Biancashire', 'Ortegamouth'), correct label: L, emitted label: R
2017-01-26 19:41:10,960 generategraphs, line 537 INFO timestep: 3, switch setting: R @ node: Ortegamouth
2017-01-26 19:41:10,960 generategraphs, line 546 INFO timestep: 3, considered node: Biancashire
2017-01-26 19:41:10,960 generategraphs, line 546 INFO timestep: 3, considered node: North Johnmouth
2017-01-26 19:41:10,960 generategraphs, line 564 INFO next edge: ('Ortegamouth', 'North Johnmouth'), correct label: O, emitted label: O
2017-01-26 19:41:10,960 generategraphs, line 579 INFO timestep: 3, next node: North Johnmouth
2017-01-26 19:41:10,960 generategraphs, line 511 INFO timestep: 0
2017-01-26 19:41:10,960 generategraphs, line 515 INFO timestep: 4, next node: North Johnmouth
2017-01-26 19:41:10,961 generategraphs, line 527 INFO timestep: 4, edge: ('Ortegamouth', 'North Johnmouth'), correct label: O, emitted label: O
2017-01-26 19:41:10,961 generategraphs, line 537 INFO timestep: 4, switch setting: R @ node: North Johnmouth
2017-01-26 19:41:10,961 generategraphs, line 546 INFO timestep: 4, considered node: South Christopher
2017-01-26 19:41:10,961 generategraphs, line 546 INFO timestep: 4, considered node: Ortegamouth
2017-01-26 19:41:10,961 generategraphs, line 546 INFO timestep: 4, considered node: West Christopher
2017-01-26 19:41:10,961 generategraphs, line 564 INFO next edge: ('North Johnmouth', 'West Christopher'), correct label: R, emitted label: R
2017-01-26 19:41:10,961 generategraphs, line 579 INFO timestep: 4, next node: West Christopher
2017-01-26 19:41:10,961 generategraphs, line 511 INFO timestep: 0
2017-01-26 19:41:10,961 generategraphs, line 515 INFO timestep: 5, next node: West Christopher
2017-01-26 19:41:10,961 generategraphs, line 527 INFO timestep: 5, edge: ('North Johnmouth', 'West Christopher'), correct label: R, emitted label: R
2017-01-26 19:41:10,961 generategraphs, line 537 INFO timestep: 5, switch setting: R @ node: West Christopher
2017-01-26 19:41:10,961 generategraphs, line 546 INFO timestep: 5, considered node: South Christopher
2017-01-26 19:41:10,962 generategraphs, line 564 INFO next edge: ('West Christopher', 'South Christopher'), correct label: O, emitted label: O
2017-01-26 19:41:10,962 generategraphs, line 579 INFO timestep: 5, next node: South Christopher
2017-01-26 19:41:10,962 generategraphs, line 511 INFO timestep: 0
2017-01-26 19:41:10,962 generategraphs, line 515 INFO timestep: 6, next node: South Christopher
2017-01-26 19:41:10,962 generategraphs, line 527 INFO timestep: 6, edge: ('West Christopher', 'South Christopher'), correct label: O, emitted label: O
2017-01-26 19:41:10,962 generategraphs, line 537 INFO timestep: 6, switch setting: L @ node: South Christopher
2017-01-26 19:41:10,962 generategraphs, line 546 INFO timestep: 6, considered node: North Johnmouth
2017-01-26 19:41:10,962 generategraphs, line 546 INFO timestep: 6, considered node: East Lisa
2017-01-26 19:41:10,962 generategraphs, line 564 INFO next edge: ('South Christopher', 'East Lisa'), correct label: L, emitted label: L
2017-01-26 19:41:10,962 generategraphs, line 579 INFO timestep: 6, next node: East Lisa
2017-01-26 19:41:10,962 generategraphs, line 511 INFO timestep: 0
2017-01-26 19:41:10,962 generategraphs, line 515 INFO timestep: 7, next node: East Lisa
2017-01-26 19:41:10,963 generategraphs, line 527 INFO timestep: 7, edge: ('South Christopher', 'East Lisa'), correct label: R, emitted label: R
2017-01-26 19:41:10,963 generategraphs, line 537 INFO timestep: 7, switch setting: R @ node: East Lisa
2017-01-26 19:41:10,963 generategraphs, line 546 INFO timestep: 7, considered node: South Christopher
2017-01-26 19:41:10,963 generategraphs, line 546 INFO timestep: 7, considered node: Ortegamouth
2017-01-26 19:41:10,963 generategraphs, line 546 INFO timestep: 7, considered node: Biancashire
2017-01-26 19:41:10,963 generategraphs, line 564 INFO next edge: ('East Lisa', 'Biancashire'), correct label: O, emitted label: O
2017-01-26 19:41:10,963 generategraphs, line 579 INFO timestep: 7, next node: Biancashire
2017-01-26 19:41:10,963 generategraphs, line 511 INFO timestep: 0
2017-01-26 19:41:10,963 generategraphs, line 515 INFO timestep: 8, next node: Biancashire
2017-01-26 19:41:10,963 generategraphs, line 527 INFO timestep: 8, edge: ('East Lisa', 'Biancashire'), correct label: L, emitted label: L
2017-01-26 19:41:10,963 generategraphs, line 537 INFO timestep: 8, switch setting: R @ node: Biancashire
2017-01-26 19:41:10,963 generategraphs, line 546 INFO timestep: 8, considered node: Ortegamouth
2017-01-26 19:41:10,963 generategraphs, line 564 INFO next edge: ('Biancashire', 'Ortegamouth'), correct label: O, emitted label: O
2017-01-26 19:41:10,964 generategraphs, line 579 INFO timestep: 8, next node: Ortegamouth
2017-01-26 19:41:10,964 generategraphs, line 511 INFO timestep: 0
2017-01-26 19:41:10,964 generategraphs, line 515 INFO timestep: 9, next node: Ortegamouth
2017-01-26 19:41:10,964 generategraphs, line 527 INFO timestep: 9, edge: ('Biancashire', 'Ortegamouth'), correct label: L, emitted label: L
2017-01-26 19:41:10,964 generategraphs, line 537 INFO timestep: 9, switch setting: R @ node: Ortegamouth
2017-01-26 19:41:10,964 generategraphs, line 546 INFO timestep: 9, considered node: Biancashire
2017-01-26 19:41:10,964 generategraphs, line 546 INFO timestep: 9, considered node: North Johnmouth
2017-01-26 19:41:10,964 generategraphs, line 564 INFO next edge: ('Ortegamouth', 'North Johnmouth'), correct label: O, emitted label: O
2017-01-26 19:41:10,964 generategraphs, line 579 INFO timestep: 9, next node: North Johnmouth
2017-01-26 19:41:10,964 generategraphs, line 586 INFO observations: ['O', 'R', 'L', 'O', 'O', 'O', 'R', 'O', 'O', 'R', 'R', 'O', 'O', 'L', 'R', 'O', 'L', 'O', 'L', 'O']
2017-01-26 19:41:10,975 generategraphs, line 596 INFO ### Simulation ended ==<
2017-01-26 19:41:10,978 generategraphs, line 106 INFO ### Graph plotting started ==>
2017-01-26 19:41:19,351 generategraphs, line 122 INFO ### Graph plotting ended ==<
