2017-01-25 22:53:42,650 generate-graphs, line 479 INFO Experiment# 0
2017-01-25 22:53:42,650 generate-graphs, line 481 INFO dim 4
2017-01-25 22:53:42,665 generate-graphs, line 127 INFO ### Graph generation started ==>
2017-01-25 22:53:42,666 generate-graphs, line 174 INFO ### Graph generation ended ==<
2017-01-25 22:53:42,666 generate-graphs, line 91 INFO Degree sequence [3, 3, 3, 3, 3, 3, 3, 3, 3, 3, 3, 3, 3, 3, 3, 3]
2017-01-25 22:53:42,666 generate-graphs, line 92 INFO Degree histogram
2017-01-25 22:53:42,667 generate-graphs, line 99 INFO degree #nodes
2017-01-25 22:53:42,667 generate-graphs, line 101 INFO 3 16
2017-01-25 22:53:42,667 generate-graphs, line 184 INFO ### Labels setting started ==>
2017-01-25 22:53:42,667 generate-graphs, line 230 INFO {('South Amandachester', 'Michelleshire'): 'L', ('South Amandachester', 'Port John'): 'O', ('South Amandachester', 'Danielfurt'): 'R'}
2017-01-25 22:53:42,667 generate-graphs, line 231 INFO {}
2017-01-25 22:53:42,667 generate-graphs, line 230 INFO {('Greenview', 'Rebeccabury'): 'O', ('Greenview', 'Mcclainshire'): 'L', ('Greenview', 'Lake Shannontown'): 'R'}
2017-01-25 22:53:42,667 generate-graphs, line 231 INFO {}
2017-01-25 22:53:42,667 generate-graphs, line 230 INFO {('Port John', 'Lake Shannontown'): 'R', ('Port John', 'South Amandachester'): 'O', ('Port John', 'Coxborough'): 'L'}
2017-01-25 22:53:42,667 generate-graphs, line 231 INFO {}
2017-01-25 22:53:42,668 generate-graphs, line 230 INFO {('Hernandeztown', 'Danielfurt'): 'L', ('Hernandeztown', 'Lake Shannontown'): 'R', ('Hernandeztown', 'Rebeccabury'): 'O'}
2017-01-25 22:53:42,668 generate-graphs, line 231 INFO {}
2017-01-25 22:53:42,668 generate-graphs, line 230 INFO {('South Gregoryton', 'Lake Adrian'): 'L', ('South Gregoryton', 'Michelleshire'): 'R', ('South Gregoryton', 'New Joshuaport'): 'O'}
2017-01-25 22:53:42,668 generate-graphs, line 231 INFO {}
2017-01-25 22:53:42,668 generate-graphs, line 230 INFO {('Michelleshire', 'Michaelborough'): 'O', ('Michelleshire', 'South Amandachester'): 'R', ('Michelleshire', 'South Gregoryton'): 'L'}
2017-01-25 22:53:42,668 generate-graphs, line 231 INFO {}
2017-01-25 22:53:42,668 generate-graphs, line 230 INFO {('Michaelborough', 'New Joshuaport'): 'L', ('Michaelborough', 'New Johnton'): 'O', ('Michaelborough', 'Michelleshire'): 'R'}
2017-01-25 22:53:42,668 generate-graphs, line 231 INFO {}
2017-01-25 22:53:42,668 generate-graphs, line 230 INFO {('Mcclainshire', 'New Johnton'): 'O', ('Mcclainshire', 'Greenview'): 'L', ('Mcclainshire', 'Harringtonbury'): 'R'}
2017-01-25 22:53:42,668 generate-graphs, line 231 INFO {}
2017-01-25 22:53:42,669 generate-graphs, line 230 INFO {('New Johnton', 'Mcclainshire'): 'O', ('New Johnton', 'Michaelborough'): 'R', ('New Johnton', 'Harringtonbury'): 'L'}
2017-01-25 22:53:42,669 generate-graphs, line 231 INFO {}
2017-01-25 22:53:42,669 generate-graphs, line 230 INFO {('Harringtonbury', 'Mcclainshire'): 'R', ('Harringtonbury', 'Lake Adrian'): 'O', ('Harringtonbury', 'New Johnton'): 'L'}
2017-01-25 22:53:42,669 generate-graphs, line 231 INFO {}
2017-01-25 22:53:42,669 generate-graphs, line 230 INFO {('Lake Shannontown', 'Greenview'): 'L', ('Lake Shannontown', 'Hernandeztown'): 'R', ('Lake Shannontown', 'Port John'): 'O'}
2017-01-25 22:53:42,669 generate-graphs, line 231 INFO {}
2017-01-25 22:53:42,669 generate-graphs, line 230 INFO {('Danielfurt', 'Hernandeztown'): 'R', ('Danielfurt', 'South Amandachester'): 'O', ('Danielfurt', 'Coxborough'): 'L'}
2017-01-25 22:53:42,669 generate-graphs, line 231 INFO {}
2017-01-25 22:53:42,669 generate-graphs, line 230 INFO {('New Joshuaport', 'Michaelborough'): 'R', ('New Joshuaport', 'Coxborough'): 'O', ('New Joshuaport', 'South Gregoryton'): 'L'}
2017-01-25 22:53:42,669 generate-graphs, line 231 INFO {}
2017-01-25 22:53:42,669 generate-graphs, line 230 INFO {('Lake Adrian', 'South Gregoryton'): 'O', ('Lake Adrian', 'Rebeccabury'): 'L', ('Lake Adrian', 'Harringtonbury'): 'R'}
2017-01-25 22:53:42,670 generate-graphs, line 231 INFO {}
2017-01-25 22:53:42,670 generate-graphs, line 230 INFO {('Rebeccabury', 'Lake Adrian'): 'L', ('Rebeccabury', 'Greenview'): 'R', ('Rebeccabury', 'Hernandeztown'): 'O'}
2017-01-25 22:53:42,670 generate-graphs, line 231 INFO {}
2017-01-25 22:53:42,670 generate-graphs, line 230 INFO {('Coxborough', 'Danielfurt'): 'O', ('Coxborough', 'New Joshuaport'): 'L', ('Coxborough', 'Port John'): 'R'}
2017-01-25 22:53:42,670 generate-graphs, line 231 INFO {}
2017-01-25 22:53:42,670 generate-graphs, line 385 INFO ### Switches setting started ==>
2017-01-25 22:53:42,671 generate-graphs, line 387 INFO {'South Amandachester': 'L', 'Lake Adrian': 'L', 'New Johnton': 'L', 'Harringtonbury': 'L', 'Rebeccabury': 'L', 'Mcclainshire': 'R', 'Michelleshire': 'R', 'Lake Shannontown': 'L', 'Michaelborough': 'R', 'Greenview': 'R', 'Danielfurt': 'L', 'Port John': 'L', 'Coxborough': 'L', 'Hernandeztown': 'L', 'South Gregoryton': 'L', 'New Joshuaport': 'L'}
2017-01-25 22:53:42,671 generate-graphs, line 389 INFO ### Switches setting ended ==<
2017-01-25 22:53:42,677 generate-graphs, line 494 ERROR Unable to write file sim-810425-170125-225342-exp-0.gml
2017-01-25 22:53:42,677 generate-graphs, line 396 INFO ### Simulation started ==>
2017-01-25 22:53:42,677 generate-graphs, line 402 INFO timestep: 0
2017-01-25 22:53:42,677 generate-graphs, line 406 INFO visited node: Mcclainshire
2017-01-25 22:53:42,677 generate-graphs, line 412 INFO timestep: 1
2017-01-25 22:53:42,677 generate-graphs, line 417 INFO switch setting: R
2017-01-25 22:53:42,677 generate-graphs, line 421 INFO considered node: Greenview
2017-01-25 22:53:42,678 generate-graphs, line 421 INFO considered node: New Johnton
2017-01-25 22:53:42,678 generate-graphs, line 421 INFO considered node: Harringtonbury
2017-01-25 22:53:42,678 generate-graphs, line 438 INFO edge label: R
2017-01-25 22:53:42,678 generate-graphs, line 443 INFO visited node: Harringtonbury
2017-01-25 22:53:42,678 generate-graphs, line 412 INFO timestep: 2
2017-01-25 22:53:42,678 generate-graphs, line 417 INFO switch setting: L
2017-01-25 22:53:42,678 generate-graphs, line 421 INFO considered node: Mcclainshire
2017-01-25 22:53:42,678 generate-graphs, line 421 INFO considered node: Lake Adrian
2017-01-25 22:53:42,678 generate-graphs, line 421 INFO considered node: New Johnton
2017-01-25 22:53:42,678 generate-graphs, line 438 INFO edge label: L
2017-01-25 22:53:42,678 generate-graphs, line 443 INFO visited node: New Johnton
2017-01-25 22:53:42,678 generate-graphs, line 412 INFO timestep: 3
2017-01-25 22:53:42,678 generate-graphs, line 417 INFO switch setting: L
2017-01-25 22:53:42,679 generate-graphs, line 421 INFO considered node: Mcclainshire
2017-01-25 22:53:42,679 generate-graphs, line 421 INFO considered node: Harringtonbury
2017-01-25 22:53:42,679 generate-graphs, line 438 INFO edge label: L
2017-01-25 22:53:42,679 generate-graphs, line 443 INFO visited node: Harringtonbury
2017-01-25 22:53:42,679 generate-graphs, line 412 INFO timestep: 4
2017-01-25 22:53:42,679 generate-graphs, line 417 INFO switch setting: L
2017-01-25 22:53:42,679 generate-graphs, line 421 INFO considered node: Mcclainshire
2017-01-25 22:53:42,679 generate-graphs, line 421 INFO considered node: Lake Adrian
2017-01-25 22:53:42,679 generate-graphs, line 421 INFO considered node: New Johnton
2017-01-25 22:53:42,679 generate-graphs, line 438 INFO edge label: L
2017-01-25 22:53:42,679 generate-graphs, line 443 INFO visited node: New Johnton
2017-01-25 22:53:42,679 generate-graphs, line 412 INFO timestep: 5
2017-01-25 22:53:42,679 generate-graphs, line 417 INFO switch setting: L
2017-01-25 22:53:42,680 generate-graphs, line 421 INFO considered node: Mcclainshire
2017-01-25 22:53:42,680 generate-graphs, line 421 INFO considered node: Harringtonbury
2017-01-25 22:53:42,680 generate-graphs, line 438 INFO edge label: L
2017-01-25 22:53:42,680 generate-graphs, line 443 INFO visited node: Harringtonbury
2017-01-25 22:53:42,680 generate-graphs, line 412 INFO timestep: 6
2017-01-25 22:53:42,680 generate-graphs, line 417 INFO switch setting: L
2017-01-25 22:53:42,680 generate-graphs, line 421 INFO considered node: Mcclainshire
2017-01-25 22:53:42,680 generate-graphs, line 421 INFO considered node: Lake Adrian
2017-01-25 22:53:42,680 generate-graphs, line 421 INFO considered node: New Johnton
2017-01-25 22:53:42,680 generate-graphs, line 438 INFO edge label: L
2017-01-25 22:53:42,680 generate-graphs, line 443 INFO visited node: New Johnton
2017-01-25 22:53:42,680 generate-graphs, line 412 INFO timestep: 7
2017-01-25 22:53:42,681 generate-graphs, line 417 INFO switch setting: L
2017-01-25 22:53:42,681 generate-graphs, line 421 INFO considered node: Mcclainshire
2017-01-25 22:53:42,681 generate-graphs, line 421 INFO considered node: Harringtonbury
2017-01-25 22:53:42,681 generate-graphs, line 438 INFO edge label: L
2017-01-25 22:53:42,681 generate-graphs, line 443 INFO visited node: Harringtonbury
2017-01-25 22:53:42,681 generate-graphs, line 412 INFO timestep: 8
2017-01-25 22:53:42,681 generate-graphs, line 417 INFO switch setting: L
2017-01-25 22:53:42,681 generate-graphs, line 421 INFO considered node: Mcclainshire
2017-01-25 22:53:42,681 generate-graphs, line 421 INFO considered node: Lake Adrian
2017-01-25 22:53:42,681 generate-graphs, line 421 INFO considered node: New Johnton
2017-01-25 22:53:42,681 generate-graphs, line 438 INFO edge label: L
2017-01-25 22:53:42,681 generate-graphs, line 443 INFO visited node: New Johnton
2017-01-25 22:53:42,681 generate-graphs, line 412 INFO timestep: 9
2017-01-25 22:53:42,682 generate-graphs, line 417 INFO switch setting: L
2017-01-25 22:53:42,682 generate-graphs, line 421 INFO considered node: Mcclainshire
2017-01-25 22:53:42,682 generate-graphs, line 421 INFO considered node: Harringtonbury
2017-01-25 22:53:42,682 generate-graphs, line 438 INFO edge label: L
2017-01-25 22:53:42,682 generate-graphs, line 443 INFO visited node: Harringtonbury
2017-01-25 22:53:42,682 generate-graphs, line 412 INFO timestep: 10
2017-01-25 22:53:42,682 generate-graphs, line 417 INFO switch setting: L
2017-01-25 22:53:42,682 generate-graphs, line 421 INFO considered node: Mcclainshire
2017-01-25 22:53:42,682 generate-graphs, line 421 INFO considered node: Lake Adrian
2017-01-25 22:53:42,682 generate-graphs, line 421 INFO considered node: New Johnton
2017-01-25 22:53:42,682 generate-graphs, line 438 INFO edge label: L
2017-01-25 22:53:42,682 generate-graphs, line 443 INFO visited node: New Johnton
2017-01-25 22:53:42,682 generate-graphs, line 412 INFO timestep: 11
2017-01-25 22:53:42,683 generate-graphs, line 417 INFO switch setting: L
2017-01-25 22:53:42,683 generate-graphs, line 421 INFO considered node: Mcclainshire
2017-01-25 22:53:42,683 generate-graphs, line 421 INFO considered node: Harringtonbury
2017-01-25 22:53:42,683 generate-graphs, line 438 INFO edge label: L
2017-01-25 22:53:42,683 generate-graphs, line 443 INFO visited node: Harringtonbury
2017-01-25 22:53:42,683 generate-graphs, line 412 INFO timestep: 12
2017-01-25 22:53:42,683 generate-graphs, line 417 INFO switch setting: L
2017-01-25 22:53:42,683 generate-graphs, line 421 INFO considered node: Mcclainshire
2017-01-25 22:53:42,683 generate-graphs, line 421 INFO considered node: Lake Adrian
2017-01-25 22:53:42,683 generate-graphs, line 421 INFO considered node: New Johnton
2017-01-25 22:53:42,683 generate-graphs, line 438 INFO edge label: L
2017-01-25 22:53:42,683 generate-graphs, line 443 INFO visited node: New Johnton
2017-01-25 22:53:42,683 generate-graphs, line 412 INFO timestep: 13
2017-01-25 22:53:42,684 generate-graphs, line 417 INFO switch setting: L
2017-01-25 22:53:42,684 generate-graphs, line 421 INFO considered node: Mcclainshire
2017-01-25 22:53:42,684 generate-graphs, line 421 INFO considered node: Harringtonbury
2017-01-25 22:53:42,684 generate-graphs, line 438 INFO edge label: L
2017-01-25 22:53:42,684 generate-graphs, line 443 INFO visited node: Harringtonbury
2017-01-25 22:53:42,684 generate-graphs, line 412 INFO timestep: 14
2017-01-25 22:53:42,684 generate-graphs, line 417 INFO switch setting: L
2017-01-25 22:53:42,684 generate-graphs, line 421 INFO considered node: Mcclainshire
2017-01-25 22:53:42,684 generate-graphs, line 421 INFO considered node: Lake Adrian
2017-01-25 22:53:42,684 generate-graphs, line 421 INFO considered node: New Johnton
2017-01-25 22:53:42,684 generate-graphs, line 438 INFO edge label: L
2017-01-25 22:53:42,684 generate-graphs, line 443 INFO visited node: New Johnton
2017-01-25 22:53:42,684 generate-graphs, line 412 INFO timestep: 15
2017-01-25 22:53:42,685 generate-graphs, line 417 INFO switch setting: L
2017-01-25 22:53:42,685 generate-graphs, line 421 INFO considered node: Mcclainshire
2017-01-25 22:53:42,685 generate-graphs, line 421 INFO considered node: Harringtonbury
2017-01-25 22:53:42,685 generate-graphs, line 438 INFO edge label: L
2017-01-25 22:53:42,685 generate-graphs, line 443 INFO visited node: Harringtonbury
2017-01-25 22:53:42,685 generate-graphs, line 447 INFO observations: ['R', 'L', 'L', 'L', 'L', 'L', 'L', 'L', 'L', 'L', 'L', 'L', 'L', 'L', 'L']
2017-01-25 22:53:42,694 generate-graphs, line 457 INFO ### Simulation ended ==<
2017-01-25 22:53:42,694 generate-graphs, line 105 INFO ### Graph plotting started ==>
2017-01-25 22:53:44,836 generate-graphs, line 121 INFO ### Graph plotting ended ==<
