2017-01-26 19:34:39,476 generategraphs, line 619 INFO Experiment# 0
2017-01-26 19:34:39,476 generategraphs, line 621 INFO dim 3
2017-01-26 19:34:39,485 generategraphs, line 128 INFO ### Graph generation started ==>
2017-01-26 19:34:39,486 generategraphs, line 175 INFO ### Graph generation ended ==<
2017-01-26 19:34:39,486 generategraphs, line 92 INFO Degree sequence [3, 3, 3, 3, 3, 3]
2017-01-26 19:34:39,486 generategraphs, line 93 INFO Degree histogram
2017-01-26 19:34:39,486 generategraphs, line 100 INFO degree #nodes
2017-01-26 19:34:39,486 generategraphs, line 102 INFO 3 6
2017-01-26 19:34:39,486 generategraphs, line 186 INFO ### Labels setting started ==>
2017-01-26 19:34:39,487 generategraphs, line 234 INFO {('Millerport', 'Vanessafort'): 'O', ('Millerport', 'Timothymouth'): 'R', ('Millerport', 'East Davidmouth'): 'L'}
2017-01-26 19:34:39,487 generategraphs, line 235 INFO {}
2017-01-26 19:34:39,487 generategraphs, line 234 INFO {('Fishershire', 'East Davidmouth'): 'L', ('Fishershire', 'Vanessafort'): 'O', ('Fishershire', 'Sullivanfurt'): 'R'}
2017-01-26 19:34:39,487 generategraphs, line 235 INFO {}
2017-01-26 19:34:39,487 generategraphs, line 234 INFO {('Vanessafort', 'Fishershire'): 'L', ('Vanessafort', 'Millerport'): 'R', ('Vanessafort', 'Timothymouth'): 'O'}
2017-01-26 19:34:39,487 generategraphs, line 235 INFO {}
2017-01-26 19:34:39,487 generategraphs, line 234 INFO {('East Davidmouth', 'Sullivanfurt'): 'O', ('East Davidmouth', 'Millerport'): 'L', ('East Davidmouth', 'Fishershire'): 'R'}
2017-01-26 19:34:39,487 generategraphs, line 235 INFO {}
2017-01-26 19:34:39,487 generategraphs, line 234 INFO {('Sullivanfurt', 'Fishershire'): 'O', ('Sullivanfurt', 'East Davidmouth'): 'R', ('Sullivanfurt', 'Timothymouth'): 'L'}
2017-01-26 19:34:39,488 generategraphs, line 235 INFO {}
2017-01-26 19:34:39,488 generategraphs, line 234 INFO {('Timothymouth', 'Millerport'): 'L', ('Timothymouth', 'Sullivanfurt'): 'O', ('Timothymouth', 'Vanessafort'): 'R'}
2017-01-26 19:34:39,488 generategraphs, line 235 INFO {}
2017-01-26 19:34:39,488 generategraphs, line 386 INFO ### Labels setting ended ==<
2017-01-26 19:34:39,488 generategraphs, line 393 INFO ### Switches setting started ==>
2017-01-26 19:34:39,488 generategraphs, line 395 INFO {'Millerport': 'R', 'Fishershire': 'R', 'Vanessafort': 'R', 'East Davidmouth': 'L', 'Sullivanfurt': 'L', 'Timothymouth': 'R'}
2017-01-26 19:34:39,488 generategraphs, line 397 INFO ### Switches setting ended ==<
2017-01-26 19:34:39,494 generategraphs, line 642 ERROR Unable to write file sim-755130-170126-193439-exp-0.gml
2017-01-26 19:34:39,495 generategraphs, line 493 INFO ### Simulation started ==>
2017-01-26 19:34:39,495 generategraphs, line 511 INFO timestep: 0
2017-01-26 19:34:39,495 generategraphs, line 515 INFO timestep: 0, next node: Millerport
2017-01-26 19:34:39,495 generategraphs, line 527 INFO timestep: 0, edge: ('Millerport', 'Vanessafort'), correct label: O, emitted label: R
2017-01-26 19:34:39,495 generategraphs, line 537 INFO timestep: 0, switch setting: R @ node: Millerport
2017-01-26 19:34:39,495 generategraphs, line 546 INFO timestep: 0, considered node: Vanessafort
2017-01-26 19:34:39,495 generategraphs, line 546 INFO timestep: 0, considered node: East Davidmouth
2017-01-26 19:34:39,495 generategraphs, line 546 INFO timestep: 0, considered node: Timothymouth
2017-01-26 19:34:39,495 generategraphs, line 564 INFO next edge: ('Millerport', 'Timothymouth'), correct label: R, emitted label: R
2017-01-26 19:34:39,495 generategraphs, line 579 INFO timestep: 0, next node: Timothymouth
2017-01-26 19:34:39,496 generategraphs, line 511 INFO timestep: 0
2017-01-26 19:34:39,496 generategraphs, line 515 INFO timestep: 1, next node: Timothymouth
2017-01-26 19:34:39,496 generategraphs, line 527 INFO timestep: 1, edge: ('Millerport', 'Timothymouth'), correct label: L, emitted label: L
2017-01-26 19:34:39,496 generategraphs, line 537 INFO timestep: 1, switch setting: R @ node: Timothymouth
2017-01-26 19:34:39,496 generategraphs, line 546 INFO timestep: 1, considered node: Vanessafort
2017-01-26 19:34:39,496 generategraphs, line 546 INFO timestep: 1, considered node: Millerport
2017-01-26 19:34:39,496 generategraphs, line 546 INFO timestep: 1, considered node: Sullivanfurt
2017-01-26 19:34:39,496 generategraphs, line 564 INFO next edge: ('Timothymouth', 'Sullivanfurt'), correct label: O, emitted label: O
2017-01-26 19:34:39,496 generategraphs, line 579 INFO timestep: 1, next node: Sullivanfurt
2017-01-26 19:34:39,496 generategraphs, line 511 INFO timestep: 0
2017-01-26 19:34:39,496 generategraphs, line 515 INFO timestep: 2, next node: Sullivanfurt
2017-01-26 19:34:39,496 generategraphs, line 527 INFO timestep: 2, edge: ('Timothymouth', 'Sullivanfurt'), correct label: L, emitted label: L
2017-01-26 19:34:39,497 generategraphs, line 537 INFO timestep: 2, switch setting: L @ node: Sullivanfurt
2017-01-26 19:34:39,497 generategraphs, line 546 INFO timestep: 2, considered node: East Davidmouth
2017-01-26 19:34:39,497 generategraphs, line 546 INFO timestep: 2, considered node: Fishershire
2017-01-26 19:34:39,497 generategraphs, line 564 INFO next edge: ('Sullivanfurt', 'Fishershire'), correct label: O, emitted label: O
2017-01-26 19:34:39,497 generategraphs, line 579 INFO timestep: 2, next node: Fishershire
2017-01-26 19:34:39,497 generategraphs, line 511 INFO timestep: 0
2017-01-26 19:34:39,497 generategraphs, line 515 INFO timestep: 3, next node: Fishershire
2017-01-26 19:34:39,497 generategraphs, line 527 INFO timestep: 3, edge: ('Sullivanfurt', 'Fishershire'), correct label: R, emitted label: R
2017-01-26 19:34:39,497 generategraphs, line 537 INFO timestep: 3, switch setting: R @ node: Fishershire
2017-01-26 19:34:39,497 generategraphs, line 546 INFO timestep: 3, considered node: Vanessafort
2017-01-26 19:34:39,498 generategraphs, line 564 INFO next edge: ('Fishershire', 'Vanessafort'), correct label: O, emitted label: O
2017-01-26 19:34:39,498 generategraphs, line 579 INFO timestep: 3, next node: Vanessafort
2017-01-26 19:34:39,498 generategraphs, line 511 INFO timestep: 0
2017-01-26 19:34:39,498 generategraphs, line 515 INFO timestep: 4, next node: Vanessafort
2017-01-26 19:34:39,498 generategraphs, line 527 INFO timestep: 4, edge: ('Fishershire', 'Vanessafort'), correct label: L, emitted label: L
2017-01-26 19:34:39,498 generategraphs, line 537 INFO timestep: 4, switch setting: R @ node: Vanessafort
2017-01-26 19:34:39,498 generategraphs, line 546 INFO timestep: 4, considered node: Millerport
2017-01-26 19:34:39,498 generategraphs, line 546 INFO timestep: 4, considered node: Fishershire
2017-01-26 19:34:39,498 generategraphs, line 546 INFO timestep: 4, considered node: Timothymouth
2017-01-26 19:34:39,498 generategraphs, line 564 INFO next edge: ('Vanessafort', 'Timothymouth'), correct label: O, emitted label: O
2017-01-26 19:34:39,498 generategraphs, line 579 INFO timestep: 4, next node: Timothymouth
2017-01-26 19:34:39,498 generategraphs, line 511 INFO timestep: 0
2017-01-26 19:34:39,499 generategraphs, line 515 INFO timestep: 5, next node: Timothymouth
2017-01-26 19:34:39,499 generategraphs, line 527 INFO timestep: 5, edge: ('Vanessafort', 'Timothymouth'), correct label: R, emitted label: R
2017-01-26 19:34:39,499 generategraphs, line 537 INFO timestep: 5, switch setting: R @ node: Timothymouth
2017-01-26 19:34:39,499 generategraphs, line 546 INFO timestep: 5, considered node: Vanessafort
2017-01-26 19:34:39,499 generategraphs, line 546 INFO timestep: 5, considered node: Millerport
2017-01-26 19:34:39,499 generategraphs, line 546 INFO timestep: 5, considered node: Sullivanfurt
2017-01-26 19:34:39,499 generategraphs, line 564 INFO next edge: ('Timothymouth', 'Sullivanfurt'), correct label: O, emitted label: O
2017-01-26 19:34:39,499 generategraphs, line 579 INFO timestep: 5, next node: Sullivanfurt
2017-01-26 19:34:39,499 generategraphs, line 511 INFO timestep: 0
2017-01-26 19:34:39,499 generategraphs, line 515 INFO timestep: 6, next node: Sullivanfurt
2017-01-26 19:34:39,499 generategraphs, line 527 INFO timestep: 6, edge: ('Timothymouth', 'Sullivanfurt'), correct label: L, emitted label: L
2017-01-26 19:34:39,500 generategraphs, line 537 INFO timestep: 6, switch setting: L @ node: Sullivanfurt
2017-01-26 19:34:39,500 generategraphs, line 546 INFO timestep: 6, considered node: East Davidmouth
2017-01-26 19:34:39,500 generategraphs, line 546 INFO timestep: 6, considered node: Fishershire
2017-01-26 19:34:39,500 generategraphs, line 564 INFO next edge: ('Sullivanfurt', 'Fishershire'), correct label: O, emitted label: O
2017-01-26 19:34:39,500 generategraphs, line 579 INFO timestep: 6, next node: Fishershire
2017-01-26 19:34:39,500 generategraphs, line 511 INFO timestep: 0
2017-01-26 19:34:39,500 generategraphs, line 515 INFO timestep: 7, next node: Fishershire
2017-01-26 19:34:39,500 generategraphs, line 527 INFO timestep: 7, edge: ('Sullivanfurt', 'Fishershire'), correct label: R, emitted label: R
2017-01-26 19:34:39,500 generategraphs, line 537 INFO timestep: 7, switch setting: R @ node: Fishershire
2017-01-26 19:34:39,500 generategraphs, line 546 INFO timestep: 7, considered node: Vanessafort
2017-01-26 19:34:39,500 generategraphs, line 564 INFO next edge: ('Fishershire', 'Vanessafort'), correct label: O, emitted label: O
2017-01-26 19:34:39,500 generategraphs, line 579 INFO timestep: 7, next node: Vanessafort
2017-01-26 19:34:39,501 generategraphs, line 511 INFO timestep: 0
2017-01-26 19:34:39,501 generategraphs, line 515 INFO timestep: 8, next node: Vanessafort
2017-01-26 19:34:39,501 generategraphs, line 527 INFO timestep: 8, edge: ('Fishershire', 'Vanessafort'), correct label: L, emitted label: L
2017-01-26 19:34:39,501 generategraphs, line 537 INFO timestep: 8, switch setting: R @ node: Vanessafort
2017-01-26 19:34:39,501 generategraphs, line 546 INFO timestep: 8, considered node: Millerport
2017-01-26 19:34:39,501 generategraphs, line 546 INFO timestep: 8, considered node: Fishershire
2017-01-26 19:34:39,501 generategraphs, line 546 INFO timestep: 8, considered node: Timothymouth
2017-01-26 19:34:39,501 generategraphs, line 564 INFO next edge: ('Vanessafort', 'Timothymouth'), correct label: O, emitted label: O
2017-01-26 19:34:39,501 generategraphs, line 579 INFO timestep: 8, next node: Timothymouth
2017-01-26 19:34:39,501 generategraphs, line 511 INFO timestep: 0
2017-01-26 19:34:39,501 generategraphs, line 515 INFO timestep: 9, next node: Timothymouth
2017-01-26 19:34:39,501 generategraphs, line 527 INFO timestep: 9, edge: ('Vanessafort', 'Timothymouth'), correct label: R, emitted label: R
2017-01-26 19:34:39,502 generategraphs, line 537 INFO timestep: 9, switch setting: R @ node: Timothymouth
2017-01-26 19:34:39,502 generategraphs, line 546 INFO timestep: 9, considered node: Vanessafort
2017-01-26 19:34:39,502 generategraphs, line 546 INFO timestep: 9, considered node: Millerport
2017-01-26 19:34:39,502 generategraphs, line 546 INFO timestep: 9, considered node: Sullivanfurt
2017-01-26 19:34:39,502 generategraphs, line 564 INFO next edge: ('Timothymouth', 'Sullivanfurt'), correct label: O, emitted label: O
2017-01-26 19:34:39,502 generategraphs, line 579 INFO timestep: 9, next node: Sullivanfurt
2017-01-26 19:34:39,502 generategraphs, line 586 INFO observations: ['R', 'R', 'L', 'O', 'L', 'O', 'R', 'O', 'L', 'O', 'R', 'O', 'L', 'O', 'R', 'O', 'L', 'O', 'R', 'O']
2017-01-26 19:34:39,513 generategraphs, line 596 INFO ### Simulation ended ==<
2017-01-26 19:34:39,518 generategraphs, line 106 INFO ### Graph plotting started ==>
2017-01-26 19:34:42,859 generategraphs, line 122 INFO ### Graph plotting ended ==<
