2017-01-26 19:34:57,263 generategraphs, line 619 INFO Experiment# 0
2017-01-26 19:34:57,263 generategraphs, line 621 INFO dim 3
2017-01-26 19:34:57,271 generategraphs, line 128 INFO ### Graph generation started ==>
2017-01-26 19:34:57,272 generategraphs, line 175 INFO ### Graph generation ended ==<
2017-01-26 19:34:57,272 generategraphs, line 92 INFO Degree sequence [3, 3, 3, 3, 3, 3]
2017-01-26 19:34:57,272 generategraphs, line 93 INFO Degree histogram
2017-01-26 19:34:57,272 generategraphs, line 100 INFO degree #nodes
2017-01-26 19:34:57,272 generategraphs, line 102 INFO 3 6
2017-01-26 19:34:57,272 generategraphs, line 186 INFO ### Labels setting started ==>
2017-01-26 19:34:57,272 generategraphs, line 234 INFO {('Wrighttown', 'Shawnborough'): 'L', ('Wrighttown', 'Lake Renee'): 'O', ('Wrighttown', 'Singhfurt'): 'R'}
2017-01-26 19:34:57,273 generategraphs, line 235 INFO {}
2017-01-26 19:34:57,273 generategraphs, line 234 INFO {('East Bethport', 'Singhfurt'): 'O', ('East Bethport', 'Shawnborough'): 'R', ('East Bethport', 'Lamstad'): 'L'}
2017-01-26 19:34:57,273 generategraphs, line 235 INFO {}
2017-01-26 19:34:57,273 generategraphs, line 234 INFO {('Singhfurt', 'Lamstad'): 'O', ('Singhfurt', 'East Bethport'): 'L', ('Singhfurt', 'Wrighttown'): 'R'}
2017-01-26 19:34:57,273 generategraphs, line 235 INFO {}
2017-01-26 19:34:57,273 generategraphs, line 234 INFO {('Lamstad', 'Singhfurt'): 'L', ('Lamstad', 'Lake Renee'): 'O', ('Lamstad', 'East Bethport'): 'R'}
2017-01-26 19:34:57,273 generategraphs, line 235 INFO {}
2017-01-26 19:34:57,273 generategraphs, line 234 INFO {('Lake Renee', 'Wrighttown'): 'O', ('Lake Renee', 'Lamstad'): 'L', ('Lake Renee', 'Shawnborough'): 'R'}
2017-01-26 19:34:57,273 generategraphs, line 235 INFO {}
2017-01-26 19:34:57,273 generategraphs, line 234 INFO {('Shawnborough', 'East Bethport'): 'O', ('Shawnborough', 'Lake Renee'): 'R', ('Shawnborough', 'Wrighttown'): 'L'}
2017-01-26 19:34:57,274 generategraphs, line 235 INFO {}
2017-01-26 19:34:57,274 generategraphs, line 386 INFO ### Labels setting ended ==<
2017-01-26 19:34:57,274 generategraphs, line 393 INFO ### Switches setting started ==>
2017-01-26 19:34:57,274 generategraphs, line 395 INFO {'Wrighttown': 'L', 'East Bethport': 'L', 'Singhfurt': 'L', 'Lamstad': 'L', 'Lake Renee': 'R', 'Shawnborough': 'L'}
2017-01-26 19:34:57,274 generategraphs, line 397 INFO ### Switches setting ended ==<
2017-01-26 19:34:57,280 generategraphs, line 642 ERROR Unable to write file sim-456821-170126-193457-exp-0.gml
2017-01-26 19:34:57,280 generategraphs, line 493 INFO ### Simulation started ==>
2017-01-26 19:34:57,280 generategraphs, line 511 INFO timestep: 0
2017-01-26 19:34:57,280 generategraphs, line 515 INFO timestep: 0, next node: Wrighttown
2017-01-26 19:34:57,281 generategraphs, line 527 INFO timestep: 0, edge: ('Wrighttown', 'Shawnborough'), correct label: L, emitted label: L
2017-01-26 19:34:57,281 generategraphs, line 537 INFO timestep: 0, switch setting: L @ node: Wrighttown
2017-01-26 19:34:57,281 generategraphs, line 546 INFO timestep: 0, considered node: Lake Renee
2017-01-26 19:34:57,281 generategraphs, line 564 INFO next edge: ('Wrighttown', 'Lake Renee'), correct label: O, emitted label: O
2017-01-26 19:34:57,281 generategraphs, line 579 INFO timestep: 0, next node: Lake Renee
2017-01-26 19:34:57,281 generategraphs, line 511 INFO timestep: 0
2017-01-26 19:34:57,281 generategraphs, line 515 INFO timestep: 1, next node: Lake Renee
2017-01-26 19:34:57,281 generategraphs, line 527 INFO timestep: 1, edge: ('Wrighttown', 'Lake Renee'), correct label: O, emitted label: O
2017-01-26 19:34:57,281 generategraphs, line 537 INFO timestep: 1, switch setting: R @ node: Lake Renee
2017-01-26 19:34:57,281 generategraphs, line 546 INFO timestep: 1, considered node: Wrighttown
2017-01-26 19:34:57,281 generategraphs, line 546 INFO timestep: 1, considered node: Lamstad
2017-01-26 19:34:57,282 generategraphs, line 546 INFO timestep: 1, considered node: Shawnborough
2017-01-26 19:34:57,282 generategraphs, line 564 INFO next edge: ('Lake Renee', 'Shawnborough'), correct label: R, emitted label: R
2017-01-26 19:34:57,282 generategraphs, line 579 INFO timestep: 1, next node: Shawnborough
2017-01-26 19:34:57,282 generategraphs, line 511 INFO timestep: 0
2017-01-26 19:34:57,282 generategraphs, line 515 INFO timestep: 2, next node: Shawnborough
2017-01-26 19:34:57,282 generategraphs, line 527 INFO timestep: 2, edge: ('Lake Renee', 'Shawnborough'), correct label: R, emitted label: R
2017-01-26 19:34:57,282 generategraphs, line 537 INFO timestep: 2, switch setting: L @ node: Shawnborough
2017-01-26 19:34:57,282 generategraphs, line 546 INFO timestep: 2, considered node: Wrighttown
2017-01-26 19:34:57,282 generategraphs, line 546 INFO timestep: 2, considered node: Lake Renee
2017-01-26 19:34:57,282 generategraphs, line 546 INFO timestep: 2, considered node: East Bethport
2017-01-26 19:34:57,282 generategraphs, line 564 INFO next edge: ('Shawnborough', 'East Bethport'), correct label: O, emitted label: R
2017-01-26 19:34:57,283 generategraphs, line 579 INFO timestep: 2, next node: East Bethport
2017-01-26 19:34:57,283 generategraphs, line 511 INFO timestep: 0
2017-01-26 19:34:57,283 generategraphs, line 515 INFO timestep: 3, next node: East Bethport
2017-01-26 19:34:57,283 generategraphs, line 527 INFO timestep: 3, edge: ('Shawnborough', 'East Bethport'), correct label: R, emitted label: R
2017-01-26 19:34:57,283 generategraphs, line 537 INFO timestep: 3, switch setting: L @ node: East Bethport
2017-01-26 19:34:57,283 generategraphs, line 546 INFO timestep: 3, considered node: Singhfurt
2017-01-26 19:34:57,283 generategraphs, line 564 INFO next edge: ('East Bethport', 'Singhfurt'), correct label: O, emitted label: O
2017-01-26 19:34:57,283 generategraphs, line 579 INFO timestep: 3, next node: Singhfurt
2017-01-26 19:34:57,283 generategraphs, line 511 INFO timestep: 0
2017-01-26 19:34:57,283 generategraphs, line 515 INFO timestep: 4, next node: Singhfurt
2017-01-26 19:34:57,283 generategraphs, line 527 INFO timestep: 4, edge: ('East Bethport', 'Singhfurt'), correct label: L, emitted label: L
2017-01-26 19:34:57,283 generategraphs, line 537 INFO timestep: 4, switch setting: L @ node: Singhfurt
2017-01-26 19:34:57,284 generategraphs, line 546 INFO timestep: 4, considered node: Wrighttown
2017-01-26 19:34:57,284 generategraphs, line 546 INFO timestep: 4, considered node: East Bethport
2017-01-26 19:34:57,284 generategraphs, line 546 INFO timestep: 4, considered node: Lamstad
2017-01-26 19:34:57,284 generategraphs, line 564 INFO next edge: ('Singhfurt', 'Lamstad'), correct label: O, emitted label: O
2017-01-26 19:34:57,284 generategraphs, line 579 INFO timestep: 4, next node: Lamstad
2017-01-26 19:34:57,284 generategraphs, line 511 INFO timestep: 0
2017-01-26 19:34:57,284 generategraphs, line 515 INFO timestep: 5, next node: Lamstad
2017-01-26 19:34:57,284 generategraphs, line 527 INFO timestep: 5, edge: ('Singhfurt', 'Lamstad'), correct label: L, emitted label: L
2017-01-26 19:34:57,284 generategraphs, line 537 INFO timestep: 5, switch setting: L @ node: Lamstad
2017-01-26 19:34:57,284 generategraphs, line 546 INFO timestep: 5, considered node: Lake Renee
2017-01-26 19:34:57,284 generategraphs, line 564 INFO next edge: ('Lamstad', 'Lake Renee'), correct label: O, emitted label: O
2017-01-26 19:34:57,284 generategraphs, line 579 INFO timestep: 5, next node: Lake Renee
2017-01-26 19:34:57,285 generategraphs, line 511 INFO timestep: 0
2017-01-26 19:34:57,285 generategraphs, line 515 INFO timestep: 6, next node: Lake Renee
2017-01-26 19:34:57,285 generategraphs, line 527 INFO timestep: 6, edge: ('Lamstad', 'Lake Renee'), correct label: L, emitted label: L
2017-01-26 19:34:57,285 generategraphs, line 537 INFO timestep: 6, switch setting: R @ node: Lake Renee
2017-01-26 19:34:57,285 generategraphs, line 546 INFO timestep: 6, considered node: Wrighttown
2017-01-26 19:34:57,285 generategraphs, line 564 INFO next edge: ('Lake Renee', 'Wrighttown'), correct label: O, emitted label: O
2017-01-26 19:34:57,285 generategraphs, line 579 INFO timestep: 6, next node: Wrighttown
2017-01-26 19:34:57,285 generategraphs, line 511 INFO timestep: 0
2017-01-26 19:34:57,285 generategraphs, line 515 INFO timestep: 7, next node: Wrighttown
2017-01-26 19:34:57,285 generategraphs, line 527 INFO timestep: 7, edge: ('Lake Renee', 'Wrighttown'), correct label: O, emitted label: O
2017-01-26 19:34:57,285 generategraphs, line 537 INFO timestep: 7, switch setting: L @ node: Wrighttown
2017-01-26 19:34:57,286 generategraphs, line 546 INFO timestep: 7, considered node: Lake Renee
2017-01-26 19:34:57,286 generategraphs, line 546 INFO timestep: 7, considered node: Singhfurt
2017-01-26 19:34:57,286 generategraphs, line 546 INFO timestep: 7, considered node: Shawnborough
2017-01-26 19:34:57,286 generategraphs, line 564 INFO next edge: ('Wrighttown', 'Shawnborough'), correct label: L, emitted label: L
2017-01-26 19:34:57,286 generategraphs, line 579 INFO timestep: 7, next node: Shawnborough
2017-01-26 19:34:57,286 generategraphs, line 511 INFO timestep: 0
2017-01-26 19:34:57,286 generategraphs, line 515 INFO timestep: 8, next node: Shawnborough
2017-01-26 19:34:57,286 generategraphs, line 527 INFO timestep: 8, edge: ('Wrighttown', 'Shawnborough'), correct label: L, emitted label: L
2017-01-26 19:34:57,286 generategraphs, line 537 INFO timestep: 8, switch setting: L @ node: Shawnborough
2017-01-26 19:34:57,286 generategraphs, line 546 INFO timestep: 8, considered node: Wrighttown
2017-01-26 19:34:57,286 generategraphs, line 546 INFO timestep: 8, considered node: Lake Renee
2017-01-26 19:34:57,286 generategraphs, line 546 INFO timestep: 8, considered node: East Bethport
2017-01-26 19:34:57,287 generategraphs, line 564 INFO next edge: ('Shawnborough', 'East Bethport'), correct label: O, emitted label: O
2017-01-26 19:34:57,287 generategraphs, line 579 INFO timestep: 8, next node: East Bethport
2017-01-26 19:34:57,287 generategraphs, line 511 INFO timestep: 0
2017-01-26 19:34:57,287 generategraphs, line 515 INFO timestep: 9, next node: East Bethport
2017-01-26 19:34:57,287 generategraphs, line 527 INFO timestep: 9, edge: ('Shawnborough', 'East Bethport'), correct label: R, emitted label: R
2017-01-26 19:34:57,287 generategraphs, line 537 INFO timestep: 9, switch setting: L @ node: East Bethport
2017-01-26 19:34:57,287 generategraphs, line 546 INFO timestep: 9, considered node: Singhfurt
2017-01-26 19:34:57,287 generategraphs, line 564 INFO next edge: ('East Bethport', 'Singhfurt'), correct label: O, emitted label: L
2017-01-26 19:34:57,287 generategraphs, line 579 INFO timestep: 9, next node: Singhfurt
2017-01-26 19:34:57,287 generategraphs, line 586 INFO observations: ['L', 'O', 'O', 'R', 'R', 'R', 'R', 'O', 'L', 'O', 'L', 'O', 'L', 'O', 'O', 'L', 'L', 'O', 'R', 'L']
2017-01-26 19:34:57,298 generategraphs, line 596 INFO ### Simulation ended ==<
2017-01-26 19:34:57,302 generategraphs, line 106 INFO ### Graph plotting started ==>
2017-01-26 19:34:59,688 generategraphs, line 122 INFO ### Graph plotting ended ==<
