2017-01-26 19:42:23,619 generategraphs, line 619 INFO Experiment# 0
2017-01-26 19:42:23,619 generategraphs, line 621 INFO dim 3
2017-01-26 19:42:23,627 generategraphs, line 128 INFO ### Graph generation started ==>
2017-01-26 19:42:23,628 generategraphs, line 175 INFO ### Graph generation ended ==<
2017-01-26 19:42:23,628 generategraphs, line 92 INFO Degree sequence [3, 3, 3, 3, 3, 3]
2017-01-26 19:42:23,628 generategraphs, line 93 INFO Degree histogram
2017-01-26 19:42:23,628 generategraphs, line 100 INFO degree #nodes
2017-01-26 19:42:23,628 generategraphs, line 102 INFO 3 6
2017-01-26 19:42:23,628 generategraphs, line 186 INFO ### Labels setting started ==>
2017-01-26 19:42:23,629 generategraphs, line 234 INFO {('Blevinsfurt', 'Kingburgh'): 'R', ('Blevinsfurt', 'Kyleburgh'): 'O', ('Blevinsfurt', 'Jonesview'): 'L'}
2017-01-26 19:42:23,629 generategraphs, line 235 INFO {}
2017-01-26 19:42:23,629 generategraphs, line 234 INFO {('Jonesview', 'Lisabury'): 'O', ('Jonesview', 'Blevinsfurt'): 'R', ('Jonesview', 'Herbertview'): 'L'}
2017-01-26 19:42:23,629 generategraphs, line 235 INFO {}
2017-01-26 19:42:23,629 generategraphs, line 234 INFO {('Kingburgh', 'Blevinsfurt'): 'L', ('Kingburgh', 'Kyleburgh'): 'O', ('Kingburgh', 'Herbertview'): 'R'}
2017-01-26 19:42:23,629 generategraphs, line 235 INFO {}
2017-01-26 19:42:23,629 generategraphs, line 234 INFO {('Kyleburgh', 'Blevinsfurt'): 'L', ('Kyleburgh', 'Lisabury'): 'O', ('Kyleburgh', 'Kingburgh'): 'R'}
2017-01-26 19:42:23,629 generategraphs, line 235 INFO {}
2017-01-26 19:42:23,629 generategraphs, line 234 INFO {('Herbertview', 'Lisabury'): 'R', ('Herbertview', 'Kingburgh'): 'O', ('Herbertview', 'Jonesview'): 'L'}
2017-01-26 19:42:23,629 generategraphs, line 235 INFO {}
2017-01-26 19:42:23,630 generategraphs, line 234 INFO {('Lisabury', 'Kyleburgh'): 'O', ('Lisabury', 'Jonesview'): 'L', ('Lisabury', 'Herbertview'): 'R'}
2017-01-26 19:42:23,630 generategraphs, line 235 INFO {}
2017-01-26 19:42:23,630 generategraphs, line 386 INFO ### Labels setting ended ==<
2017-01-26 19:42:23,630 generategraphs, line 393 INFO ### Switches setting started ==>
2017-01-26 19:42:23,630 generategraphs, line 395 INFO {'Jonesview': 'L', 'Kingburgh': 'R', 'Kyleburgh': 'L', 'Blevinsfurt': 'L', 'Herbertview': 'L', 'Lisabury': 'L'}
2017-01-26 19:42:23,630 generategraphs, line 397 INFO ### Switches setting ended ==<
2017-01-26 19:42:23,636 generategraphs, line 493 INFO ### Simulation started ==>
2017-01-26 19:42:23,637 generategraphs, line 511 INFO timestep: 0
2017-01-26 19:42:23,637 generategraphs, line 515 INFO timestep: 0, next node: Blevinsfurt
2017-01-26 19:42:23,637 generategraphs, line 527 INFO timestep: 0, edge: ('Blevinsfurt', 'Kyleburgh'), correct label: O, emitted label: O
2017-01-26 19:42:23,637 generategraphs, line 537 INFO timestep: 0, switch setting: L @ node: Blevinsfurt
2017-01-26 19:42:23,637 generategraphs, line 546 INFO timestep: 0, considered node: Jonesview
2017-01-26 19:42:23,637 generategraphs, line 564 INFO next edge: ('Blevinsfurt', 'Jonesview'), correct label: L, emitted label: L
2017-01-26 19:42:23,637 generategraphs, line 579 INFO timestep: 0, next node: Jonesview
2017-01-26 19:42:23,637 generategraphs, line 511 INFO timestep: 0
2017-01-26 19:42:23,637 generategraphs, line 515 INFO timestep: 1, next node: Jonesview
2017-01-26 19:42:23,638 generategraphs, line 527 INFO timestep: 1, edge: ('Blevinsfurt', 'Jonesview'), correct label: R, emitted label: R
2017-01-26 19:42:23,638 generategraphs, line 537 INFO timestep: 1, switch setting: L @ node: Jonesview
2017-01-26 19:42:23,638 generategraphs, line 546 INFO timestep: 1, considered node: Herbertview
2017-01-26 19:42:23,638 generategraphs, line 546 INFO timestep: 1, considered node: Blevinsfurt
2017-01-26 19:42:23,638 generategraphs, line 546 INFO timestep: 1, considered node: Lisabury
2017-01-26 19:42:23,638 generategraphs, line 564 INFO next edge: ('Jonesview', 'Lisabury'), correct label: O, emitted label: O
2017-01-26 19:42:23,638 generategraphs, line 579 INFO timestep: 1, next node: Lisabury
2017-01-26 19:42:23,638 generategraphs, line 511 INFO timestep: 0
2017-01-26 19:42:23,638 generategraphs, line 515 INFO timestep: 2, next node: Lisabury
2017-01-26 19:42:23,638 generategraphs, line 527 INFO timestep: 2, edge: ('Jonesview', 'Lisabury'), correct label: L, emitted label: L
2017-01-26 19:42:23,638 generategraphs, line 537 INFO timestep: 2, switch setting: L @ node: Lisabury
2017-01-26 19:42:23,639 generategraphs, line 546 INFO timestep: 2, considered node: Herbertview
2017-01-26 19:42:23,639 generategraphs, line 546 INFO timestep: 2, considered node: Kyleburgh
2017-01-26 19:42:23,639 generategraphs, line 564 INFO next edge: ('Lisabury', 'Kyleburgh'), correct label: O, emitted label: O
2017-01-26 19:42:23,639 generategraphs, line 579 INFO timestep: 2, next node: Kyleburgh
2017-01-26 19:42:23,639 generategraphs, line 511 INFO timestep: 0
2017-01-26 19:42:23,639 generategraphs, line 515 INFO timestep: 3, next node: Kyleburgh
2017-01-26 19:42:23,639 generategraphs, line 527 INFO timestep: 3, edge: ('Lisabury', 'Kyleburgh'), correct label: O, emitted label: O
2017-01-26 19:42:23,639 generategraphs, line 537 INFO timestep: 3, switch setting: L @ node: Kyleburgh
2017-01-26 19:42:23,639 generategraphs, line 546 INFO timestep: 3, considered node: Blevinsfurt
2017-01-26 19:42:23,639 generategraphs, line 564 INFO next edge: ('Kyleburgh', 'Blevinsfurt'), correct label: L, emitted label: L
2017-01-26 19:42:23,639 generategraphs, line 579 INFO timestep: 3, next node: Blevinsfurt
2017-01-26 19:42:23,639 generategraphs, line 511 INFO timestep: 0
2017-01-26 19:42:23,639 generategraphs, line 515 INFO timestep: 4, next node: Blevinsfurt
2017-01-26 19:42:23,640 generategraphs, line 527 INFO timestep: 4, edge: ('Kyleburgh', 'Blevinsfurt'), correct label: O, emitted label: O
2017-01-26 19:42:23,640 generategraphs, line 537 INFO timestep: 4, switch setting: L @ node: Blevinsfurt
2017-01-26 19:42:23,640 generategraphs, line 546 INFO timestep: 4, considered node: Jonesview
2017-01-26 19:42:23,640 generategraphs, line 564 INFO next edge: ('Blevinsfurt', 'Jonesview'), correct label: L, emitted label: L
2017-01-26 19:42:23,640 generategraphs, line 579 INFO timestep: 4, next node: Jonesview
2017-01-26 19:42:23,640 generategraphs, line 511 INFO timestep: 0
2017-01-26 19:42:23,640 generategraphs, line 515 INFO timestep: 5, next node: Jonesview
2017-01-26 19:42:23,640 generategraphs, line 527 INFO timestep: 5, edge: ('Blevinsfurt', 'Jonesview'), correct label: R, emitted label: R
2017-01-26 19:42:23,640 generategraphs, line 537 INFO timestep: 5, switch setting: L @ node: Jonesview
2017-01-26 19:42:23,640 generategraphs, line 546 INFO timestep: 5, considered node: Herbertview
2017-01-26 19:42:23,640 generategraphs, line 546 INFO timestep: 5, considered node: Blevinsfurt
2017-01-26 19:42:23,640 generategraphs, line 546 INFO timestep: 5, considered node: Lisabury
2017-01-26 19:42:23,641 generategraphs, line 564 INFO next edge: ('Jonesview', 'Lisabury'), correct label: O, emitted label: L
2017-01-26 19:42:23,641 generategraphs, line 579 INFO timestep: 5, next node: Lisabury
2017-01-26 19:42:23,641 generategraphs, line 511 INFO timestep: 0
2017-01-26 19:42:23,641 generategraphs, line 515 INFO timestep: 6, next node: Lisabury
2017-01-26 19:42:23,641 generategraphs, line 527 INFO timestep: 6, edge: ('Jonesview', 'Lisabury'), correct label: L, emitted label: L
2017-01-26 19:42:23,641 generategraphs, line 537 INFO timestep: 6, switch setting: L @ node: Lisabury
2017-01-26 19:42:23,641 generategraphs, line 546 INFO timestep: 6, considered node: Herbertview
2017-01-26 19:42:23,641 generategraphs, line 546 INFO timestep: 6, considered node: Kyleburgh
2017-01-26 19:42:23,641 generategraphs, line 564 INFO next edge: ('Lisabury', 'Kyleburgh'), correct label: O, emitted label: O
2017-01-26 19:42:23,641 generategraphs, line 579 INFO timestep: 6, next node: Kyleburgh
2017-01-26 19:42:23,641 generategraphs, line 511 INFO timestep: 0
2017-01-26 19:42:23,641 generategraphs, line 515 INFO timestep: 7, next node: Kyleburgh
2017-01-26 19:42:23,642 generategraphs, line 527 INFO timestep: 7, edge: ('Lisabury', 'Kyleburgh'), correct label: O, emitted label: O
2017-01-26 19:42:23,642 generategraphs, line 537 INFO timestep: 7, switch setting: L @ node: Kyleburgh
2017-01-26 19:42:23,642 generategraphs, line 546 INFO timestep: 7, considered node: Blevinsfurt
2017-01-26 19:42:23,642 generategraphs, line 564 INFO next edge: ('Kyleburgh', 'Blevinsfurt'), correct label: L, emitted label: L
2017-01-26 19:42:23,642 generategraphs, line 579 INFO timestep: 7, next node: Blevinsfurt
2017-01-26 19:42:23,642 generategraphs, line 511 INFO timestep: 0
2017-01-26 19:42:23,642 generategraphs, line 515 INFO timestep: 8, next node: Blevinsfurt
2017-01-26 19:42:23,642 generategraphs, line 527 INFO timestep: 8, edge: ('Kyleburgh', 'Blevinsfurt'), correct label: O, emitted label: O
2017-01-26 19:42:23,642 generategraphs, line 537 INFO timestep: 8, switch setting: L @ node: Blevinsfurt
2017-01-26 19:42:23,642 generategraphs, line 546 INFO timestep: 8, considered node: Jonesview
2017-01-26 19:42:23,642 generategraphs, line 564 INFO next edge: ('Blevinsfurt', 'Jonesview'), correct label: L, emitted label: L
2017-01-26 19:42:23,642 generategraphs, line 579 INFO timestep: 8, next node: Jonesview
2017-01-26 19:42:23,643 generategraphs, line 511 INFO timestep: 0
2017-01-26 19:42:23,643 generategraphs, line 515 INFO timestep: 9, next node: Jonesview
2017-01-26 19:42:23,643 generategraphs, line 527 INFO timestep: 9, edge: ('Blevinsfurt', 'Jonesview'), correct label: R, emitted label: R
2017-01-26 19:42:23,643 generategraphs, line 537 INFO timestep: 9, switch setting: L @ node: Jonesview
2017-01-26 19:42:23,643 generategraphs, line 546 INFO timestep: 9, considered node: Herbertview
2017-01-26 19:42:23,643 generategraphs, line 546 INFO timestep: 9, considered node: Blevinsfurt
2017-01-26 19:42:23,643 generategraphs, line 546 INFO timestep: 9, considered node: Lisabury
2017-01-26 19:42:23,643 generategraphs, line 564 INFO next edge: ('Jonesview', 'Lisabury'), correct label: O, emitted label: L
2017-01-26 19:42:23,643 generategraphs, line 579 INFO timestep: 9, next node: Lisabury
2017-01-26 19:42:23,643 generategraphs, line 586 INFO observations: ['O', 'L', 'R', 'O', 'L', 'O', 'O', 'L', 'O', 'L', 'R', 'L', 'L', 'O', 'O', 'L', 'O', 'L', 'R', 'L']
2017-01-26 19:42:23,654 generategraphs, line 596 INFO ### Simulation ended ==<
2017-01-26 19:42:23,657 generategraphs, line 106 INFO ### Graph plotting started ==>
2017-01-26 19:42:26,883 generategraphs, line 122 INFO ### Graph plotting ended ==<
