2017-01-25 22:51:23,725 generate-graphs, line 478 INFO Experiment# 1
2017-01-25 22:51:23,725 generate-graphs, line 480 INFO dim 4
2017-01-25 22:51:23,740 generate-graphs, line 126 INFO ### Graph generation started ==>
2017-01-25 22:51:23,741 generate-graphs, line 173 INFO ### Graph generation ended ==<
2017-01-25 22:51:23,741 generate-graphs, line 91 INFO Degree sequence [3, 3, 3, 3, 3, 3, 3, 3, 3, 3, 3, 3, 3, 3, 3, 3]
2017-01-25 22:51:23,741 generate-graphs, line 92 INFO Degree histogram
2017-01-25 22:51:23,742 generate-graphs, line 99 INFO degree #nodes
2017-01-25 22:51:23,742 generate-graphs, line 101 INFO 3 16
2017-01-25 22:51:23,742 generate-graphs, line 183 INFO ### Labels setting started ==>
2017-01-25 22:51:23,742 generate-graphs, line 229 INFO {('Robersonshire', 'Lake Curtis'): 'R', ('Robersonshire', 'South Darrenfurt'): 'L', ('Robersonshire', 'Ballardfurt'): 'O'}
2017-01-25 22:51:23,742 generate-graphs, line 230 INFO {}
2017-01-25 22:51:23,742 generate-graphs, line 229 INFO {('East Carl', 'Lake Curtis'): 'L', ('East Carl', 'East Kayla'): 'R', ('East Carl', 'West Valeriebury'): 'O'}
2017-01-25 22:51:23,742 generate-graphs, line 230 INFO {}
2017-01-25 22:51:23,742 generate-graphs, line 229 INFO {('Dustinshire', 'Hansonside'): 'L', ('Dustinshire', 'Brittanybury'): 'O', ('Dustinshire', 'Alvaradochester'): 'R'}
2017-01-25 22:51:23,742 generate-graphs, line 230 INFO {}
2017-01-25 22:51:23,743 generate-graphs, line 229 INFO {('Ballardfurt', 'Alvaradochester'): 'R', ('Ballardfurt', 'Robersonshire'): 'L', ('Ballardfurt', 'Petersonmouth'): 'O'}
2017-01-25 22:51:23,743 generate-graphs, line 230 INFO {}
2017-01-25 22:51:23,743 generate-graphs, line 229 INFO {('Alvaradochester', 'Hansonside'): 'O', ('Alvaradochester', 'Dustinshire'): 'L', ('Alvaradochester', 'Ballardfurt'): 'R'}
2017-01-25 22:51:23,743 generate-graphs, line 230 INFO {}
2017-01-25 22:51:23,743 generate-graphs, line 229 INFO {('Hansonside', 'Bethanyberg'): 'O', ('Hansonside', 'Dustinshire'): 'L', ('Hansonside', 'Alvaradochester'): 'R'}
2017-01-25 22:51:23,743 generate-graphs, line 230 INFO {}
2017-01-25 22:51:23,743 generate-graphs, line 229 INFO {('Petersonmouth', 'South Darrenfurt'): 'L', ('Petersonmouth', 'East Kayla'): 'R', ('Petersonmouth', 'Ballardfurt'): 'O'}
2017-01-25 22:51:23,743 generate-graphs, line 230 INFO {}
2017-01-25 22:51:23,743 generate-graphs, line 229 INFO {('Kaitlinborough', 'Lake Curtis'): 'O', ('Kaitlinborough', 'East Kayla'): 'R', ('Kaitlinborough', 'South Theresaview'): 'L'}
2017-01-25 22:51:23,743 generate-graphs, line 230 INFO {}
2017-01-25 22:51:23,744 generate-graphs, line 229 INFO {('East Kayla', 'East Carl'): 'R', ('East Kayla', 'Kaitlinborough'): 'O', ('East Kayla', 'Petersonmouth'): 'L'}
2017-01-25 22:51:23,744 generate-graphs, line 230 INFO {}
2017-01-25 22:51:23,744 generate-graphs, line 229 INFO {('South Darrenfurt', 'Bethanyberg'): 'R', ('South Darrenfurt', 'Robersonshire'): 'L', ('South Darrenfurt', 'Petersonmouth'): 'O'}
2017-01-25 22:51:23,744 generate-graphs, line 230 INFO {}
2017-01-25 22:51:23,744 generate-graphs, line 229 INFO {('Lake Curtis', 'East Carl'): 'O', ('Lake Curtis', 'Robersonshire'): 'R', ('Lake Curtis', 'Kaitlinborough'): 'L'}
2017-01-25 22:51:23,744 generate-graphs, line 230 INFO {}
2017-01-25 22:51:23,744 generate-graphs, line 229 INFO {('Brittanybury', 'Dustinshire'): 'O', ('Brittanybury', 'South Theresaview'): 'R', ('Brittanybury', 'North Courtney'): 'L'}
2017-01-25 22:51:23,744 generate-graphs, line 230 INFO {}
2017-01-25 22:51:23,744 generate-graphs, line 229 INFO {('South Theresaview', 'Kaitlinborough'): 'L', ('South Theresaview', 'Brittanybury'): 'R', ('South Theresaview', 'West Valeriebury'): 'O'}
2017-01-25 22:51:23,744 generate-graphs, line 230 INFO {}
2017-01-25 22:51:23,745 generate-graphs, line 229 INFO {('West Valeriebury', 'North Courtney'): 'L', ('West Valeriebury', 'South Theresaview'): 'O', ('West Valeriebury', 'East Carl'): 'R'}
2017-01-25 22:51:23,745 generate-graphs, line 230 INFO {}
2017-01-25 22:51:23,745 generate-graphs, line 229 INFO {('Bethanyberg', 'South Darrenfurt'): 'L', ('Bethanyberg', 'North Courtney'): 'O', ('Bethanyberg', 'Hansonside'): 'R'}
2017-01-25 22:51:23,745 generate-graphs, line 230 INFO {}
2017-01-25 22:51:23,745 generate-graphs, line 229 INFO {('North Courtney', 'Bethanyberg'): 'L', ('North Courtney', 'West Valeriebury'): 'R', ('North Courtney', 'Brittanybury'): 'O'}
2017-01-25 22:51:23,745 generate-graphs, line 230 INFO {}
2017-01-25 22:51:23,745 generate-graphs, line 384 INFO ### Switches setting started ==>
2017-01-25 22:51:23,746 generate-graphs, line 386 INFO {'Ballardfurt': 'R', 'Kaitlinborough': 'R', 'South Theresaview': 'R', 'Robersonshire': 'R', 'East Carl': 'L', 'Dustinshire': 'L', 'East Kayla': 'L', 'Alvaradochester': 'R', 'South Darrenfurt': 'R', 'Petersonmouth': 'R', 'Lake Curtis': 'R', 'Brittanybury': 'R', 'Bethanyberg': 'L', 'West Valeriebury': 'L', 'Hansonside': 'R', 'North Courtney': 'R'}
2017-01-25 22:51:23,746 generate-graphs, line 388 INFO ### Switches setting ended ==<
2017-01-25 22:51:23,751 generate-graphs, line 493 ERROR Unable to write file sim-419773-170125-225120-exp-1.gml
2017-01-25 22:51:23,751 generate-graphs, line 395 INFO ### Simulation started ==>
2017-01-25 22:51:23,751 generate-graphs, line 401 INFO timestep: 0
2017-01-25 22:51:23,752 generate-graphs, line 405 INFO visited node: South Darrenfurt
2017-01-25 22:51:23,752 generate-graphs, line 411 INFO timestep: 1
2017-01-25 22:51:23,752 generate-graphs, line 416 INFO switch setting: R
2017-01-25 22:51:23,752 generate-graphs, line 420 INFO considered node: Bethanyberg
2017-01-25 22:51:23,752 generate-graphs, line 437 INFO edge label: R
2017-01-25 22:51:23,752 generate-graphs, line 442 INFO visited node: Bethanyberg
2017-01-25 22:51:23,752 generate-graphs, line 411 INFO timestep: 2
2017-01-25 22:51:23,752 generate-graphs, line 416 INFO switch setting: L
2017-01-25 22:51:23,752 generate-graphs, line 420 INFO considered node: South Darrenfurt
2017-01-25 22:51:23,752 generate-graphs, line 437 INFO edge label: L
2017-01-25 22:51:23,752 generate-graphs, line 442 INFO visited node: South Darrenfurt
2017-01-25 22:51:23,752 generate-graphs, line 411 INFO timestep: 3
2017-01-25 22:51:23,753 generate-graphs, line 416 INFO switch setting: R
2017-01-25 22:51:23,753 generate-graphs, line 420 INFO considered node: Bethanyberg
2017-01-25 22:51:23,753 generate-graphs, line 437 INFO edge label: R
2017-01-25 22:51:23,753 generate-graphs, line 442 INFO visited node: Bethanyberg
2017-01-25 22:51:23,753 generate-graphs, line 411 INFO timestep: 4
2017-01-25 22:51:23,753 generate-graphs, line 416 INFO switch setting: L
2017-01-25 22:51:23,753 generate-graphs, line 420 INFO considered node: South Darrenfurt
2017-01-25 22:51:23,753 generate-graphs, line 437 INFO edge label: L
2017-01-25 22:51:23,753 generate-graphs, line 442 INFO visited node: South Darrenfurt
2017-01-25 22:51:23,753 generate-graphs, line 411 INFO timestep: 5
2017-01-25 22:51:23,754 generate-graphs, line 416 INFO switch setting: R
2017-01-25 22:51:23,754 generate-graphs, line 420 INFO considered node: Bethanyberg
2017-01-25 22:51:23,754 generate-graphs, line 437 INFO edge label: R
2017-01-25 22:51:23,754 generate-graphs, line 442 INFO visited node: Bethanyberg
2017-01-25 22:51:23,754 generate-graphs, line 411 INFO timestep: 6
2017-01-25 22:51:23,754 generate-graphs, line 416 INFO switch setting: L
2017-01-25 22:51:23,754 generate-graphs, line 420 INFO considered node: South Darrenfurt
2017-01-25 22:51:23,754 generate-graphs, line 437 INFO edge label: L
2017-01-25 22:51:23,754 generate-graphs, line 442 INFO visited node: South Darrenfurt
2017-01-25 22:51:23,754 generate-graphs, line 411 INFO timestep: 7
2017-01-25 22:51:23,754 generate-graphs, line 416 INFO switch setting: R
2017-01-25 22:51:23,754 generate-graphs, line 420 INFO considered node: Bethanyberg
2017-01-25 22:51:23,755 generate-graphs, line 437 INFO edge label: R
2017-01-25 22:51:23,755 generate-graphs, line 442 INFO visited node: Bethanyberg
2017-01-25 22:51:23,755 generate-graphs, line 411 INFO timestep: 8
2017-01-25 22:51:23,755 generate-graphs, line 416 INFO switch setting: L
2017-01-25 22:51:23,755 generate-graphs, line 420 INFO considered node: South Darrenfurt
2017-01-25 22:51:23,755 generate-graphs, line 437 INFO edge label: L
2017-01-25 22:51:23,755 generate-graphs, line 442 INFO visited node: South Darrenfurt
2017-01-25 22:51:23,755 generate-graphs, line 411 INFO timestep: 9
2017-01-25 22:51:23,755 generate-graphs, line 416 INFO switch setting: R
2017-01-25 22:51:23,755 generate-graphs, line 420 INFO considered node: Bethanyberg
2017-01-25 22:51:23,755 generate-graphs, line 437 INFO edge label: R
2017-01-25 22:51:23,755 generate-graphs, line 442 INFO visited node: Bethanyberg
2017-01-25 22:51:23,756 generate-graphs, line 411 INFO timestep: 10
2017-01-25 22:51:23,756 generate-graphs, line 416 INFO switch setting: L
2017-01-25 22:51:23,756 generate-graphs, line 420 INFO considered node: South Darrenfurt
2017-01-25 22:51:23,756 generate-graphs, line 437 INFO edge label: L
2017-01-25 22:51:23,756 generate-graphs, line 442 INFO visited node: South Darrenfurt
2017-01-25 22:51:23,756 generate-graphs, line 411 INFO timestep: 11
2017-01-25 22:51:23,756 generate-graphs, line 416 INFO switch setting: R
2017-01-25 22:51:23,756 generate-graphs, line 420 INFO considered node: Bethanyberg
2017-01-25 22:51:23,756 generate-graphs, line 437 INFO edge label: R
2017-01-25 22:51:23,756 generate-graphs, line 442 INFO visited node: Bethanyberg
2017-01-25 22:51:23,756 generate-graphs, line 411 INFO timestep: 12
2017-01-25 22:51:23,756 generate-graphs, line 416 INFO switch setting: L
2017-01-25 22:51:23,757 generate-graphs, line 420 INFO considered node: South Darrenfurt
2017-01-25 22:51:23,757 generate-graphs, line 437 INFO edge label: L
2017-01-25 22:51:23,757 generate-graphs, line 442 INFO visited node: South Darrenfurt
2017-01-25 22:51:23,757 generate-graphs, line 411 INFO timestep: 13
2017-01-25 22:51:23,757 generate-graphs, line 416 INFO switch setting: R
2017-01-25 22:51:23,757 generate-graphs, line 420 INFO considered node: Bethanyberg
2017-01-25 22:51:23,757 generate-graphs, line 437 INFO edge label: R
2017-01-25 22:51:23,757 generate-graphs, line 442 INFO visited node: Bethanyberg
2017-01-25 22:51:23,757 generate-graphs, line 411 INFO timestep: 14
2017-01-25 22:51:23,757 generate-graphs, line 416 INFO switch setting: L
2017-01-25 22:51:23,757 generate-graphs, line 420 INFO considered node: South Darrenfurt
2017-01-25 22:51:23,758 generate-graphs, line 437 INFO edge label: L
2017-01-25 22:51:23,758 generate-graphs, line 442 INFO visited node: South Darrenfurt
2017-01-25 22:51:23,758 generate-graphs, line 411 INFO timestep: 15
2017-01-25 22:51:23,758 generate-graphs, line 416 INFO switch setting: R
2017-01-25 22:51:23,758 generate-graphs, line 420 INFO considered node: Bethanyberg
2017-01-25 22:51:23,758 generate-graphs, line 437 INFO edge label: R
2017-01-25 22:51:23,758 generate-graphs, line 442 INFO visited node: Bethanyberg
2017-01-25 22:51:23,758 generate-graphs, line 446 INFO observations: ['R', 'L', 'R', 'L', 'R', 'L', 'R', 'L', 'R', 'L', 'R', 'L', 'R', 'L', 'R']
2017-01-25 22:51:23,766 generate-graphs, line 456 INFO ### Simulation ended ==<
2017-01-25 22:51:23,766 generate-graphs, line 105 INFO ### Graph plotting started ==>
2017-01-25 22:51:25,476 generate-graphs, line 120 INFO ### Graph plotting ended ==<
