2017-01-25 21:31:37,118 generate-graphs, line 470 INFO Experiment# 1
2017-01-25 21:31:37,118 generate-graphs, line 472 INFO dim 5
2017-01-25 21:31:37,140 generate-graphs, line 119 INFO ### Graph generation started ==>
2017-01-25 21:31:37,143 generate-graphs, line 166 INFO ### Graph generation ended ==<
2017-01-25 21:31:37,143 generate-graphs, line 91 INFO Degree sequence [3, 3, 3, 3, 3, 3, 3, 3, 3, 3, 3, 3, 3, 3, 3, 3, 3, 3, 3, 3, 3, 3, 3, 3, 3, 3, 3, 3, 3, 3]
2017-01-25 21:31:37,144 generate-graphs, line 92 INFO Degree histogram
2017-01-25 21:31:37,144 generate-graphs, line 99 INFO degree #nodes
2017-01-25 21:31:37,144 generate-graphs, line 101 INFO 3 30
2017-01-25 21:31:37,144 generate-graphs, line 176 INFO ### Labels setting started ==>
2017-01-25 21:31:37,144 generate-graphs, line 222 INFO {('Curtisview', 'Donmouth'): 'L', ('Curtisview', 'New Kathleenhaven'): 'O', ('Curtisview', 'Youngstad'): 'R'}
2017-01-25 21:31:37,144 generate-graphs, line 223 INFO {}
2017-01-25 21:31:37,144 generate-graphs, line 222 INFO {('North Stephanie', 'Curryshire'): 'L', ('North Stephanie', 'Blairmouth'): 'R', ('North Stephanie', 'Kennethfurt'): 'O'}
2017-01-25 21:31:37,144 generate-graphs, line 223 INFO {}
2017-01-25 21:31:37,144 generate-graphs, line 222 INFO {('Hatfieldborough', 'South Theresaview'): 'R', ('Hatfieldborough', 'North Lindsay'): 'L', ('Hatfieldborough', 'Kennethfurt'): 'O'}
2017-01-25 21:31:37,145 generate-graphs, line 223 INFO {}
2017-01-25 21:31:37,145 generate-graphs, line 222 INFO {('Nicoleberg', 'South Charles'): 'L', ('Nicoleberg', 'New Amanda'): 'O', ('Nicoleberg', 'North Lindsay'): 'R'}
2017-01-25 21:31:37,145 generate-graphs, line 223 INFO {}
2017-01-25 21:31:37,145 generate-graphs, line 222 INFO {('Morenoville', 'Lawrencefort'): 'R', ('Morenoville', 'Port Anthony'): 'O', ('Morenoville', 'Curryshire'): 'L'}
2017-01-25 21:31:37,145 generate-graphs, line 223 INFO {}
2017-01-25 21:31:37,145 generate-graphs, line 222 INFO {('Kennethfurt', 'Hatfieldborough'): 'L', ('Kennethfurt', 'North Stephanie'): 'O', ('Kennethfurt', 'Mariafurt'): 'R'}
2017-01-25 21:31:37,145 generate-graphs, line 223 INFO {}
2017-01-25 21:31:37,145 generate-graphs, line 222 INFO {('Williamsport', 'South Theresaview'): 'O', ('Williamsport', 'North Lindsay'): 'R', ('Williamsport', 'Blairmouth'): 'L'}
2017-01-25 21:31:37,145 generate-graphs, line 223 INFO {}
2017-01-25 21:31:37,145 generate-graphs, line 222 INFO {('Philliptown', 'Youngstad'): 'R', ('Philliptown', 'South Charles'): 'L', ('Philliptown', 'Port Jeffrey'): 'O'}
2017-01-25 21:31:37,146 generate-graphs, line 223 INFO {}
2017-01-25 21:31:37,146 generate-graphs, line 222 INFO {('New Kathleenhaven', 'Mariafurt'): 'R', ('New Kathleenhaven', 'South Tiffany'): 'L', ('New Kathleenhaven', 'Curtisview'): 'O'}
2017-01-25 21:31:37,146 generate-graphs, line 223 INFO {}
2017-01-25 21:31:37,146 generate-graphs, line 222 INFO {('South Charles', 'Philliptown'): 'L', ('South Charles', 'Nicoleberg'): 'R', ('South Charles', 'Lake Brandonland'): 'O'}
2017-01-25 21:31:37,146 generate-graphs, line 223 INFO {}
2017-01-25 21:31:37,146 generate-graphs, line 222 INFO {('Lake Gregory', 'Lewischester'): 'O', ('Lake Gregory', 'Lawrencefort'): 'R', ('Lake Gregory', 'Port Claudia'): 'L'}
2017-01-25 21:31:37,146 generate-graphs, line 223 INFO {}
2017-01-25 21:31:37,146 generate-graphs, line 222 INFO {('North Lindsay', 'Williamsport'): 'L', ('North Lindsay', 'Hatfieldborough'): 'O', ('North Lindsay', 'Nicoleberg'): 'R'}
2017-01-25 21:31:37,146 generate-graphs, line 223 INFO {}
2017-01-25 21:31:37,146 generate-graphs, line 222 INFO {('West Jennifer', 'Port Claudia'): 'R', ('West Jennifer', 'New Amanda'): 'O', ('West Jennifer', 'Millerside'): 'L'}
2017-01-25 21:31:37,147 generate-graphs, line 223 INFO {}
2017-01-25 21:31:37,147 generate-graphs, line 222 INFO {('Port Anthony', 'Morenoville'): 'R', ('Port Anthony', 'Blairmouth'): 'L', ('Port Anthony', 'West Baileyview'): 'O'}
2017-01-25 21:31:37,147 generate-graphs, line 223 INFO {}
2017-01-25 21:31:37,147 generate-graphs, line 222 INFO {('Mariafurt', 'Kennethfurt'): 'R', ('Mariafurt', 'New Kathleenhaven'): 'L', ('Mariafurt', 'New Amanda'): 'O'}
2017-01-25 21:31:37,147 generate-graphs, line 223 INFO {}
2017-01-25 21:31:37,147 generate-graphs, line 222 INFO {('Millerside', 'West Baileyview'): 'R', ('Millerside', 'West Jennifer'): 'O', ('Millerside', 'Lawrencefort'): 'L'}
2017-01-25 21:31:37,147 generate-graphs, line 223 INFO {}
2017-01-25 21:31:37,147 generate-graphs, line 222 INFO {('South Theresaview', 'Williamsport'): 'R', ('South Theresaview', 'Lake Brandonland'): 'O', ('South Theresaview', 'Hatfieldborough'): 'L'}
2017-01-25 21:31:37,147 generate-graphs, line 223 INFO {}
2017-01-25 21:31:37,147 generate-graphs, line 222 INFO {('Port Jeffrey', 'Lake Brandonland'): 'L', ('Port Jeffrey', 'West Jared'): 'R', ('Port Jeffrey', 'Philliptown'): 'O'}
2017-01-25 21:31:37,148 generate-graphs, line 223 INFO {}
2017-01-25 21:31:37,148 generate-graphs, line 222 INFO {('West Jared', 'Port Jeffrey'): 'O', ('West Jared', 'Youngstad'): 'R', ('West Jared', 'South Tiffany'): 'L'}
2017-01-25 21:31:37,148 generate-graphs, line 223 INFO {}
2017-01-25 21:31:37,148 generate-graphs, line 222 INFO {('Curryshire', 'Morenoville'): 'O', ('Curryshire', 'West Baileyview'): 'R', ('Curryshire', 'North Stephanie'): 'L'}
2017-01-25 21:31:37,148 generate-graphs, line 223 INFO {}
2017-01-25 21:31:37,148 generate-graphs, line 222 INFO {('Youngstad', 'Philliptown'): 'L', ('Youngstad', 'West Jared'): 'O', ('Youngstad', 'Curtisview'): 'R'}
2017-01-25 21:31:37,148 generate-graphs, line 223 INFO {}
2017-01-25 21:31:37,148 generate-graphs, line 222 INFO {('Donmouth', 'Curtisview'): 'O', ('Donmouth', 'Port Claudia'): 'R', ('Donmouth', 'Lewischester'): 'L'}
2017-01-25 21:31:37,148 generate-graphs, line 223 INFO {}
2017-01-25 21:31:37,148 generate-graphs, line 222 INFO {('Lawrencefort', 'Lake Gregory'): 'L', ('Lawrencefort', 'Morenoville'): 'R', ('Lawrencefort', 'Millerside'): 'O'}
2017-01-25 21:31:37,149 generate-graphs, line 223 INFO {}
2017-01-25 21:31:37,149 generate-graphs, line 222 INFO {('South Tiffany', 'West Jared'): 'O', ('South Tiffany', 'Lewischester'): 'L', ('South Tiffany', 'New Kathleenhaven'): 'R'}
2017-01-25 21:31:37,149 generate-graphs, line 223 INFO {}
2017-01-25 21:31:37,149 generate-graphs, line 222 INFO {('Port Claudia', 'Lake Gregory'): 'R', ('Port Claudia', 'Donmouth'): 'O', ('Port Claudia', 'West Jennifer'): 'L'}
2017-01-25 21:31:37,149 generate-graphs, line 223 INFO {}
2017-01-25 21:31:37,149 generate-graphs, line 222 INFO {('Lewischester', 'Donmouth'): 'O', ('Lewischester', 'South Tiffany'): 'R', ('Lewischester', 'Lake Gregory'): 'L'}
2017-01-25 21:31:37,149 generate-graphs, line 223 INFO {}
2017-01-25 21:31:37,149 generate-graphs, line 222 INFO {('Lake Brandonland', 'South Theresaview'): 'R', ('Lake Brandonland', 'Port Jeffrey'): 'O', ('Lake Brandonland', 'South Charles'): 'L'}
2017-01-25 21:31:37,149 generate-graphs, line 223 INFO {}
2017-01-25 21:31:37,149 generate-graphs, line 222 INFO {('Blairmouth', 'Port Anthony'): 'O', ('Blairmouth', 'North Stephanie'): 'L', ('Blairmouth', 'Williamsport'): 'R'}
2017-01-25 21:31:37,150 generate-graphs, line 223 INFO {}
2017-01-25 21:31:37,150 generate-graphs, line 222 INFO {('West Baileyview', 'Curryshire'): 'O', ('West Baileyview', 'Port Anthony'): 'L', ('West Baileyview', 'Millerside'): 'R'}
2017-01-25 21:31:37,150 generate-graphs, line 223 INFO {}
2017-01-25 21:31:37,150 generate-graphs, line 222 INFO {('New Amanda', 'West Jennifer'): 'L', ('New Amanda', 'Nicoleberg'): 'O', ('New Amanda', 'Mariafurt'): 'R'}
2017-01-25 21:31:37,150 generate-graphs, line 223 INFO {}
2017-01-25 21:31:37,150 generate-graphs, line 377 INFO ### Switches setting started ==>
2017-01-25 21:31:37,151 generate-graphs, line 379 INFO {'Mariafurt': 'R', 'Millerside': 'L', 'Curtisview': 'L', 'North Stephanie': 'R', 'South Theresaview': 'L', 'Hatfieldborough': 'R', 'Nicoleberg': 'L', 'West Jennifer': 'L', 'Morenoville': 'R', 'Kennethfurt': 'R', 'Williamsport': 'L', 'West Jared': 'L', 'Curryshire': 'R', 'Philliptown': 'L', 'New Kathleenhaven': 'R', 'Youngstad': 'L', 'Donmouth': 'L', 'Lawrencefort': 'L', 'South Charles': 'L', 'North Lindsay': 'L', 'South Tiffany': 'R', 'Lake Gregory': 'L', 'Port Claudia': 'R', 'Lewischester': 'R', 'Lake Brandonland': 'R', 'Blairmouth': 'L', 'West Baileyview': 'L', 'New Amanda': 'R', 'Port Jeffrey': 'L', 'Port Anthony': 'R'}
2017-01-25 21:31:37,151 generate-graphs, line 381 INFO ### Switches setting ended ==<
2017-01-25 21:31:37,157 generate-graphs, line 485 ERROR Unable to write file sim-896465-170125-213137-exp-1.gml
2017-01-25 21:31:37,157 generate-graphs, line 388 INFO ### Simulation started ==>
2017-01-25 21:31:37,157 generate-graphs, line 394 INFO timestep: 0
2017-01-25 21:31:37,157 generate-graphs, line 398 INFO visited node: Morenoville
2017-01-25 21:31:37,157 generate-graphs, line 404 INFO timestep: 1
2017-01-25 21:31:37,158 generate-graphs, line 409 INFO switch setting: R
2017-01-25 21:31:37,158 generate-graphs, line 413 INFO considered node: Lawrencefort
2017-01-25 21:31:37,158 generate-graphs, line 430 INFO edge label: R
2017-01-25 21:31:37,158 generate-graphs, line 435 INFO visited node: Lawrencefort
2017-01-25 21:31:37,158 generate-graphs, line 404 INFO timestep: 2
2017-01-25 21:31:37,158 generate-graphs, line 409 INFO switch setting: L
2017-01-25 21:31:37,158 generate-graphs, line 413 INFO considered node: Millerside
2017-01-25 21:31:37,158 generate-graphs, line 413 INFO considered node: Morenoville
2017-01-25 21:31:37,158 generate-graphs, line 413 INFO considered node: Lake Gregory
2017-01-25 21:31:37,158 generate-graphs, line 430 INFO edge label: L
2017-01-25 21:31:37,158 generate-graphs, line 435 INFO visited node: Lake Gregory
2017-01-25 21:31:37,158 generate-graphs, line 404 INFO timestep: 3
2017-01-25 21:31:37,159 generate-graphs, line 409 INFO switch setting: L
2017-01-25 21:31:37,159 generate-graphs, line 413 INFO considered node: Lawrencefort
2017-01-25 21:31:37,159 generate-graphs, line 413 INFO considered node: Lewischester
2017-01-25 21:31:37,159 generate-graphs, line 413 INFO considered node: Port Claudia
2017-01-25 21:31:37,159 generate-graphs, line 430 INFO edge label: L
2017-01-25 21:31:37,159 generate-graphs, line 435 INFO visited node: Port Claudia
2017-01-25 21:31:37,159 generate-graphs, line 404 INFO timestep: 4
2017-01-25 21:31:37,159 generate-graphs, line 409 INFO switch setting: R
2017-01-25 21:31:37,159 generate-graphs, line 413 INFO considered node: West Jennifer
2017-01-25 21:31:37,159 generate-graphs, line 413 INFO considered node: Lake Gregory
2017-01-25 21:31:37,159 generate-graphs, line 430 INFO edge label: R
2017-01-25 21:31:37,159 generate-graphs, line 435 INFO visited node: Lake Gregory
2017-01-25 21:31:37,159 generate-graphs, line 404 INFO timestep: 5
2017-01-25 21:31:37,160 generate-graphs, line 409 INFO switch setting: L
2017-01-25 21:31:37,160 generate-graphs, line 413 INFO considered node: Lawrencefort
2017-01-25 21:31:37,160 generate-graphs, line 413 INFO considered node: Lewischester
2017-01-25 21:31:37,160 generate-graphs, line 413 INFO considered node: Port Claudia
2017-01-25 21:31:37,160 generate-graphs, line 430 INFO edge label: L
2017-01-25 21:31:37,160 generate-graphs, line 435 INFO visited node: Port Claudia
2017-01-25 21:31:37,160 generate-graphs, line 404 INFO timestep: 6
2017-01-25 21:31:37,160 generate-graphs, line 409 INFO switch setting: R
2017-01-25 21:31:37,160 generate-graphs, line 413 INFO considered node: West Jennifer
2017-01-25 21:31:37,160 generate-graphs, line 413 INFO considered node: Lake Gregory
2017-01-25 21:31:37,160 generate-graphs, line 430 INFO edge label: R
2017-01-25 21:31:37,160 generate-graphs, line 435 INFO visited node: Lake Gregory
2017-01-25 21:31:37,161 generate-graphs, line 404 INFO timestep: 7
2017-01-25 21:31:37,161 generate-graphs, line 409 INFO switch setting: L
2017-01-25 21:31:37,161 generate-graphs, line 413 INFO considered node: Lawrencefort
2017-01-25 21:31:37,161 generate-graphs, line 413 INFO considered node: Lewischester
2017-01-25 21:31:37,161 generate-graphs, line 413 INFO considered node: Port Claudia
2017-01-25 21:31:37,161 generate-graphs, line 430 INFO edge label: L
2017-01-25 21:31:37,161 generate-graphs, line 435 INFO visited node: Port Claudia
2017-01-25 21:31:37,161 generate-graphs, line 404 INFO timestep: 8
2017-01-25 21:31:37,161 generate-graphs, line 409 INFO switch setting: R
2017-01-25 21:31:37,161 generate-graphs, line 413 INFO considered node: West Jennifer
2017-01-25 21:31:37,161 generate-graphs, line 413 INFO considered node: Lake Gregory
2017-01-25 21:31:37,161 generate-graphs, line 430 INFO edge label: R
2017-01-25 21:31:37,161 generate-graphs, line 435 INFO visited node: Lake Gregory
2017-01-25 21:31:37,162 generate-graphs, line 404 INFO timestep: 9
2017-01-25 21:31:37,162 generate-graphs, line 409 INFO switch setting: L
2017-01-25 21:31:37,162 generate-graphs, line 413 INFO considered node: Lawrencefort
2017-01-25 21:31:37,162 generate-graphs, line 413 INFO considered node: Lewischester
2017-01-25 21:31:37,162 generate-graphs, line 413 INFO considered node: Port Claudia
2017-01-25 21:31:37,162 generate-graphs, line 430 INFO edge label: L
2017-01-25 21:31:37,162 generate-graphs, line 435 INFO visited node: Port Claudia
2017-01-25 21:31:37,162 generate-graphs, line 404 INFO timestep: 10
2017-01-25 21:31:37,162 generate-graphs, line 409 INFO switch setting: R
2017-01-25 21:31:37,162 generate-graphs, line 413 INFO considered node: West Jennifer
2017-01-25 21:31:37,162 generate-graphs, line 413 INFO considered node: Lake Gregory
2017-01-25 21:31:37,162 generate-graphs, line 430 INFO edge label: R
2017-01-25 21:31:37,163 generate-graphs, line 435 INFO visited node: Lake Gregory
2017-01-25 21:31:37,163 generate-graphs, line 404 INFO timestep: 11
2017-01-25 21:31:37,163 generate-graphs, line 409 INFO switch setting: L
2017-01-25 21:31:37,163 generate-graphs, line 413 INFO considered node: Lawrencefort
2017-01-25 21:31:37,163 generate-graphs, line 413 INFO considered node: Lewischester
2017-01-25 21:31:37,163 generate-graphs, line 413 INFO considered node: Port Claudia
2017-01-25 21:31:37,163 generate-graphs, line 430 INFO edge label: L
2017-01-25 21:31:37,163 generate-graphs, line 435 INFO visited node: Port Claudia
2017-01-25 21:31:37,163 generate-graphs, line 404 INFO timestep: 12
2017-01-25 21:31:37,163 generate-graphs, line 409 INFO switch setting: R
2017-01-25 21:31:37,163 generate-graphs, line 413 INFO considered node: West Jennifer
2017-01-25 21:31:37,163 generate-graphs, line 413 INFO considered node: Lake Gregory
2017-01-25 21:31:37,163 generate-graphs, line 430 INFO edge label: R
2017-01-25 21:31:37,164 generate-graphs, line 435 INFO visited node: Lake Gregory
2017-01-25 21:31:37,164 generate-graphs, line 404 INFO timestep: 13
2017-01-25 21:31:37,164 generate-graphs, line 409 INFO switch setting: L
2017-01-25 21:31:37,164 generate-graphs, line 413 INFO considered node: Lawrencefort
2017-01-25 21:31:37,164 generate-graphs, line 413 INFO considered node: Lewischester
2017-01-25 21:31:37,164 generate-graphs, line 413 INFO considered node: Port Claudia
2017-01-25 21:31:37,164 generate-graphs, line 430 INFO edge label: L
2017-01-25 21:31:37,164 generate-graphs, line 435 INFO visited node: Port Claudia
2017-01-25 21:31:37,164 generate-graphs, line 404 INFO timestep: 14
2017-01-25 21:31:37,164 generate-graphs, line 409 INFO switch setting: R
2017-01-25 21:31:37,164 generate-graphs, line 413 INFO considered node: West Jennifer
2017-01-25 21:31:37,164 generate-graphs, line 413 INFO considered node: Lake Gregory
2017-01-25 21:31:37,164 generate-graphs, line 430 INFO edge label: R
2017-01-25 21:31:37,165 generate-graphs, line 435 INFO visited node: Lake Gregory
2017-01-25 21:31:37,165 generate-graphs, line 404 INFO timestep: 15
2017-01-25 21:31:37,165 generate-graphs, line 409 INFO switch setting: L
2017-01-25 21:31:37,165 generate-graphs, line 413 INFO considered node: Lawrencefort
2017-01-25 21:31:37,165 generate-graphs, line 413 INFO considered node: Lewischester
2017-01-25 21:31:37,165 generate-graphs, line 413 INFO considered node: Port Claudia
2017-01-25 21:31:37,165 generate-graphs, line 430 INFO edge label: L
2017-01-25 21:31:37,165 generate-graphs, line 435 INFO visited node: Port Claudia
2017-01-25 21:31:37,165 generate-graphs, line 404 INFO timestep: 16
2017-01-25 21:31:37,165 generate-graphs, line 409 INFO switch setting: R
2017-01-25 21:31:37,165 generate-graphs, line 413 INFO considered node: West Jennifer
2017-01-25 21:31:37,165 generate-graphs, line 413 INFO considered node: Lake Gregory
2017-01-25 21:31:37,166 generate-graphs, line 430 INFO edge label: R
2017-01-25 21:31:37,166 generate-graphs, line 435 INFO visited node: Lake Gregory
2017-01-25 21:31:37,166 generate-graphs, line 404 INFO timestep: 17
2017-01-25 21:31:37,166 generate-graphs, line 409 INFO switch setting: L
2017-01-25 21:31:37,166 generate-graphs, line 413 INFO considered node: Lawrencefort
2017-01-25 21:31:37,166 generate-graphs, line 413 INFO considered node: Lewischester
2017-01-25 21:31:37,166 generate-graphs, line 413 INFO considered node: Port Claudia
2017-01-25 21:31:37,166 generate-graphs, line 430 INFO edge label: L
2017-01-25 21:31:37,166 generate-graphs, line 435 INFO visited node: Port Claudia
2017-01-25 21:31:37,166 generate-graphs, line 404 INFO timestep: 18
2017-01-25 21:31:37,166 generate-graphs, line 409 INFO switch setting: R
2017-01-25 21:31:37,167 generate-graphs, line 413 INFO considered node: West Jennifer
2017-01-25 21:31:37,167 generate-graphs, line 413 INFO considered node: Lake Gregory
2017-01-25 21:31:37,167 generate-graphs, line 430 INFO edge label: R
2017-01-25 21:31:37,167 generate-graphs, line 435 INFO visited node: Lake Gregory
2017-01-25 21:31:37,167 generate-graphs, line 404 INFO timestep: 19
2017-01-25 21:31:37,167 generate-graphs, line 409 INFO switch setting: L
2017-01-25 21:31:37,167 generate-graphs, line 413 INFO considered node: Lawrencefort
2017-01-25 21:31:37,167 generate-graphs, line 413 INFO considered node: Lewischester
2017-01-25 21:31:37,167 generate-graphs, line 413 INFO considered node: Port Claudia
2017-01-25 21:31:37,167 generate-graphs, line 430 INFO edge label: L
2017-01-25 21:31:37,167 generate-graphs, line 435 INFO visited node: Port Claudia
2017-01-25 21:31:37,167 generate-graphs, line 404 INFO timestep: 20
2017-01-25 21:31:37,167 generate-graphs, line 409 INFO switch setting: R
2017-01-25 21:31:37,168 generate-graphs, line 413 INFO considered node: West Jennifer
2017-01-25 21:31:37,168 generate-graphs, line 413 INFO considered node: Lake Gregory
2017-01-25 21:31:37,168 generate-graphs, line 430 INFO edge label: R
2017-01-25 21:31:37,168 generate-graphs, line 435 INFO visited node: Lake Gregory
2017-01-25 21:31:37,168 generate-graphs, line 404 INFO timestep: 21
2017-01-25 21:31:37,168 generate-graphs, line 409 INFO switch setting: L
2017-01-25 21:31:37,168 generate-graphs, line 413 INFO considered node: Lawrencefort
2017-01-25 21:31:37,168 generate-graphs, line 413 INFO considered node: Lewischester
2017-01-25 21:31:37,168 generate-graphs, line 413 INFO considered node: Port Claudia
2017-01-25 21:31:37,168 generate-graphs, line 430 INFO edge label: L
2017-01-25 21:31:37,168 generate-graphs, line 435 INFO visited node: Port Claudia
2017-01-25 21:31:37,168 generate-graphs, line 404 INFO timestep: 22
2017-01-25 21:31:37,169 generate-graphs, line 409 INFO switch setting: R
2017-01-25 21:31:37,169 generate-graphs, line 413 INFO considered node: West Jennifer
2017-01-25 21:31:37,169 generate-graphs, line 413 INFO considered node: Lake Gregory
2017-01-25 21:31:37,169 generate-graphs, line 430 INFO edge label: R
2017-01-25 21:31:37,169 generate-graphs, line 435 INFO visited node: Lake Gregory
2017-01-25 21:31:37,169 generate-graphs, line 404 INFO timestep: 23
2017-01-25 21:31:37,169 generate-graphs, line 409 INFO switch setting: L
2017-01-25 21:31:37,169 generate-graphs, line 413 INFO considered node: Lawrencefort
2017-01-25 21:31:37,169 generate-graphs, line 413 INFO considered node: Lewischester
2017-01-25 21:31:37,169 generate-graphs, line 413 INFO considered node: Port Claudia
2017-01-25 21:31:37,169 generate-graphs, line 430 INFO edge label: L
2017-01-25 21:31:37,169 generate-graphs, line 435 INFO visited node: Port Claudia
2017-01-25 21:31:37,169 generate-graphs, line 404 INFO timestep: 24
2017-01-25 21:31:37,170 generate-graphs, line 409 INFO switch setting: R
2017-01-25 21:31:37,170 generate-graphs, line 413 INFO considered node: West Jennifer
2017-01-25 21:31:37,170 generate-graphs, line 413 INFO considered node: Lake Gregory
2017-01-25 21:31:37,170 generate-graphs, line 430 INFO edge label: R
2017-01-25 21:31:37,170 generate-graphs, line 435 INFO visited node: Lake Gregory
2017-01-25 21:31:37,170 generate-graphs, line 439 INFO observations: ['R', 'L', 'L', 'R', 'L', 'R', 'L', 'R', 'L', 'R', 'L', 'R', 'L', 'R', 'L', 'R', 'L', 'R', 'L', 'R', 'L', 'R', 'L', 'R']
2017-01-25 21:31:37,180 generate-graphs, line 449 INFO ### Simulation ended ==<
