2017-01-26 19:35:14,098 generategraphs, line 619 INFO Experiment# 0
2017-01-26 19:35:14,099 generategraphs, line 621 INFO dim 3
2017-01-26 19:35:14,107 generategraphs, line 128 INFO ### Graph generation started ==>
2017-01-26 19:35:14,108 generategraphs, line 175 INFO ### Graph generation ended ==<
2017-01-26 19:35:14,108 generategraphs, line 92 INFO Degree sequence [3, 3, 3, 3, 3, 3]
2017-01-26 19:35:14,108 generategraphs, line 93 INFO Degree histogram
2017-01-26 19:35:14,108 generategraphs, line 100 INFO degree #nodes
2017-01-26 19:35:14,108 generategraphs, line 102 INFO 3 6
2017-01-26 19:35:14,108 generategraphs, line 186 INFO ### Labels setting started ==>
2017-01-26 19:35:14,108 generategraphs, line 234 INFO {('Melissastad', 'East Charlene'): 'L', ('Melissastad', 'South Jacquelineside'): 'O', ('Melissastad', 'Caseyberg'): 'R'}
2017-01-26 19:35:14,108 generategraphs, line 235 INFO {}
2017-01-26 19:35:14,108 generategraphs, line 234 INFO {('South Jacquelineside', 'Melissastad'): 'L', ('South Jacquelineside', 'Harrisonview'): 'R', ('South Jacquelineside', 'Caseyberg'): 'O'}
2017-01-26 19:35:14,109 generategraphs, line 235 INFO {}
2017-01-26 19:35:14,109 generategraphs, line 234 INFO {('East Charlene', 'Harrisonview'): 'R', ('East Charlene', 'North Steven'): 'L', ('East Charlene', 'Melissastad'): 'O'}
2017-01-26 19:35:14,109 generategraphs, line 235 INFO {}
2017-01-26 19:35:14,109 generategraphs, line 234 INFO {('Harrisonview', 'North Steven'): 'L', ('Harrisonview', 'East Charlene'): 'R', ('Harrisonview', 'South Jacquelineside'): 'O'}
2017-01-26 19:35:14,109 generategraphs, line 235 INFO {}
2017-01-26 19:35:14,109 generategraphs, line 234 INFO {('Caseyberg', 'Melissastad'): 'L', ('Caseyberg', 'North Steven'): 'R', ('Caseyberg', 'South Jacquelineside'): 'O'}
2017-01-26 19:35:14,109 generategraphs, line 235 INFO {}
2017-01-26 19:35:14,109 generategraphs, line 234 INFO {('North Steven', 'Caseyberg'): 'O', ('North Steven', 'East Charlene'): 'R', ('North Steven', 'Harrisonview'): 'L'}
2017-01-26 19:35:14,109 generategraphs, line 235 INFO {}
2017-01-26 19:35:14,109 generategraphs, line 386 INFO ### Labels setting ended ==<
2017-01-26 19:35:14,109 generategraphs, line 393 INFO ### Switches setting started ==>
2017-01-26 19:35:14,110 generategraphs, line 395 INFO {'Melissastad': 'L', 'South Jacquelineside': 'L', 'East Charlene': 'R', 'Harrisonview': 'L', 'Caseyberg': 'R', 'North Steven': 'L'}
2017-01-26 19:35:14,110 generategraphs, line 397 INFO ### Switches setting ended ==<
2017-01-26 19:35:14,116 generategraphs, line 642 ERROR Unable to write file sim-569555-170126-193514-exp-0.gml
2017-01-26 19:35:14,117 generategraphs, line 493 INFO ### Simulation started ==>
2017-01-26 19:35:14,117 generategraphs, line 511 INFO timestep: 0
2017-01-26 19:35:14,117 generategraphs, line 515 INFO timestep: 0, next node: Harrisonview
2017-01-26 19:35:14,117 generategraphs, line 527 INFO timestep: 0, edge: ('Harrisonview', 'South Jacquelineside'), correct label: O, emitted label: O
2017-01-26 19:35:14,117 generategraphs, line 537 INFO timestep: 0, switch setting: L @ node: Harrisonview
2017-01-26 19:35:14,117 generategraphs, line 546 INFO timestep: 0, considered node: South Jacquelineside
2017-01-26 19:35:14,117 generategraphs, line 546 INFO timestep: 0, considered node: East Charlene
2017-01-26 19:35:14,117 generategraphs, line 546 INFO timestep: 0, considered node: North Steven
2017-01-26 19:35:14,117 generategraphs, line 564 INFO next edge: ('Harrisonview', 'North Steven'), correct label: L, emitted label: L
2017-01-26 19:35:14,118 generategraphs, line 579 INFO timestep: 0, next node: North Steven
2017-01-26 19:35:14,118 generategraphs, line 511 INFO timestep: 0
2017-01-26 19:35:14,118 generategraphs, line 515 INFO timestep: 1, next node: North Steven
2017-01-26 19:35:14,118 generategraphs, line 527 INFO timestep: 1, edge: ('Harrisonview', 'North Steven'), correct label: L, emitted label: L
2017-01-26 19:35:14,118 generategraphs, line 537 INFO timestep: 1, switch setting: L @ node: North Steven
2017-01-26 19:35:14,118 generategraphs, line 546 INFO timestep: 1, considered node: Harrisonview
2017-01-26 19:35:14,118 generategraphs, line 546 INFO timestep: 1, considered node: Caseyberg
2017-01-26 19:35:14,118 generategraphs, line 564 INFO next edge: ('North Steven', 'Caseyberg'), correct label: O, emitted label: O
2017-01-26 19:35:14,118 generategraphs, line 579 INFO timestep: 1, next node: Caseyberg
2017-01-26 19:35:14,118 generategraphs, line 511 INFO timestep: 0
2017-01-26 19:35:14,118 generategraphs, line 515 INFO timestep: 2, next node: Caseyberg
2017-01-26 19:35:14,119 generategraphs, line 527 INFO timestep: 2, edge: ('North Steven', 'Caseyberg'), correct label: R, emitted label: R
2017-01-26 19:35:14,119 generategraphs, line 537 INFO timestep: 2, switch setting: R @ node: Caseyberg
2017-01-26 19:35:14,119 generategraphs, line 546 INFO timestep: 2, considered node: Melissastad
2017-01-26 19:35:14,119 generategraphs, line 546 INFO timestep: 2, considered node: South Jacquelineside
2017-01-26 19:35:14,119 generategraphs, line 564 INFO next edge: ('Caseyberg', 'South Jacquelineside'), correct label: O, emitted label: O
2017-01-26 19:35:14,119 generategraphs, line 579 INFO timestep: 2, next node: South Jacquelineside
2017-01-26 19:35:14,119 generategraphs, line 511 INFO timestep: 0
2017-01-26 19:35:14,119 generategraphs, line 515 INFO timestep: 3, next node: South Jacquelineside
2017-01-26 19:35:14,119 generategraphs, line 527 INFO timestep: 3, edge: ('Caseyberg', 'South Jacquelineside'), correct label: O, emitted label: O
2017-01-26 19:35:14,119 generategraphs, line 537 INFO timestep: 3, switch setting: L @ node: South Jacquelineside
2017-01-26 19:35:14,119 generategraphs, line 546 INFO timestep: 3, considered node: Melissastad
2017-01-26 19:35:14,119 generategraphs, line 564 INFO next edge: ('South Jacquelineside', 'Melissastad'), correct label: L, emitted label: L
2017-01-26 19:35:14,120 generategraphs, line 579 INFO timestep: 3, next node: Melissastad
2017-01-26 19:35:14,120 generategraphs, line 511 INFO timestep: 0
2017-01-26 19:35:14,120 generategraphs, line 515 INFO timestep: 4, next node: Melissastad
2017-01-26 19:35:14,120 generategraphs, line 527 INFO timestep: 4, edge: ('South Jacquelineside', 'Melissastad'), correct label: O, emitted label: O
2017-01-26 19:35:14,120 generategraphs, line 537 INFO timestep: 4, switch setting: L @ node: Melissastad
2017-01-26 19:35:14,120 generategraphs, line 546 INFO timestep: 4, considered node: South Jacquelineside
2017-01-26 19:35:14,120 generategraphs, line 546 INFO timestep: 4, considered node: Caseyberg
2017-01-26 19:35:14,120 generategraphs, line 546 INFO timestep: 4, considered node: East Charlene
2017-01-26 19:35:14,120 generategraphs, line 564 INFO next edge: ('Melissastad', 'East Charlene'), correct label: L, emitted label: L
2017-01-26 19:35:14,120 generategraphs, line 579 INFO timestep: 4, next node: East Charlene
2017-01-26 19:35:14,120 generategraphs, line 511 INFO timestep: 0
2017-01-26 19:35:14,120 generategraphs, line 515 INFO timestep: 5, next node: East Charlene
2017-01-26 19:35:14,121 generategraphs, line 527 INFO timestep: 5, edge: ('Melissastad', 'East Charlene'), correct label: O, emitted label: O
2017-01-26 19:35:14,121 generategraphs, line 537 INFO timestep: 5, switch setting: R @ node: East Charlene
2017-01-26 19:35:14,121 generategraphs, line 546 INFO timestep: 5, considered node: Melissastad
2017-01-26 19:35:14,121 generategraphs, line 546 INFO timestep: 5, considered node: Harrisonview
2017-01-26 19:35:14,121 generategraphs, line 564 INFO next edge: ('East Charlene', 'Harrisonview'), correct label: R, emitted label: R
2017-01-26 19:35:14,121 generategraphs, line 579 INFO timestep: 5, next node: Harrisonview
2017-01-26 19:35:14,121 generategraphs, line 511 INFO timestep: 0
2017-01-26 19:35:14,121 generategraphs, line 515 INFO timestep: 6, next node: Harrisonview
2017-01-26 19:35:14,121 generategraphs, line 527 INFO timestep: 6, edge: ('East Charlene', 'Harrisonview'), correct label: R, emitted label: R
2017-01-26 19:35:14,121 generategraphs, line 537 INFO timestep: 6, switch setting: L @ node: Harrisonview
2017-01-26 19:35:14,121 generategraphs, line 546 INFO timestep: 6, considered node: South Jacquelineside
2017-01-26 19:35:14,122 generategraphs, line 564 INFO next edge: ('Harrisonview', 'South Jacquelineside'), correct label: O, emitted label: O
2017-01-26 19:35:14,122 generategraphs, line 579 INFO timestep: 6, next node: South Jacquelineside
2017-01-26 19:35:14,122 generategraphs, line 511 INFO timestep: 0
2017-01-26 19:35:14,122 generategraphs, line 515 INFO timestep: 7, next node: South Jacquelineside
2017-01-26 19:35:14,122 generategraphs, line 527 INFO timestep: 7, edge: ('Harrisonview', 'South Jacquelineside'), correct label: R, emitted label: R
2017-01-26 19:35:14,122 generategraphs, line 537 INFO timestep: 7, switch setting: L @ node: South Jacquelineside
2017-01-26 19:35:14,122 generategraphs, line 546 INFO timestep: 7, considered node: Melissastad
2017-01-26 19:35:14,122 generategraphs, line 546 INFO timestep: 7, considered node: Harrisonview
2017-01-26 19:35:14,122 generategraphs, line 546 INFO timestep: 7, considered node: Caseyberg
2017-01-26 19:35:14,122 generategraphs, line 564 INFO next edge: ('South Jacquelineside', 'Caseyberg'), correct label: O, emitted label: L
2017-01-26 19:35:14,122 generategraphs, line 579 INFO timestep: 7, next node: Caseyberg
2017-01-26 19:35:14,122 generategraphs, line 511 INFO timestep: 0
2017-01-26 19:35:14,123 generategraphs, line 515 INFO timestep: 8, next node: Caseyberg
2017-01-26 19:35:14,123 generategraphs, line 527 INFO timestep: 8, edge: ('South Jacquelineside', 'Caseyberg'), correct label: O, emitted label: O
2017-01-26 19:35:14,123 generategraphs, line 537 INFO timestep: 8, switch setting: R @ node: Caseyberg
2017-01-26 19:35:14,123 generategraphs, line 546 INFO timestep: 8, considered node: Melissastad
2017-01-26 19:35:14,123 generategraphs, line 546 INFO timestep: 8, considered node: South Jacquelineside
2017-01-26 19:35:14,123 generategraphs, line 546 INFO timestep: 8, considered node: North Steven
2017-01-26 19:35:14,123 generategraphs, line 564 INFO next edge: ('Caseyberg', 'North Steven'), correct label: R, emitted label: R
2017-01-26 19:35:14,123 generategraphs, line 579 INFO timestep: 8, next node: North Steven
2017-01-26 19:35:14,123 generategraphs, line 511 INFO timestep: 0
2017-01-26 19:35:14,123 generategraphs, line 515 INFO timestep: 9, next node: North Steven
2017-01-26 19:35:14,123 generategraphs, line 527 INFO timestep: 9, edge: ('Caseyberg', 'North Steven'), correct label: O, emitted label: O
2017-01-26 19:35:14,123 generategraphs, line 537 INFO timestep: 9, switch setting: L @ node: North Steven
2017-01-26 19:35:14,124 generategraphs, line 546 INFO timestep: 9, considered node: Harrisonview
2017-01-26 19:35:14,124 generategraphs, line 564 INFO next edge: ('North Steven', 'Harrisonview'), correct label: L, emitted label: L
2017-01-26 19:35:14,124 generategraphs, line 579 INFO timestep: 9, next node: Harrisonview
2017-01-26 19:35:14,124 generategraphs, line 586 INFO observations: ['O', 'L', 'L', 'O', 'R', 'O', 'O', 'L', 'O', 'L', 'O', 'R', 'R', 'O', 'R', 'L', 'O', 'R', 'O', 'L']
2017-01-26 19:35:14,135 generategraphs, line 596 INFO ### Simulation ended ==<
2017-01-26 19:35:14,138 generategraphs, line 106 INFO ### Graph plotting started ==>
2017-01-26 19:35:16,894 generategraphs, line 122 INFO ### Graph plotting ended ==<
